[0.089s] Invoking command in '/home/xinchen/Dev/Meta-ROS/build/can_driver': CMAKE_PREFIX_PATH=/opt/ros/foxy /usr/bin/cmake --build /home/xinchen/Dev/Meta-ROS/build/can_driver -- -j6 -l6
[0.186s] Invoked command in '/home/xinchen/Dev/Meta-ROS/build/can_driver' returned '0': CMAKE_PREFIX_PATH=/opt/ros/foxy /usr/bin/cmake --build /home/xinchen/Dev/Meta-ROS/build/can_driver -- -j6 -l6
[0.409s] Invoking command in '/home/xinchen/Dev/Meta-ROS/build/can_driver': CMAKE_PREFIX_PATH=/opt/ros/foxy /usr/bin/cmake --install /home/xinchen/Dev/Meta-ROS/build/can_driver
[0.430s] -- Install configuration: ""
[0.430s] -- Up-to-date: /home/xinchen/Dev/Meta-ROS/install/can_driver/share/ament_index/resource_index/package_run_dependencies/can_driver
[0.431s] -- Up-to-date: /home/xinchen/Dev/Meta-ROS/install/can_driver/share/ament_index/resource_index/parent_prefix_path/can_driver
[0.431s] -- Up-to-date: /home/xinchen/Dev/Meta-ROS/install/can_driver/share/can_driver/environment/ament_prefix_path.sh
[0.432s] -- Up-to-date: /home/xinchen/Dev/Meta-ROS/install/can_driver/share/can_driver/environment/ament_prefix_path.dsv
[0.432s] -- Up-to-date: /home/xinchen/Dev/Meta-ROS/install/can_driver/share/can_driver/environment/path.sh
[0.433s] -- Up-to-date: /home/xinchen/Dev/Meta-ROS/install/can_driver/share/can_driver/environment/path.dsv
[0.433s] -- Up-to-date: /home/xinchen/Dev/Meta-ROS/install/can_driver/share/can_driver/local_setup.bash
[0.434s] -- Up-to-date: /home/xinchen/Dev/Meta-ROS/install/can_driver/share/can_driver/local_setup.sh
[0.434s] -- Up-to-date: /home/xinchen/Dev/Meta-ROS/install/can_driver/share/can_driver/local_setup.zsh
[0.435s] -- Up-to-date: /home/xinchen/Dev/Meta-ROS/install/can_driver/share/can_driver/local_setup.dsv
[0.435s] -- Installing: /home/xinchen/Dev/Meta-ROS/install/can_driver/share/can_driver/package.dsv
[0.436s] -- Up-to-date: /home/xinchen/Dev/Meta-ROS/install/can_driver/share/ament_index/resource_index/packages/can_driver
[0.437s] -- Up-to-date: /home/xinchen/Dev/Meta-ROS/install/can_driver/share/can_driver/cmake/can_driverConfig.cmake
[0.437s] -- Up-to-date: /home/xinchen/Dev/Meta-ROS/install/can_driver/share/can_driver/cmake/can_driverConfig-version.cmake
[0.438s] -- Up-to-date: /home/xinchen/Dev/Meta-ROS/install/can_driver/share/can_driver/package.xml
[0.452s] Invoked command in '/home/xinchen/Dev/Meta-ROS/build/can_driver' returned '0': CMAKE_PREFIX_PATH=/opt/ros/foxy /usr/bin/cmake --install /home/xinchen/Dev/Meta-ROS/build/can_driver
