[0.054s] Invoking command in '/home/xinchen/Dev/Meta-ROS/build/lidar_driver': CMAKE_PREFIX_PATH=/opt/ros/foxy /usr/bin/cmake --build /home/xinchen/Dev/Meta-ROS/build/lidar_driver -- -j6 -l6
[0.112s] -- Found ament_cmake: 0.9.12 (/opt/ros/foxy/share/ament_cmake/cmake)
[0.159s] -- Using PYTHON_EXECUTABLE: /usr/bin/python3
[0.608s] -- Found std_msgs: 2.0.5 (/opt/ros/foxy/share/std_msgs/cmake)
[0.647s] -- Using all available rosidl_typesupport_c: rosidl_typesupport_fastrtps_c;rosidl_typesupport_introspection_c
[0.653s] -- Found rosidl_adapter: 1.3.1 (/opt/ros/foxy/share/rosidl_adapter/cmake)
[0.899s] -- Using all available rosidl_typesupport_cpp: rosidl_typesupport_fastrtps_cpp;rosidl_typesupport_introspection_cpp
[0.979s] -- Found rclcpp: 2.4.3 (/opt/ros/foxy/share/rclcpp/cmake)
[1.044s] -- Found rmw_implementation_cmake: 1.0.4 (/opt/ros/foxy/share/rmw_implementation_cmake/cmake)
[1.046s] -- Using RMW implementation 'rmw_fastrtps_cpp' as default
[1.291s] -- Found ament_lint_auto: 0.9.8 (/opt/ros/foxy/share/ament_lint_auto/cmake)
[1.447s] -- Added test 'copyright' to check source files copyright and LICENSE
[1.448s] -- Added test 'cppcheck' to perform static code analysis on C / C++ code
[1.449s] -- Configured cppcheck include dirs: 
[1.449s] -- Configured cppcheck exclude dirs and/or files: 
[1.450s] -- Added test 'cpplint' to check C / C++ code against the Google style
[1.450s] -- Configured cpplint exclude dirs and/or files: 
[1.451s] -- Added test 'lint_cmake' to check CMake code style
[1.453s] -- Added test 'uncrustify' to check C / C++ code style
[1.453s] -- Configured uncrustify additional arguments: 
[1.454s] -- Added test 'xmllint' to check XML markup files
[1.460s] -- Configuring done
[1.479s] -- Generating done
[1.484s] -- Build files have been written to: /home/xinchen/Dev/Meta-ROS/build/lidar_driver
[1.547s] [35m[1mScanning dependencies of target lidar_driver[0m
[1.609s] [ 50%] [32mBuilding CXX object CMakeFiles/lidar_driver.dir/src/lidar_driver.cpp.o[0m
[1.852s] [01m[K/home/xinchen/Dev/Meta-ROS/src/lidar_driver/src/lidar_driver.cpp:2:10:[m[K [01;31m[Kfatal error: [m[Kserial/serial.h: No such file or directory
[1.853s]     2 | #include [01;31m[K<serial/serial.h>[m[K
[1.853s]       |          [01;31m[K^~~~~~~~~~~~~~~~~[m[K
[1.853s] compilation terminated.
[1.860s] make[2]: *** [CMakeFiles/lidar_driver.dir/build.make:63: CMakeFiles/lidar_driver.dir/src/lidar_driver.cpp.o] Error 1
[1.861s] make[1]: *** [CMakeFiles/Makefile2:105: CMakeFiles/lidar_driver.dir/all] Error 2
[1.861s] make: *** [Makefile:141: all] Error 2
[1.867s] Invoked command in '/home/xinchen/Dev/Meta-ROS/build/lidar_driver' returned '2': CMAKE_PREFIX_PATH=/opt/ros/foxy /usr/bin/cmake --build /home/xinchen/Dev/Meta-ROS/build/lidar_driver -- -j6 -l6
