[0.077s] Invoking command in '/home/xinchen/Dev/Meta-ROS/build/can_interfaces': CMAKE_PREFIX_PATH=/opt/ros/foxy /usr/bin/cmake /home/xinchen/Dev/Meta-ROS/src/can_interfaces -DCMAKE_EXPORT_COMPILE_COMMANDS=On -DCMAKE_INSTALL_PREFIX=/home/xinchen/Dev/Meta-ROS/install/can_interfaces
[0.103s] -- Found ament_cmake: 0.9.12 (/opt/ros/foxy/share/ament_cmake/cmake)
[0.151s] -- Found PythonInterp: /usr/bin/python3 (found suitable version "3.8.10", minimum required is "3") 
[0.152s] -- Using PYTHON_EXECUTABLE: /usr/bin/python3
[0.603s] -- Found rosidl_default_generators: 1.0.1 (/opt/ros/foxy/share/rosidl_default_generators/cmake)
[0.606s] -- Using all available rosidl_typesupport_c: rosidl_typesupport_fastrtps_c;rosidl_typesupport_introspection_c
[0.612s] -- Found rosidl_adapter: 1.3.1 (/opt/ros/foxy/share/rosidl_adapter/cmake)
[0.886s] -- Using all available rosidl_typesupport_cpp: rosidl_typesupport_fastrtps_cpp;rosidl_typesupport_introspection_cpp
[0.973s] -- Found PythonInterp: /usr/bin/python3 (found version "3.8.10") 
[1.352s] CMake Error at /opt/ros/foxy/share/rosidl_adapter/cmake/rosidl_adapt_interfaces.cmake:60 (message):
[1.352s]   execute_process(/usr/bin/python3 -m rosidl_adapter --package-name
[1.352s]   can_interfaces --arguments-file
[1.352s]   /home/xinchen/Dev/Meta-ROS/build/can_interfaces/rosidl_adapter__arguments__can_interfaces.json
[1.352s]   --output-dir
[1.353s]   /home/xinchen/Dev/Meta-ROS/build/can_interfaces/rosidl_adapter/can_interfaces
[1.353s]   --output-file
[1.353s]   /home/xinchen/Dev/Meta-ROS/build/can_interfaces/rosidl_adapter/can_interfaces.idls)
[1.353s]   returned error code 1:
[1.353s] 
[1.353s]   Error processing 'float32 Kp' of 'can_interfaces/MITData': ''Kp' is an
[1.353s]   invalid field name.  It should have the pattern
[1.354s]   '^(?!.*__)(?!.*_$)[a-z][a-z0-9_]*$''
[1.354s] 
[1.354s]   Traceback (most recent call last):
[1.354s] 
[1.354s]     File "/usr/lib/python3.8/runpy.py", line 194, in _run_module_as_main
[1.354s]       return _run_code(code, main_globals, None,
[1.354s]     File "/usr/lib/python3.8/runpy.py", line 87, in _run_code
[1.355s]       exec(code, run_globals)
[1.355s]     File "/opt/ros/foxy/lib/python3.8/site-packages/rosidl_adapter/__main__.py", line 19, in <module>
[1.355s]       sys.exit(main())
[1.355s]     File "/opt/ros/foxy/lib/python3.8/site-packages/rosidl_adapter/main.py", line 53, in main
[1.355s]       abs_idl_file = convert_to_idl(
[1.355s]     File "/opt/ros/foxy/lib/python3.8/site-packages/rosidl_adapter/__init__.py", line 19, in convert_to_idl
[1.355s]       return convert_msg_to_idl(
[1.356s]     File "/opt/ros/foxy/lib/python3.8/site-packages/rosidl_adapter/msg/__init__.py", line 28, in convert_msg_to_idl
[1.356s]       msg = parse_message_string(package_name, input_file.stem, content)
[1.356s]     File "/opt/ros/foxy/lib/python3.8/site-packages/rosidl_adapter/parser.py", line 515, in parse_message_string
[1.356s]       fields.append(Field(
[1.356s]     File "/opt/ros/foxy/lib/python3.8/site-packages/rosidl_adapter/parser.py", line 353, in __init__
[1.356s]       raise NameError(
[1.356s] 
[1.356s]   NameError: 'Kp' is an invalid field name.  It should have the pattern
[1.357s]   '^(?!.*__)(?!.*_$)[a-z][a-z0-9_]*$'
[1.357s] 
[1.357s] Call Stack (most recent call first):
[1.357s]   /opt/ros/foxy/share/rosidl_cmake/cmake/rosidl_generate_interfaces.cmake:130 (rosidl_adapt_interfaces)
[1.357s]   CMakeLists.txt:25 (rosidl_generate_interfaces)
[1.357s] 
[1.357s] 
[1.357s] -- Configuring incomplete, errors occurred!
[1.358s] See also "/home/xinchen/Dev/Meta-ROS/build/can_interfaces/CMakeFiles/CMakeOutput.log".
[1.378s] Invoked command in '/home/xinchen/Dev/Meta-ROS/build/can_interfaces' returned '1': CMAKE_PREFIX_PATH=/opt/ros/foxy /usr/bin/cmake /home/xinchen/Dev/Meta-ROS/src/can_interfaces -DCMAKE_EXPORT_COMPILE_COMMANDS=On -DCMAKE_INSTALL_PREFIX=/home/xinchen/Dev/Meta-ROS/install/can_interfaces
