[0.070s] Invoking command in '/home/xinchen/Dev/Meta-ROS/build/can_interfaces': CMAKE_PREFIX_PATH=/opt/ros/foxy /usr/bin/cmake --build /home/xinchen/Dev/Meta-ROS/build/can_interfaces -- -j6 -l6
[0.193s] [  5%] Built target can_interfaces__cpp
[0.193s] [ 12%] Built target can_interfaces__rosidl_generator_c
[0.257s] [ 27%] Built target can_interfaces__rosidl_typesupport_introspection_cpp
[0.258s] [ 34%] Built target can_interfaces__rosidl_typesupport_fastrtps_cpp
[0.273s] [ 45%] Built target can_interfaces__rosidl_typesupport_c
[0.280s] [ 56%] Built target can_interfaces__rosidl_typesupport_introspection_c
[0.303s] [ 67%] Built target can_interfaces__rosidl_typesupport_cpp
[0.331s] [ 78%] Built target can_interfaces__rosidl_typesupport_fastrtps_c
[0.442s] [ 78%] Built target can_interfaces
[0.492s] [ 80%] Built target can_interfaces__py
[0.551s] [ 89%] Built target can_interfaces__python
[0.605s] [100%] Built target can_interfaces__rosidl_typesupport_introspection_c__pyext
[0.605s] [100%] Built target can_interfaces__rosidl_typesupport_fastrtps_c__pyext
[0.606s] [100%] Built target can_interfaces__rosidl_typesupport_c__pyext
[0.636s] Invoked command in '/home/xinchen/Dev/Meta-ROS/build/can_interfaces' returned '0': CMAKE_PREFIX_PATH=/opt/ros/foxy /usr/bin/cmake --build /home/xinchen/Dev/Meta-ROS/build/can_interfaces -- -j6 -l6
[0.839s] Invoking command in '/home/xinchen/Dev/Meta-ROS/build/can_interfaces': CMAKE_PREFIX_PATH=/opt/ros/foxy /usr/bin/cmake --install /home/xinchen/Dev/Meta-ROS/build/can_interfaces
[0.865s] -- Install configuration: ""
[0.865s] -- Up-to-date: /home/xinchen/Dev/Meta-ROS/install/can_interfaces/share/ament_index/resource_index/rosidl_interfaces/can_interfaces
[0.866s] -- Up-to-date: /home/xinchen/Dev/Meta-ROS/install/can_interfaces/include/can_interfaces
[0.866s] -- Up-to-date: /home/xinchen/Dev/Meta-ROS/install/can_interfaces/include/can_interfaces/msg
[0.866s] -- Up-to-date: /home/xinchen/Dev/Meta-ROS/install/can_interfaces/include/can_interfaces/msg/vel_data.h
[0.866s] -- Up-to-date: /home/xinchen/Dev/Meta-ROS/install/can_interfaces/include/can_interfaces/msg/detail
[0.866s] -- Up-to-date: /home/xinchen/Dev/Meta-ROS/install/can_interfaces/include/can_interfaces/msg/detail/pos_vel_data__functions.c
[0.866s] -- Up-to-date: /home/xinchen/Dev/Meta-ROS/install/can_interfaces/include/can_interfaces/msg/detail/vel_data__functions.h
[0.867s] -- Up-to-date: /home/xinchen/Dev/Meta-ROS/install/can_interfaces/include/can_interfaces/msg/detail/mit_data__struct.h
[0.867s] -- Up-to-date: /home/xinchen/Dev/Meta-ROS/install/can_interfaces/include/can_interfaces/msg/detail/pos_vel_data__functions.h
[0.867s] -- Up-to-date: /home/xinchen/Dev/Meta-ROS/install/can_interfaces/include/can_interfaces/msg/detail/feedback__functions.h
[0.867s] -- Up-to-date: /home/xinchen/Dev/Meta-ROS/install/can_interfaces/include/can_interfaces/msg/detail/vel_data__struct.h
[0.867s] -- Up-to-date: /home/xinchen/Dev/Meta-ROS/install/can_interfaces/include/can_interfaces/msg/detail/vel_data__type_support.h
[0.867s] -- Up-to-date: /home/xinchen/Dev/Meta-ROS/install/can_interfaces/include/can_interfaces/msg/detail/mit_data__functions.h
[0.867s] -- Up-to-date: /home/xinchen/Dev/Meta-ROS/install/can_interfaces/include/can_interfaces/msg/detail/feedback__struct.h
[0.868s] -- Up-to-date: /home/xinchen/Dev/Meta-ROS/install/can_interfaces/include/can_interfaces/msg/detail/pos_vel_data__struct.h
[0.868s] -- Up-to-date: /home/xinchen/Dev/Meta-ROS/install/can_interfaces/include/can_interfaces/msg/detail/mit_data__functions.c
[0.868s] -- Up-to-date: /home/xinchen/Dev/Meta-ROS/install/can_interfaces/include/can_interfaces/msg/detail/mit_data__type_support.h
[0.868s] -- Up-to-date: /home/xinchen/Dev/Meta-ROS/install/can_interfaces/include/can_interfaces/msg/detail/feedback__functions.c
[0.868s] -- Up-to-date: /home/xinchen/Dev/Meta-ROS/install/can_interfaces/include/can_interfaces/msg/detail/pos_vel_data__type_support.h
[0.868s] -- Up-to-date: /home/xinchen/Dev/Meta-ROS/install/can_interfaces/include/can_interfaces/msg/detail/feedback__type_support.h
[0.870s] -- Up-to-date: /home/xinchen/Dev/Meta-ROS/install/can_interfaces/include/can_interfaces/msg/detail/vel_data__functions.c
[0.870s] -- Up-to-date: /home/xinchen/Dev/Meta-ROS/install/can_interfaces/include/can_interfaces/msg/mit_data.h
[0.870s] -- Up-to-date: /home/xinchen/Dev/Meta-ROS/install/can_interfaces/include/can_interfaces/msg/rosidl_generator_c__visibility_control.h
[0.871s] -- Up-to-date: /home/xinchen/Dev/Meta-ROS/install/can_interfaces/include/can_interfaces/msg/feedback.h
[0.871s] -- Up-to-date: /home/xinchen/Dev/Meta-ROS/install/can_interfaces/include/can_interfaces/msg/pos_vel_data.h
[0.871s] -- Up-to-date: /home/xinchen/Dev/Meta-ROS/install/can_interfaces/share/can_interfaces/environment/library_path.sh
[0.871s] -- Up-to-date: /home/xinchen/Dev/Meta-ROS/install/can_interfaces/share/can_interfaces/environment/library_path.dsv
[0.871s] -- Up-to-date: /home/xinchen/Dev/Meta-ROS/install/can_interfaces/lib/libcan_interfaces__rosidl_generator_c.so
[0.871s] -- Up-to-date: /home/xinchen/Dev/Meta-ROS/install/can_interfaces/include/can_interfaces
[0.872s] -- Up-to-date: /home/xinchen/Dev/Meta-ROS/install/can_interfaces/include/can_interfaces/msg
[0.872s] -- Up-to-date: /home/xinchen/Dev/Meta-ROS/install/can_interfaces/include/can_interfaces/msg/detail
[0.872s] -- Up-to-date: /home/xinchen/Dev/Meta-ROS/install/can_interfaces/include/can_interfaces/msg/detail/mit_data__rosidl_typesupport_fastrtps_c.h
[0.872s] -- Up-to-date: /home/xinchen/Dev/Meta-ROS/install/can_interfaces/include/can_interfaces/msg/detail/feedback__rosidl_typesupport_fastrtps_c.h
[0.872s] -- Up-to-date: /home/xinchen/Dev/Meta-ROS/install/can_interfaces/include/can_interfaces/msg/detail/pos_vel_data__rosidl_typesupport_fastrtps_c.h
[0.873s] -- Up-to-date: /home/xinchen/Dev/Meta-ROS/install/can_interfaces/include/can_interfaces/msg/detail/vel_data__rosidl_typesupport_fastrtps_c.h
[0.873s] -- Up-to-date: /home/xinchen/Dev/Meta-ROS/install/can_interfaces/include/can_interfaces/msg/rosidl_typesupport_fastrtps_c__visibility_control.h
[0.873s] -- Up-to-date: /home/xinchen/Dev/Meta-ROS/install/can_interfaces/lib/libcan_interfaces__rosidl_typesupport_fastrtps_c.so
[0.873s] -- Up-to-date: /home/xinchen/Dev/Meta-ROS/install/can_interfaces/include/can_interfaces
[0.874s] -- Up-to-date: /home/xinchen/Dev/Meta-ROS/install/can_interfaces/include/can_interfaces/msg
[0.874s] -- Up-to-date: /home/xinchen/Dev/Meta-ROS/install/can_interfaces/include/can_interfaces/msg/detail
[0.874s] -- Up-to-date: /home/xinchen/Dev/Meta-ROS/install/can_interfaces/include/can_interfaces/msg/detail/feedback__rosidl_typesupport_fastrtps_cpp.hpp
[0.874s] -- Up-to-date: /home/xinchen/Dev/Meta-ROS/install/can_interfaces/include/can_interfaces/msg/detail/vel_data__rosidl_typesupport_fastrtps_cpp.hpp
[0.874s] -- Up-to-date: /home/xinchen/Dev/Meta-ROS/install/can_interfaces/include/can_interfaces/msg/detail/pos_vel_data__rosidl_typesupport_fastrtps_cpp.hpp
[0.875s] -- Up-to-date: /home/xinchen/Dev/Meta-ROS/install/can_interfaces/include/can_interfaces/msg/detail/dds_fastrtps
[0.875s] -- Up-to-date: /home/xinchen/Dev/Meta-ROS/install/can_interfaces/include/can_interfaces/msg/detail/mit_data__rosidl_typesupport_fastrtps_cpp.hpp
[0.875s] -- Up-to-date: /home/xinchen/Dev/Meta-ROS/install/can_interfaces/include/can_interfaces/msg/rosidl_typesupport_fastrtps_cpp__visibility_control.h
[0.875s] -- Up-to-date: /home/xinchen/Dev/Meta-ROS/install/can_interfaces/lib/libcan_interfaces__rosidl_typesupport_fastrtps_cpp.so
[0.875s] -- Up-to-date: /home/xinchen/Dev/Meta-ROS/install/can_interfaces/include/can_interfaces
[0.875s] -- Up-to-date: /home/xinchen/Dev/Meta-ROS/install/can_interfaces/include/can_interfaces/msg
[0.875s] -- Up-to-date: /home/xinchen/Dev/Meta-ROS/install/can_interfaces/include/can_interfaces/msg/detail
[0.876s] -- Up-to-date: /home/xinchen/Dev/Meta-ROS/install/can_interfaces/include/can_interfaces/msg/detail/pos_vel_data__type_support.c
[0.876s] -- Up-to-date: /home/xinchen/Dev/Meta-ROS/install/can_interfaces/include/can_interfaces/msg/detail/mit_data__rosidl_typesupport_introspection_c.h
[0.876s] -- Up-to-date: /home/xinchen/Dev/Meta-ROS/install/can_interfaces/include/can_interfaces/msg/detail/feedback__rosidl_typesupport_introspection_c.h
[0.876s] -- Up-to-date: /home/xinchen/Dev/Meta-ROS/install/can_interfaces/include/can_interfaces/msg/detail/vel_data__type_support.c
[0.876s] -- Up-to-date: /home/xinchen/Dev/Meta-ROS/install/can_interfaces/include/can_interfaces/msg/detail/pos_vel_data__rosidl_typesupport_introspection_c.h
[0.876s] -- Up-to-date: /home/xinchen/Dev/Meta-ROS/install/can_interfaces/include/can_interfaces/msg/detail/feedback__type_support.c
[0.877s] -- Up-to-date: /home/xinchen/Dev/Meta-ROS/install/can_interfaces/include/can_interfaces/msg/detail/mit_data__type_support.c
[0.877s] -- Up-to-date: /home/xinchen/Dev/Meta-ROS/install/can_interfaces/include/can_interfaces/msg/detail/vel_data__rosidl_typesupport_introspection_c.h
[0.877s] -- Up-to-date: /home/xinchen/Dev/Meta-ROS/install/can_interfaces/include/can_interfaces/msg/rosidl_typesupport_introspection_c__visibility_control.h
[0.877s] -- Up-to-date: /home/xinchen/Dev/Meta-ROS/install/can_interfaces/lib/libcan_interfaces__rosidl_typesupport_introspection_c.so
[0.877s] -- Up-to-date: /home/xinchen/Dev/Meta-ROS/install/can_interfaces/lib/libcan_interfaces__rosidl_typesupport_c.so
[0.877s] -- Up-to-date: /home/xinchen/Dev/Meta-ROS/install/can_interfaces/include/can_interfaces
[0.877s] -- Up-to-date: /home/xinchen/Dev/Meta-ROS/install/can_interfaces/include/can_interfaces/msg
[0.878s] -- Up-to-date: /home/xinchen/Dev/Meta-ROS/install/can_interfaces/include/can_interfaces/msg/detail
[0.878s] -- Up-to-date: /home/xinchen/Dev/Meta-ROS/install/can_interfaces/include/can_interfaces/msg/detail/pos_vel_data__builder.hpp
[0.878s] -- Up-to-date: /home/xinchen/Dev/Meta-ROS/install/can_interfaces/include/can_interfaces/msg/detail/feedback__type_support.hpp
[0.878s] -- Up-to-date: /home/xinchen/Dev/Meta-ROS/install/can_interfaces/include/can_interfaces/msg/detail/pos_vel_data__type_support.hpp
[0.878s] -- Up-to-date: /home/xinchen/Dev/Meta-ROS/install/can_interfaces/include/can_interfaces/msg/detail/vel_data__struct.hpp
[0.878s] -- Up-to-date: /home/xinchen/Dev/Meta-ROS/install/can_interfaces/include/can_interfaces/msg/detail/vel_data__builder.hpp
[0.878s] -- Up-to-date: /home/xinchen/Dev/Meta-ROS/install/can_interfaces/include/can_interfaces/msg/detail/vel_data__traits.hpp
[0.879s] -- Up-to-date: /home/xinchen/Dev/Meta-ROS/install/can_interfaces/include/can_interfaces/msg/detail/mit_data__builder.hpp
[0.879s] -- Up-to-date: /home/xinchen/Dev/Meta-ROS/install/can_interfaces/include/can_interfaces/msg/detail/feedback__builder.hpp
[0.879s] -- Up-to-date: /home/xinchen/Dev/Meta-ROS/install/can_interfaces/include/can_interfaces/msg/detail/feedback__struct.hpp
[0.879s] -- Up-to-date: /home/xinchen/Dev/Meta-ROS/install/can_interfaces/include/can_interfaces/msg/detail/mit_data__traits.hpp
[0.879s] -- Up-to-date: /home/xinchen/Dev/Meta-ROS/install/can_interfaces/include/can_interfaces/msg/detail/feedback__traits.hpp
[0.879s] -- Up-to-date: /home/xinchen/Dev/Meta-ROS/install/can_interfaces/include/can_interfaces/msg/detail/vel_data__type_support.hpp
[0.879s] -- Up-to-date: /home/xinchen/Dev/Meta-ROS/install/can_interfaces/include/can_interfaces/msg/detail/pos_vel_data__struct.hpp
[0.879s] -- Up-to-date: /home/xinchen/Dev/Meta-ROS/install/can_interfaces/include/can_interfaces/msg/detail/pos_vel_data__traits.hpp
[0.880s] -- Up-to-date: /home/xinchen/Dev/Meta-ROS/install/can_interfaces/include/can_interfaces/msg/detail/mit_data__struct.hpp
[0.880s] -- Up-to-date: /home/xinchen/Dev/Meta-ROS/install/can_interfaces/include/can_interfaces/msg/detail/mit_data__type_support.hpp
[0.880s] -- Up-to-date: /home/xinchen/Dev/Meta-ROS/install/can_interfaces/include/can_interfaces/msg/rosidl_generator_cpp__visibility_control.hpp
[0.880s] -- Up-to-date: /home/xinchen/Dev/Meta-ROS/install/can_interfaces/include/can_interfaces/msg/pos_vel_data.hpp
[0.880s] -- Up-to-date: /home/xinchen/Dev/Meta-ROS/install/can_interfaces/include/can_interfaces/msg/feedback.hpp
[0.880s] -- Up-to-date: /home/xinchen/Dev/Meta-ROS/install/can_interfaces/include/can_interfaces/msg/mit_data.hpp
[0.880s] -- Up-to-date: /home/xinchen/Dev/Meta-ROS/install/can_interfaces/include/can_interfaces/msg/vel_data.hpp
[0.881s] -- Up-to-date: /home/xinchen/Dev/Meta-ROS/install/can_interfaces/include/can_interfaces
[0.881s] -- Up-to-date: /home/xinchen/Dev/Meta-ROS/install/can_interfaces/include/can_interfaces/msg
[0.881s] -- Up-to-date: /home/xinchen/Dev/Meta-ROS/install/can_interfaces/include/can_interfaces/msg/detail
[0.881s] -- Up-to-date: /home/xinchen/Dev/Meta-ROS/install/can_interfaces/include/can_interfaces/msg/detail/vel_data__rosidl_typesupport_introspection_cpp.hpp
[0.881s] -- Up-to-date: /home/xinchen/Dev/Meta-ROS/install/can_interfaces/include/can_interfaces/msg/detail/pos_vel_data__rosidl_typesupport_introspection_cpp.hpp
[0.881s] -- Up-to-date: /home/xinchen/Dev/Meta-ROS/install/can_interfaces/include/can_interfaces/msg/detail/mit_data__type_support.cpp
[0.881s] -- Up-to-date: /home/xinchen/Dev/Meta-ROS/install/can_interfaces/include/can_interfaces/msg/detail/pos_vel_data__type_support.cpp
[0.881s] -- Up-to-date: /home/xinchen/Dev/Meta-ROS/install/can_interfaces/include/can_interfaces/msg/detail/vel_data__type_support.cpp
[0.882s] -- Up-to-date: /home/xinchen/Dev/Meta-ROS/install/can_interfaces/include/can_interfaces/msg/detail/feedback__type_support.cpp
[0.882s] -- Up-to-date: /home/xinchen/Dev/Meta-ROS/install/can_interfaces/include/can_interfaces/msg/detail/feedback__rosidl_typesupport_introspection_cpp.hpp
[0.882s] -- Up-to-date: /home/xinchen/Dev/Meta-ROS/install/can_interfaces/include/can_interfaces/msg/detail/mit_data__rosidl_typesupport_introspection_cpp.hpp
[0.882s] -- Up-to-date: /home/xinchen/Dev/Meta-ROS/install/can_interfaces/lib/libcan_interfaces__rosidl_typesupport_introspection_cpp.so
[0.882s] -- Up-to-date: /home/xinchen/Dev/Meta-ROS/install/can_interfaces/lib/libcan_interfaces__rosidl_typesupport_cpp.so
[0.882s] -- Up-to-date: /home/xinchen/Dev/Meta-ROS/install/can_interfaces/share/can_interfaces/environment/pythonpath.sh
[0.882s] -- Up-to-date: /home/xinchen/Dev/Meta-ROS/install/can_interfaces/share/can_interfaces/environment/pythonpath.dsv
[0.883s] -- Up-to-date: /home/xinchen/Dev/Meta-ROS/install/can_interfaces/lib/python3.8/site-packages/can_interfaces/__init__.py
[0.950s] -- Up-to-date: /home/xinchen/Dev/Meta-ROS/install/can_interfaces/lib/python3.8/site-packages/can_interfaces/msg
[0.950s] -- Up-to-date: /home/xinchen/Dev/Meta-ROS/install/can_interfaces/lib/python3.8/site-packages/can_interfaces/msg/_mit_data.py
[0.950s] -- Up-to-date: /home/xinchen/Dev/Meta-ROS/install/can_interfaces/lib/python3.8/site-packages/can_interfaces/msg/_pos_vel_data.py
[0.951s] -- Up-to-date: /home/xinchen/Dev/Meta-ROS/install/can_interfaces/lib/python3.8/site-packages/can_interfaces/msg/_feedback_s.c
[0.951s] -- Up-to-date: /home/xinchen/Dev/Meta-ROS/install/can_interfaces/lib/python3.8/site-packages/can_interfaces/msg/_vel_data.py
[0.951s] -- Up-to-date: /home/xinchen/Dev/Meta-ROS/install/can_interfaces/lib/python3.8/site-packages/can_interfaces/msg/_feedback.py
[0.951s] -- Up-to-date: /home/xinchen/Dev/Meta-ROS/install/can_interfaces/lib/python3.8/site-packages/can_interfaces/msg/_pos_vel_data_s.c
[0.951s] -- Up-to-date: /home/xinchen/Dev/Meta-ROS/install/can_interfaces/lib/python3.8/site-packages/can_interfaces/msg/_vel_data_s.c
[0.951s] -- Up-to-date: /home/xinchen/Dev/Meta-ROS/install/can_interfaces/lib/python3.8/site-packages/can_interfaces/msg/__init__.py
[0.952s] -- Up-to-date: /home/xinchen/Dev/Meta-ROS/install/can_interfaces/lib/python3.8/site-packages/can_interfaces/msg/_mit_data_s.c
[0.952s] -- Up-to-date: /home/xinchen/Dev/Meta-ROS/install/can_interfaces/lib/python3.8/site-packages/can_interfaces/can_interfaces_s__rosidl_typesupport_fastrtps_c.cpython-38-aarch64-linux-gnu.so
[0.952s] -- Up-to-date: /home/xinchen/Dev/Meta-ROS/install/can_interfaces/lib/python3.8/site-packages/can_interfaces/can_interfaces_s__rosidl_typesupport_introspection_c.cpython-38-aarch64-linux-gnu.so
[0.952s] -- Up-to-date: /home/xinchen/Dev/Meta-ROS/install/can_interfaces/lib/python3.8/site-packages/can_interfaces/can_interfaces_s__rosidl_typesupport_c.cpython-38-aarch64-linux-gnu.so
[0.952s] -- Up-to-date: /home/xinchen/Dev/Meta-ROS/install/can_interfaces/lib/libcan_interfaces__python.so
[0.953s] -- Up-to-date: /home/xinchen/Dev/Meta-ROS/install/can_interfaces/share/can_interfaces/msg/MITData.idl
[0.953s] -- Up-to-date: /home/xinchen/Dev/Meta-ROS/install/can_interfaces/share/can_interfaces/msg/PosVelData.idl
[0.953s] -- Up-to-date: /home/xinchen/Dev/Meta-ROS/install/can_interfaces/share/can_interfaces/msg/VelData.idl
[0.953s] -- Up-to-date: /home/xinchen/Dev/Meta-ROS/install/can_interfaces/share/can_interfaces/msg/Feedback.idl
[0.953s] -- Up-to-date: /home/xinchen/Dev/Meta-ROS/install/can_interfaces/share/can_interfaces/msg/MITData.msg
[0.953s] -- Up-to-date: /home/xinchen/Dev/Meta-ROS/install/can_interfaces/share/can_interfaces/msg/PosVelData.msg
[0.954s] -- Up-to-date: /home/xinchen/Dev/Meta-ROS/install/can_interfaces/share/can_interfaces/msg/VelData.msg
[0.954s] -- Up-to-date: /home/xinchen/Dev/Meta-ROS/install/can_interfaces/share/can_interfaces/msg/Feedback.msg
[0.954s] -- Up-to-date: /home/xinchen/Dev/Meta-ROS/install/can_interfaces/share/ament_index/resource_index/package_run_dependencies/can_interfaces
[0.954s] -- Up-to-date: /home/xinchen/Dev/Meta-ROS/install/can_interfaces/share/ament_index/resource_index/parent_prefix_path/can_interfaces
[0.954s] -- Up-to-date: /home/xinchen/Dev/Meta-ROS/install/can_interfaces/share/can_interfaces/environment/ament_prefix_path.sh
[0.954s] -- Up-to-date: /home/xinchen/Dev/Meta-ROS/install/can_interfaces/share/can_interfaces/environment/ament_prefix_path.dsv
[0.955s] -- Up-to-date: /home/xinchen/Dev/Meta-ROS/install/can_interfaces/share/can_interfaces/environment/path.sh
[0.955s] -- Up-to-date: /home/xinchen/Dev/Meta-ROS/install/can_interfaces/share/can_interfaces/environment/path.dsv
[0.955s] -- Up-to-date: /home/xinchen/Dev/Meta-ROS/install/can_interfaces/share/can_interfaces/local_setup.bash
[0.955s] -- Up-to-date: /home/xinchen/Dev/Meta-ROS/install/can_interfaces/share/can_interfaces/local_setup.sh
[0.955s] -- Up-to-date: /home/xinchen/Dev/Meta-ROS/install/can_interfaces/share/can_interfaces/local_setup.zsh
[0.955s] -- Up-to-date: /home/xinchen/Dev/Meta-ROS/install/can_interfaces/share/can_interfaces/local_setup.dsv
[0.956s] -- Installing: /home/xinchen/Dev/Meta-ROS/install/can_interfaces/share/can_interfaces/package.dsv
[0.956s] -- Up-to-date: /home/xinchen/Dev/Meta-ROS/install/can_interfaces/share/ament_index/resource_index/packages/can_interfaces
[0.956s] -- Up-to-date: /home/xinchen/Dev/Meta-ROS/install/can_interfaces/share/can_interfaces/cmake/can_interfaces__rosidl_generator_cExport.cmake
[0.956s] -- Up-to-date: /home/xinchen/Dev/Meta-ROS/install/can_interfaces/share/can_interfaces/cmake/can_interfaces__rosidl_generator_cExport-noconfig.cmake
[0.956s] -- Up-to-date: /home/xinchen/Dev/Meta-ROS/install/can_interfaces/share/can_interfaces/cmake/can_interfaces__rosidl_typesupport_introspection_cExport.cmake
[0.956s] -- Up-to-date: /home/xinchen/Dev/Meta-ROS/install/can_interfaces/share/can_interfaces/cmake/can_interfaces__rosidl_typesupport_introspection_cExport-noconfig.cmake
[0.956s] -- Up-to-date: /home/xinchen/Dev/Meta-ROS/install/can_interfaces/share/can_interfaces/cmake/can_interfaces__rosidl_typesupport_cExport.cmake
[0.957s] -- Up-to-date: /home/xinchen/Dev/Meta-ROS/install/can_interfaces/share/can_interfaces/cmake/can_interfaces__rosidl_typesupport_cExport-noconfig.cmake
[0.957s] -- Up-to-date: /home/xinchen/Dev/Meta-ROS/install/can_interfaces/share/can_interfaces/cmake/can_interfaces__rosidl_generator_cppExport.cmake
[0.957s] -- Up-to-date: /home/xinchen/Dev/Meta-ROS/install/can_interfaces/share/can_interfaces/cmake/can_interfaces__rosidl_typesupport_introspection_cppExport.cmake
[0.957s] -- Up-to-date: /home/xinchen/Dev/Meta-ROS/install/can_interfaces/share/can_interfaces/cmake/can_interfaces__rosidl_typesupport_introspection_cppExport-noconfig.cmake
[0.957s] -- Up-to-date: /home/xinchen/Dev/Meta-ROS/install/can_interfaces/share/can_interfaces/cmake/can_interfaces__rosidl_typesupport_cppExport.cmake
[0.957s] -- Up-to-date: /home/xinchen/Dev/Meta-ROS/install/can_interfaces/share/can_interfaces/cmake/can_interfaces__rosidl_typesupport_cppExport-noconfig.cmake
[0.958s] -- Up-to-date: /home/xinchen/Dev/Meta-ROS/install/can_interfaces/share/can_interfaces/cmake/rosidl_cmake-extras.cmake
[0.958s] -- Up-to-date: /home/xinchen/Dev/Meta-ROS/install/can_interfaces/share/can_interfaces/cmake/ament_cmake_export_dependencies-extras.cmake
[0.958s] -- Up-to-date: /home/xinchen/Dev/Meta-ROS/install/can_interfaces/share/can_interfaces/cmake/ament_cmake_export_libraries-extras.cmake
[0.958s] -- Up-to-date: /home/xinchen/Dev/Meta-ROS/install/can_interfaces/share/can_interfaces/cmake/ament_cmake_export_targets-extras.cmake
[0.958s] -- Up-to-date: /home/xinchen/Dev/Meta-ROS/install/can_interfaces/share/can_interfaces/cmake/ament_cmake_export_include_directories-extras.cmake
[0.958s] -- Up-to-date: /home/xinchen/Dev/Meta-ROS/install/can_interfaces/share/can_interfaces/cmake/rosidl_cmake_export_typesupport_libraries-extras.cmake
[0.959s] -- Up-to-date: /home/xinchen/Dev/Meta-ROS/install/can_interfaces/share/can_interfaces/cmake/rosidl_cmake_export_typesupport_targets-extras.cmake
[0.959s] -- Up-to-date: /home/xinchen/Dev/Meta-ROS/install/can_interfaces/share/can_interfaces/cmake/can_interfacesConfig.cmake
[0.959s] -- Up-to-date: /home/xinchen/Dev/Meta-ROS/install/can_interfaces/share/can_interfaces/cmake/can_interfacesConfig-version.cmake
[0.959s] -- Up-to-date: /home/xinchen/Dev/Meta-ROS/install/can_interfaces/share/can_interfaces/package.xml
[0.967s] Invoked command in '/home/xinchen/Dev/Meta-ROS/build/can_interfaces' returned '0': CMAKE_PREFIX_PATH=/opt/ros/foxy /usr/bin/cmake --install /home/xinchen/Dev/Meta-ROS/build/can_interfaces
