[0.054s] Invoking command in '/home/xinchen/Dev/Meta-ROS/build/lidar_driver': CMAKE_PREFIX_PATH=/opt/ros/foxy /usr/bin/cmake /home/xinchen/Dev/Meta-ROS/src/lidar_driver -DCMAKE_EXPORT_COMPILE_COMMANDS=On -DCMAKE_INSTALL_PREFIX=/home/xinchen/Dev/Meta-ROS/install/lidar_driver
[0.083s] -- Found ament_cmake: 0.9.12 (/opt/ros/foxy/share/ament_cmake/cmake)
[0.129s] -- Using PYTHON_EXECUTABLE: /usr/bin/python3
[0.578s] -- Found std_msgs: 2.0.5 (/opt/ros/foxy/share/std_msgs/cmake)
[0.622s] -- Using all available rosidl_typesupport_c: rosidl_typesupport_fastrtps_c;rosidl_typesupport_introspection_c
[0.628s] -- Found rosidl_adapter: 1.3.1 (/opt/ros/foxy/share/rosidl_adapter/cmake)
[0.885s] -- Using all available rosidl_typesupport_cpp: rosidl_typesupport_fastrtps_cpp;rosidl_typesupport_introspection_cpp
[0.961s] CMake Error at CMakeLists.txt:24 (find_package):
[0.961s]   find_package called with incorrect number of arguments
[0.961s] 
[0.961s] 
[0.962s] -- Found ament_lint_auto: 0.9.8 (/opt/ros/foxy/share/ament_lint_auto/cmake)
[1.139s] -- Added test 'copyright' to check source files copyright and LICENSE
[1.139s] -- Added test 'cppcheck' to perform static code analysis on C / C++ code
[1.139s] -- Configured cppcheck include dirs: 
[1.140s] -- Configured cppcheck exclude dirs and/or files: 
[1.140s] -- Added test 'cpplint' to check C / C++ code against the Google style
[1.140s] -- Configured cpplint exclude dirs and/or files: 
[1.140s] -- Added test 'lint_cmake' to check CMake code style
[1.142s] -- Added test 'uncrustify' to check C / C++ code style
[1.142s] -- Configured uncrustify additional arguments: 
[1.142s] -- Added test 'xmllint' to check XML markup files
[1.145s] -- Configuring incomplete, errors occurred!
[1.150s] See also "/home/xinchen/Dev/Meta-ROS/build/lidar_driver/CMakeFiles/CMakeOutput.log".
[1.179s] Invoked command in '/home/xinchen/Dev/Meta-ROS/build/lidar_driver' returned '1': CMAKE_PREFIX_PATH=/opt/ros/foxy /usr/bin/cmake /home/xinchen/Dev/Meta-ROS/src/lidar_driver -DCMAKE_EXPORT_COMPILE_COMMANDS=On -DCMAKE_INSTALL_PREFIX=/home/xinchen/Dev/Meta-ROS/install/lidar_driver
