[0.045s] Invoking command in '/home/xinchen/Dev/Meta-ROS/build/can_driver': AMENT_PREFIX_PATH=/home/xinchen/Dev/Meta-ROS/install/can_interfaces:${AMENT_PREFIX_PATH} CMAKE_PREFIX_PATH=/home/xinchen/Dev/Meta-ROS/install/can_interfaces:/opt/ros/foxy LD_LIBRARY_PATH=/home/xinchen/Dev/Meta-ROS/install/can_interfaces/lib:${LD_LIBRARY_PATH} PYTHONPATH=/home/xinchen/Dev/Meta-ROS/install/can_interfaces/lib/python3.8/site-packages:${PYTHONPATH} /usr/bin/cmake --build /home/xinchen/Dev/Meta-ROS/build/can_driver -- -j6 -l6
[0.159s] [35m[1mScanning dependencies of target can_driver[0m
[0.230s] [ 66%] [32mBuilding CXX object CMakeFiles/can_driver.dir/src/can_driver.cpp.o[0m
[0.230s] [ 66%] [32mBuilding CXX object CMakeFiles/can_driver.dir/src/can_data.cpp.o[0m
[4.950s] [100%] [32m[1mLinking CXX executable can_driver[0m
[5.234s] [100%] Built target can_driver
[5.266s] Invoked command in '/home/xinchen/Dev/Meta-ROS/build/can_driver' returned '0': AMENT_PREFIX_PATH=/home/xinchen/Dev/Meta-ROS/install/can_interfaces:${AMENT_PREFIX_PATH} CMAKE_PREFIX_PATH=/home/xinchen/Dev/Meta-ROS/install/can_interfaces:/opt/ros/foxy LD_LIBRARY_PATH=/home/xinchen/Dev/Meta-ROS/install/can_interfaces/lib:${LD_LIBRARY_PATH} PYTHONPATH=/home/xinchen/Dev/Meta-ROS/install/can_interfaces/lib/python3.8/site-packages:${PYTHONPATH} /usr/bin/cmake --build /home/xinchen/Dev/Meta-ROS/build/can_driver -- -j6 -l6
[5.332s] Invoking command in '/home/xinchen/Dev/Meta-ROS/build/can_driver': AMENT_PREFIX_PATH=/home/xinchen/Dev/Meta-ROS/install/can_interfaces:${AMENT_PREFIX_PATH} CMAKE_PREFIX_PATH=/home/xinchen/Dev/Meta-ROS/install/can_interfaces:/opt/ros/foxy LD_LIBRARY_PATH=/home/xinchen/Dev/Meta-ROS/install/can_interfaces/lib:${LD_LIBRARY_PATH} PYTHONPATH=/home/xinchen/Dev/Meta-ROS/install/can_interfaces/lib/python3.8/site-packages:${PYTHONPATH} /usr/bin/cmake --install /home/xinchen/Dev/Meta-ROS/build/can_driver
[5.352s] -- Install configuration: ""
[5.353s] -- Up-to-date: /home/xinchen/Dev/Meta-ROS/install/can_driver/share/ament_index/resource_index/package_run_dependencies/can_driver
[5.354s] -- Up-to-date: /home/xinchen/Dev/Meta-ROS/install/can_driver/share/ament_index/resource_index/parent_prefix_path/can_driver
[5.355s] -- Up-to-date: /home/xinchen/Dev/Meta-ROS/install/can_driver/share/can_driver/environment/ament_prefix_path.sh
[5.356s] -- Up-to-date: /home/xinchen/Dev/Meta-ROS/install/can_driver/share/can_driver/environment/ament_prefix_path.dsv
[5.356s] -- Up-to-date: /home/xinchen/Dev/Meta-ROS/install/can_driver/share/can_driver/environment/path.sh
[5.356s] -- Up-to-date: /home/xinchen/Dev/Meta-ROS/install/can_driver/share/can_driver/environment/path.dsv
[5.356s] -- Up-to-date: /home/xinchen/Dev/Meta-ROS/install/can_driver/share/can_driver/local_setup.bash
[5.358s] -- Up-to-date: /home/xinchen/Dev/Meta-ROS/install/can_driver/share/can_driver/local_setup.sh
[5.358s] -- Up-to-date: /home/xinchen/Dev/Meta-ROS/install/can_driver/share/can_driver/local_setup.zsh
[5.358s] -- Up-to-date: /home/xinchen/Dev/Meta-ROS/install/can_driver/share/can_driver/local_setup.dsv
[5.358s] -- Installing: /home/xinchen/Dev/Meta-ROS/install/can_driver/share/can_driver/package.dsv
[5.359s] -- Up-to-date: /home/xinchen/Dev/Meta-ROS/install/can_driver/share/ament_index/resource_index/packages/can_driver
[5.359s] -- Up-to-date: /home/xinchen/Dev/Meta-ROS/install/can_driver/share/can_driver/cmake/can_driverConfig.cmake
[5.359s] -- Up-to-date: /home/xinchen/Dev/Meta-ROS/install/can_driver/share/can_driver/cmake/can_driverConfig-version.cmake
[5.359s] -- Up-to-date: /home/xinchen/Dev/Meta-ROS/install/can_driver/share/can_driver/package.xml
[5.372s] Invoked command in '/home/xinchen/Dev/Meta-ROS/build/can_driver' returned '0': AMENT_PREFIX_PATH=/home/xinchen/Dev/Meta-ROS/install/can_interfaces:${AMENT_PREFIX_PATH} CMAKE_PREFIX_PATH=/home/xinchen/Dev/Meta-ROS/install/can_interfaces:/opt/ros/foxy LD_LIBRARY_PATH=/home/xinchen/Dev/Meta-ROS/install/can_interfaces/lib:${LD_LIBRARY_PATH} PYTHONPATH=/home/xinchen/Dev/Meta-ROS/install/can_interfaces/lib/python3.8/site-packages:${PYTHONPATH} /usr/bin/cmake --install /home/xinchen/Dev/Meta-ROS/build/can_driver
