[0.075s] Invoking command in '/home/xinchen/Dev/Meta-ROS/build/can_driver': CMAKE_PREFIX_PATH=/opt/ros/foxy /usr/bin/cmake /home/xinchen/Dev/Meta-ROS/src/can_driver -DCMAKE_EXPORT_COMPILE_COMMANDS=On -DCMAKE_INSTALL_PREFIX=/home/xinchen/Dev/Meta-ROS/install/can_driver
[0.263s] -- The C compiler identification is GNU 9.4.0
[0.407s] -- The CXX compiler identification is GNU 9.4.0
[0.424s] -- Check for working C compiler: /usr/bin/cc
[0.645s] -- Check for working C compiler: /usr/bin/cc -- works
[0.646s] -- Detecting C compiler ABI info
[0.822s] -- Detecting C compiler ABI info - done
[0.848s] -- Detecting C compile features
[0.849s] -- Detecting C compile features - done
[0.855s] -- Check for working CXX compiler: /usr/bin/c++
[1.049s] -- Check for working CXX compiler: /usr/bin/c++ -- works
[1.058s] -- Detecting CXX compiler ABI info
[1.248s] -- Detecting CXX compiler ABI info - done
[1.265s] -- Detecting CXX compile features
[1.266s] -- Detecting CXX compile features - done
[1.271s] -- Found ament_cmake: 0.9.12 (/opt/ros/foxy/share/ament_cmake/cmake)
[1.333s] -- Found PythonInterp: /usr/bin/python3 (found suitable version "3.8.10", minimum required is "3") 
[1.334s] -- Using PYTHON_EXECUTABLE: /usr/bin/python3
[1.807s] -- Found ament_lint_auto: 0.9.8 (/opt/ros/foxy/share/ament_lint_auto/cmake)
[2.004s] -- Added test 'copyright' to check source files copyright and LICENSE
[2.007s] -- Added test 'cppcheck' to perform static code analysis on C / C++ code
[2.008s] -- Configured cppcheck include dirs: 
[2.009s] -- Configured cppcheck exclude dirs and/or files: 
[2.012s] -- Added test 'cpplint' to check C / C++ code against the Google style
[2.012s] -- Configured cpplint exclude dirs and/or files: 
[2.014s] -- Added test 'lint_cmake' to check CMake code style
[2.016s] -- Added test 'uncrustify' to check C / C++ code style
[2.017s] -- Configured uncrustify additional arguments: 
[2.017s] -- Added test 'xmllint' to check XML markup files
[2.022s] -- Configuring done
[2.027s] -- Generating done
[2.030s] -- Build files have been written to: /home/xinchen/Dev/Meta-ROS/build/can_driver
[2.048s] Invoked command in '/home/xinchen/Dev/Meta-ROS/build/can_driver' returned '0': CMAKE_PREFIX_PATH=/opt/ros/foxy /usr/bin/cmake /home/xinchen/Dev/Meta-ROS/src/can_driver -DCMAKE_EXPORT_COMPILE_COMMANDS=On -DCMAKE_INSTALL_PREFIX=/home/xinchen/Dev/Meta-ROS/install/can_driver
[2.050s] Invoking command in '/home/xinchen/Dev/Meta-ROS/build/can_driver': CMAKE_PREFIX_PATH=/opt/ros/foxy /usr/bin/cmake --build /home/xinchen/Dev/Meta-ROS/build/can_driver -- -j6 -l6
[2.160s] Invoked command in '/home/xinchen/Dev/Meta-ROS/build/can_driver' returned '0': CMAKE_PREFIX_PATH=/opt/ros/foxy /usr/bin/cmake --build /home/xinchen/Dev/Meta-ROS/build/can_driver -- -j6 -l6
[2.255s] Invoking command in '/home/xinchen/Dev/Meta-ROS/build/can_driver': CMAKE_PREFIX_PATH=/opt/ros/foxy /usr/bin/cmake --install /home/xinchen/Dev/Meta-ROS/build/can_driver
[2.285s] -- Install configuration: ""
[2.287s] -- Installing: /home/xinchen/Dev/Meta-ROS/install/can_driver/share/ament_index/resource_index/package_run_dependencies/can_driver
[2.288s] -- Installing: /home/xinchen/Dev/Meta-ROS/install/can_driver/share/ament_index/resource_index/parent_prefix_path/can_driver
[2.288s] -- Installing: /home/xinchen/Dev/Meta-ROS/install/can_driver/share/can_driver/environment/ament_prefix_path.sh
[2.288s] -- Installing: /home/xinchen/Dev/Meta-ROS/install/can_driver/share/can_driver/environment/ament_prefix_path.dsv
[2.288s] -- Installing: /home/xinchen/Dev/Meta-ROS/install/can_driver/share/can_driver/environment/path.sh
[2.288s] -- Installing: /home/xinchen/Dev/Meta-ROS/install/can_driver/share/can_driver/environment/path.dsv
[2.288s] -- Installing: /home/xinchen/Dev/Meta-ROS/install/can_driver/share/can_driver/local_setup.bash
[2.292s] -- Installing: /home/xinchen/Dev/Meta-ROS/install/can_driver/share/can_driver/local_setup.sh
[2.293s] -- Installing: /home/xinchen/Dev/Meta-ROS/install/can_driver/share/can_driver/local_setup.zsh
[2.293s] -- Installing: /home/xinchen/Dev/Meta-ROS/install/can_driver/share/can_driver/local_setup.dsv
[2.293s] -- Installing: /home/xinchen/Dev/Meta-ROS/install/can_driver/share/can_driver/package.dsv
[2.295s] -- Installing: /home/xinchen/Dev/Meta-ROS/install/can_driver/share/ament_index/resource_index/packages/can_driver
[2.296s] -- Installing: /home/xinchen/Dev/Meta-ROS/install/can_driver/share/can_driver/cmake/can_driverConfig.cmake
[2.297s] -- Installing: /home/xinchen/Dev/Meta-ROS/install/can_driver/share/can_driver/cmake/can_driverConfig-version.cmake
[2.299s] -- Installing: /home/xinchen/Dev/Meta-ROS/install/can_driver/share/can_driver/package.xml
[2.300s] Invoked command in '/home/xinchen/Dev/Meta-ROS/build/can_driver' returned '0': CMAKE_PREFIX_PATH=/opt/ros/foxy /usr/bin/cmake --install /home/xinchen/Dev/Meta-ROS/build/can_driver
