[0.696s] DEBUG:colcon:Command line arguments: ['/usr/bin/colcon', 'build', '--cmake-args', '-DCMAKE_EXPORT_COMPILE_COMMANDS=On']
[0.696s] DEBUG:colcon:Parsed command line arguments: Namespace(allow_overriding=[], ament_cmake_args=None, base_paths=['.'], build_base='build', catkin_cmake_args=None, catkin_skip_building_tests=False, cmake_args=['-DCMAKE_EXPORT_COMPILE_COMMANDS=On'], cmake_clean_cache=False, cmake_clean_first=False, cmake_force_configure=False, cmake_target=None, cmake_target_skip_unavailable=False, continue_on_error=False, event_handlers=None, executor='parallel', ignore_user_meta=False, install_base='install', log_base=None, log_level=None, main=<bound method BuildVerb.main of <colcon_core.verb.build.BuildVerb object at 0xffffb5d0eb80>>, merge_install=False, metas=['./colcon.meta'], packages_above=None, packages_above_and_dependencies=None, packages_above_depth=None, packages_end=None, packages_ignore=None, packages_ignore_regex=None, packages_select=None, packages_select_build_failed=False, packages_select_by_dep=None, packages_select_regex=None, packages_select_test_failures=False, packages_skip=None, packages_skip_build_finished=False, packages_skip_by_dep=None, packages_skip_regex=None, packages_skip_test_passed=False, packages_skip_up_to=None, packages_start=None, packages_up_to=None, packages_up_to_regex=None, parallel_workers=6, paths=None, symlink_install=False, test_result_base=None, verb_extension=<colcon_core.verb.build.BuildVerb object at 0xffffb5d0eb80>, verb_name='build', verb_parser=<colcon_defaults.argument_parser.defaults.DefaultArgumentsDecorator object at 0xffffb5d1b130>)
[0.780s] Level 1:colcon.colcon_core.package_discovery:discover_packages(colcon_meta) check parameters
[0.781s] Level 1:colcon.colcon_core.package_discovery:discover_packages(recursive) check parameters
[0.781s] Level 1:colcon.colcon_core.package_discovery:discover_packages(ignore) check parameters
[0.781s] Level 1:colcon.colcon_core.package_discovery:discover_packages(path) check parameters
[0.781s] Level 1:colcon.colcon_core.package_discovery:discover_packages(colcon_meta) discover
[0.781s] Level 1:colcon.colcon_core.package_discovery:discover_packages(recursive) discover
[0.781s] INFO:colcon.colcon_core.package_discovery:Crawling recursively for packages in '/home/xinchen/Dev/Meta-ROS'
[0.781s] Level 1:colcon.colcon_core.package_identification:_identify(.) by extensions ['ignore', 'ignore_ament_install']
[0.782s] Level 1:colcon.colcon_core.package_identification:_identify(.) by extension 'ignore'
[0.782s] Level 1:colcon.colcon_core.package_identification:_identify(.) by extension 'ignore_ament_install'
[0.782s] Level 1:colcon.colcon_core.package_identification:_identify(.) by extensions ['colcon_pkg']
[0.782s] Level 1:colcon.colcon_core.package_identification:_identify(.) by extension 'colcon_pkg'
[0.782s] Level 1:colcon.colcon_core.package_identification:_identify(.) by extensions ['colcon_meta']
[0.782s] Level 1:colcon.colcon_core.package_identification:_identify(.) by extension 'colcon_meta'
[0.782s] Level 1:colcon.colcon_core.package_identification:_identify(.) by extensions ['ros']
[0.782s] Level 1:colcon.colcon_core.package_identification:_identify(.) by extension 'ros'
[0.804s] Level 1:colcon.colcon_core.package_identification:_identify(.) by extensions ['cmake', 'python']
[0.804s] Level 1:colcon.colcon_core.package_identification:_identify(.) by extension 'cmake'
[0.804s] Level 1:colcon.colcon_core.package_identification:_identify(.) by extension 'python'
[0.804s] Level 1:colcon.colcon_core.package_identification:_identify(.) by extensions ['python_setup_py']
[0.805s] Level 1:colcon.colcon_core.package_identification:_identify(.) by extension 'python_setup_py'
[0.805s] Level 1:colcon.colcon_core.package_identification:_identify(build) by extensions ['ignore', 'ignore_ament_install']
[0.805s] Level 1:colcon.colcon_core.package_identification:_identify(build) by extension 'ignore'
[0.805s] Level 1:colcon.colcon_core.package_identification:_identify(build) ignored
[0.806s] Level 1:colcon.colcon_core.package_identification:_identify(install) by extensions ['ignore', 'ignore_ament_install']
[0.806s] Level 1:colcon.colcon_core.package_identification:_identify(install) by extension 'ignore'
[0.806s] Level 1:colcon.colcon_core.package_identification:_identify(install) ignored
[0.806s] Level 1:colcon.colcon_core.package_identification:_identify(log) by extensions ['ignore', 'ignore_ament_install']
[0.806s] Level 1:colcon.colcon_core.package_identification:_identify(log) by extension 'ignore'
[0.806s] Level 1:colcon.colcon_core.package_identification:_identify(log) ignored
[0.807s] Level 1:colcon.colcon_core.package_identification:_identify(src) by extensions ['ignore', 'ignore_ament_install']
[0.807s] Level 1:colcon.colcon_core.package_identification:_identify(src) by extension 'ignore'
[0.807s] Level 1:colcon.colcon_core.package_identification:_identify(src) by extension 'ignore_ament_install'
[0.807s] Level 1:colcon.colcon_core.package_identification:_identify(src) by extensions ['colcon_pkg']
[0.807s] Level 1:colcon.colcon_core.package_identification:_identify(src) by extension 'colcon_pkg'
[0.807s] Level 1:colcon.colcon_core.package_identification:_identify(src) by extensions ['colcon_meta']
[0.807s] Level 1:colcon.colcon_core.package_identification:_identify(src) by extension 'colcon_meta'
[0.807s] Level 1:colcon.colcon_core.package_identification:_identify(src) by extensions ['ros']
[0.807s] Level 1:colcon.colcon_core.package_identification:_identify(src) by extension 'ros'
[0.808s] Level 1:colcon.colcon_core.package_identification:_identify(src) by extensions ['cmake', 'python']
[0.808s] Level 1:colcon.colcon_core.package_identification:_identify(src) by extension 'cmake'
[0.808s] Level 1:colcon.colcon_core.package_identification:_identify(src) by extension 'python'
[0.808s] Level 1:colcon.colcon_core.package_identification:_identify(src) by extensions ['python_setup_py']
[0.808s] Level 1:colcon.colcon_core.package_identification:_identify(src) by extension 'python_setup_py'
[0.808s] Level 1:colcon.colcon_core.package_identification:_identify(src/can_driver) by extensions ['ignore', 'ignore_ament_install']
[0.808s] Level 1:colcon.colcon_core.package_identification:_identify(src/can_driver) by extension 'ignore'
[0.808s] Level 1:colcon.colcon_core.package_identification:_identify(src/can_driver) by extension 'ignore_ament_install'
[0.809s] Level 1:colcon.colcon_core.package_identification:_identify(src/can_driver) by extensions ['colcon_pkg']
[0.809s] Level 1:colcon.colcon_core.package_identification:_identify(src/can_driver) by extension 'colcon_pkg'
[0.809s] Level 1:colcon.colcon_core.package_identification:_identify(src/can_driver) by extensions ['colcon_meta']
[0.809s] Level 1:colcon.colcon_core.package_identification:_identify(src/can_driver) by extension 'colcon_meta'
[0.809s] Level 1:colcon.colcon_core.package_identification:_identify(src/can_driver) by extensions ['ros']
[0.809s] Level 1:colcon.colcon_core.package_identification:_identify(src/can_driver) by extension 'ros'
[0.814s] DEBUG:colcon.colcon_core.package_identification:Package 'src/can_driver' with type 'ros.ament_cmake' and name 'can_driver'
[0.814s] Level 1:colcon.colcon_core.package_identification:_identify(src/can_interfaces) by extensions ['ignore', 'ignore_ament_install']
[0.815s] Level 1:colcon.colcon_core.package_identification:_identify(src/can_interfaces) by extension 'ignore'
[0.815s] Level 1:colcon.colcon_core.package_identification:_identify(src/can_interfaces) by extension 'ignore_ament_install'
[0.815s] Level 1:colcon.colcon_core.package_identification:_identify(src/can_interfaces) by extensions ['colcon_pkg']
[0.815s] Level 1:colcon.colcon_core.package_identification:_identify(src/can_interfaces) by extension 'colcon_pkg'
[0.815s] Level 1:colcon.colcon_core.package_identification:_identify(src/can_interfaces) by extensions ['colcon_meta']
[0.815s] Level 1:colcon.colcon_core.package_identification:_identify(src/can_interfaces) by extension 'colcon_meta'
[0.815s] Level 1:colcon.colcon_core.package_identification:_identify(src/can_interfaces) by extensions ['ros']
[0.815s] Level 1:colcon.colcon_core.package_identification:_identify(src/can_interfaces) by extension 'ros'
[0.816s] DEBUG:colcon.colcon_core.package_identification:Package 'src/can_interfaces' with type 'ros.ament_cmake' and name 'can_interfaces'
[0.817s] Level 1:colcon.colcon_core.package_identification:_identify(src/lidar_driver) by extensions ['ignore', 'ignore_ament_install']
[0.817s] Level 1:colcon.colcon_core.package_identification:_identify(src/lidar_driver) by extension 'ignore'
[0.817s] Level 1:colcon.colcon_core.package_identification:_identify(src/lidar_driver) by extension 'ignore_ament_install'
[0.817s] Level 1:colcon.colcon_core.package_identification:_identify(src/lidar_driver) by extensions ['colcon_pkg']
[0.817s] Level 1:colcon.colcon_core.package_identification:_identify(src/lidar_driver) by extension 'colcon_pkg'
[0.817s] Level 1:colcon.colcon_core.package_identification:_identify(src/lidar_driver) by extensions ['colcon_meta']
[0.817s] Level 1:colcon.colcon_core.package_identification:_identify(src/lidar_driver) by extension 'colcon_meta'
[0.817s] Level 1:colcon.colcon_core.package_identification:_identify(src/lidar_driver) by extensions ['ros']
[0.817s] Level 1:colcon.colcon_core.package_identification:_identify(src/lidar_driver) by extension 'ros'
[0.819s] DEBUG:colcon.colcon_core.package_identification:Package 'src/lidar_driver' with type 'ros.ament_cmake' and name 'lidar_driver'
[0.819s] Level 1:colcon.colcon_core.package_discovery:discover_packages(recursive) using defaults
[0.819s] Level 1:colcon.colcon_core.package_discovery:discover_packages(ignore) discover
[0.819s] Level 1:colcon.colcon_core.package_discovery:discover_packages(ignore) using defaults
[0.819s] Level 1:colcon.colcon_core.package_discovery:discover_packages(path) discover
[0.819s] Level 1:colcon.colcon_core.package_discovery:discover_packages(path) using defaults
[0.866s] Level 1:colcon.colcon_core.package_discovery:discover_packages(prefix_path) check parameters
[0.867s] Level 1:colcon.colcon_core.package_discovery:discover_packages(prefix_path) discover
[0.875s] DEBUG:colcon.colcon_installed_package_information.package_discovery:Found 308 installed packages in /opt/ros/foxy
[0.878s] Level 1:colcon.colcon_core.package_discovery:discover_packages(prefix_path) using defaults
[1.033s] Level 5:colcon.colcon_core.verb:set package 'can_interfaces' build argument 'cmake_args' from command line to '['-DCMAKE_EXPORT_COMPILE_COMMANDS=On']'
[1.033s] Level 5:colcon.colcon_core.verb:set package 'can_interfaces' build argument 'cmake_target' from command line to 'None'
[1.034s] Level 5:colcon.colcon_core.verb:set package 'can_interfaces' build argument 'cmake_target_skip_unavailable' from command line to 'False'
[1.034s] Level 5:colcon.colcon_core.verb:set package 'can_interfaces' build argument 'cmake_clean_cache' from command line to 'False'
[1.034s] Level 5:colcon.colcon_core.verb:set package 'can_interfaces' build argument 'cmake_clean_first' from command line to 'False'
[1.034s] Level 5:colcon.colcon_core.verb:set package 'can_interfaces' build argument 'cmake_force_configure' from command line to 'False'
[1.034s] Level 5:colcon.colcon_core.verb:set package 'can_interfaces' build argument 'ament_cmake_args' from command line to 'None'
[1.034s] Level 5:colcon.colcon_core.verb:set package 'can_interfaces' build argument 'catkin_cmake_args' from command line to 'None'
[1.034s] Level 5:colcon.colcon_core.verb:set package 'can_interfaces' build argument 'catkin_skip_building_tests' from command line to 'False'
[1.034s] DEBUG:colcon.colcon_core.verb:Building package 'can_interfaces' with the following arguments: {'ament_cmake_args': None, 'build_base': '/home/xinchen/Dev/Meta-ROS/build/can_interfaces', 'catkin_cmake_args': None, 'catkin_skip_building_tests': False, 'cmake_args': ['-DCMAKE_EXPORT_COMPILE_COMMANDS=On'], 'cmake_clean_cache': False, 'cmake_clean_first': False, 'cmake_force_configure': False, 'cmake_target': None, 'cmake_target_skip_unavailable': False, 'install_base': '/home/xinchen/Dev/Meta-ROS/install/can_interfaces', 'merge_install': False, 'path': '/home/xinchen/Dev/Meta-ROS/src/can_interfaces', 'symlink_install': False, 'test_result_base': None}
[1.037s] Level 5:colcon.colcon_core.verb:set package 'lidar_driver' build argument 'cmake_args' from command line to '['-DCMAKE_EXPORT_COMPILE_COMMANDS=On']'
[1.037s] Level 5:colcon.colcon_core.verb:set package 'lidar_driver' build argument 'cmake_target' from command line to 'None'
[1.037s] Level 5:colcon.colcon_core.verb:set package 'lidar_driver' build argument 'cmake_target_skip_unavailable' from command line to 'False'
[1.037s] Level 5:colcon.colcon_core.verb:set package 'lidar_driver' build argument 'cmake_clean_cache' from command line to 'False'
[1.037s] Level 5:colcon.colcon_core.verb:set package 'lidar_driver' build argument 'cmake_clean_first' from command line to 'False'
[1.037s] Level 5:colcon.colcon_core.verb:set package 'lidar_driver' build argument 'cmake_force_configure' from command line to 'False'
[1.037s] Level 5:colcon.colcon_core.verb:set package 'lidar_driver' build argument 'ament_cmake_args' from command line to 'None'
[1.037s] Level 5:colcon.colcon_core.verb:set package 'lidar_driver' build argument 'catkin_cmake_args' from command line to 'None'
[1.037s] Level 5:colcon.colcon_core.verb:set package 'lidar_driver' build argument 'catkin_skip_building_tests' from command line to 'False'
[1.038s] DEBUG:colcon.colcon_core.verb:Building package 'lidar_driver' with the following arguments: {'ament_cmake_args': None, 'build_base': '/home/xinchen/Dev/Meta-ROS/build/lidar_driver', 'catkin_cmake_args': None, 'catkin_skip_building_tests': False, 'cmake_args': ['-DCMAKE_EXPORT_COMPILE_COMMANDS=On'], 'cmake_clean_cache': False, 'cmake_clean_first': False, 'cmake_force_configure': False, 'cmake_target': None, 'cmake_target_skip_unavailable': False, 'install_base': '/home/xinchen/Dev/Meta-ROS/install/lidar_driver', 'merge_install': False, 'path': '/home/xinchen/Dev/Meta-ROS/src/lidar_driver', 'symlink_install': False, 'test_result_base': None}
[1.040s] Level 5:colcon.colcon_core.verb:set package 'can_driver' build argument 'cmake_args' from command line to '['-DCMAKE_EXPORT_COMPILE_COMMANDS=On']'
[1.040s] Level 5:colcon.colcon_core.verb:set package 'can_driver' build argument 'cmake_target' from command line to 'None'
[1.041s] Level 5:colcon.colcon_core.verb:set package 'can_driver' build argument 'cmake_target_skip_unavailable' from command line to 'False'
[1.041s] Level 5:colcon.colcon_core.verb:set package 'can_driver' build argument 'cmake_clean_cache' from command line to 'False'
[1.041s] Level 5:colcon.colcon_core.verb:set package 'can_driver' build argument 'cmake_clean_first' from command line to 'False'
[1.041s] Level 5:colcon.colcon_core.verb:set package 'can_driver' build argument 'cmake_force_configure' from command line to 'False'
[1.041s] Level 5:colcon.colcon_core.verb:set package 'can_driver' build argument 'ament_cmake_args' from command line to 'None'
[1.041s] Level 5:colcon.colcon_core.verb:set package 'can_driver' build argument 'catkin_cmake_args' from command line to 'None'
[1.041s] Level 5:colcon.colcon_core.verb:set package 'can_driver' build argument 'catkin_skip_building_tests' from command line to 'False'
[1.041s] DEBUG:colcon.colcon_core.verb:Building package 'can_driver' with the following arguments: {'ament_cmake_args': None, 'build_base': '/home/xinchen/Dev/Meta-ROS/build/can_driver', 'catkin_cmake_args': None, 'catkin_skip_building_tests': False, 'cmake_args': ['-DCMAKE_EXPORT_COMPILE_COMMANDS=On'], 'cmake_clean_cache': False, 'cmake_clean_first': False, 'cmake_force_configure': False, 'cmake_target': None, 'cmake_target_skip_unavailable': False, 'install_base': '/home/xinchen/Dev/Meta-ROS/install/can_driver', 'merge_install': False, 'path': '/home/xinchen/Dev/Meta-ROS/src/can_driver', 'symlink_install': False, 'test_result_base': None}
[1.043s] INFO:colcon.colcon_core.executor:Executing jobs using 'parallel' executor
[1.055s] DEBUG:colcon.colcon_parallel_executor.executor.parallel:run_until_complete
[1.056s] INFO:colcon.colcon_ros.task.ament_cmake.build:Building ROS package in '/home/xinchen/Dev/Meta-ROS/src/can_interfaces' with build type 'ament_cmake'
[1.056s] INFO:colcon.colcon_cmake.task.cmake.build:Building CMake package in '/home/xinchen/Dev/Meta-ROS/src/can_interfaces'
[1.068s] INFO:colcon.colcon_core.plugin_system:Skipping extension 'colcon_core.shell.bat': Not used on non-Windows systems
[1.069s] INFO:colcon.colcon_core.shell:Skip shell extension 'powershell' for command environment: Not usable outside of PowerShell
[1.069s] DEBUG:colcon.colcon_core.shell:Skip shell extension 'dsv' for command environment
[1.084s] INFO:colcon.colcon_ros.task.ament_cmake.build:Building ROS package in '/home/xinchen/Dev/Meta-ROS/src/lidar_driver' with build type 'ament_cmake'
[1.085s] INFO:colcon.colcon_cmake.task.cmake.build:Building CMake package in '/home/xinchen/Dev/Meta-ROS/src/lidar_driver'
[1.092s] INFO:colcon.colcon_core.shell:Skip shell extension 'powershell' for command environment: Not usable outside of PowerShell
[1.092s] DEBUG:colcon.colcon_core.shell:Skip shell extension 'dsv' for command environment
[1.120s] DEBUG:colcon.colcon_core.event_handler.log_command:Invoking command in '/home/xinchen/Dev/Meta-ROS/build/can_interfaces': CMAKE_PREFIX_PATH=/opt/ros/foxy /usr/bin/cmake --build /home/xinchen/Dev/Meta-ROS/build/can_interfaces -- -j6 -l6
[1.143s] DEBUG:colcon.colcon_core.event_handler.log_command:Invoking command in '/home/xinchen/Dev/Meta-ROS/build/lidar_driver': CMAKE_PREFIX_PATH=/opt/ros/foxy /usr/bin/cmake --build /home/xinchen/Dev/Meta-ROS/build/lidar_driver -- -j6 -l6
[1.606s] DEBUG:colcon.colcon_core.event_handler.log_command:Invoked command in '/home/xinchen/Dev/Meta-ROS/build/can_interfaces' returned '0': CMAKE_PREFIX_PATH=/opt/ros/foxy /usr/bin/cmake --build /home/xinchen/Dev/Meta-ROS/build/can_interfaces -- -j6 -l6
[1.832s] DEBUG:colcon.colcon_core.event_handler.log_command:Invoking command in '/home/xinchen/Dev/Meta-ROS/build/can_interfaces': CMAKE_PREFIX_PATH=/opt/ros/foxy /usr/bin/cmake --install /home/xinchen/Dev/Meta-ROS/build/can_interfaces
[1.951s] Level 1:colcon.colcon_core.environment:create_environment_scripts_only(can_interfaces)
[1.958s] DEBUG:colcon.colcon_core.event_handler.log_command:Invoked command in '/home/xinchen/Dev/Meta-ROS/build/can_interfaces' returned '0': CMAKE_PREFIX_PATH=/opt/ros/foxy /usr/bin/cmake --install /home/xinchen/Dev/Meta-ROS/build/can_interfaces
[1.982s] Level 1:colcon.colcon_core.environment:checking '/home/xinchen/Dev/Meta-ROS/install/can_interfaces' for CMake module files
[1.984s] Level 1:colcon.colcon_core.environment:checking '/home/xinchen/Dev/Meta-ROS/install/can_interfaces' for CMake config files
[1.985s] Level 1:colcon.colcon_core.shell:create_environment_hook('can_interfaces', 'cmake_prefix_path')
[1.991s] INFO:colcon.colcon_core.shell:Creating environment hook '/home/xinchen/Dev/Meta-ROS/install/can_interfaces/share/can_interfaces/hook/cmake_prefix_path.ps1'
[1.993s] INFO:colcon.colcon_core.shell:Creating environment descriptor '/home/xinchen/Dev/Meta-ROS/install/can_interfaces/share/can_interfaces/hook/cmake_prefix_path.dsv'
[1.994s] INFO:colcon.colcon_core.shell:Creating environment hook '/home/xinchen/Dev/Meta-ROS/install/can_interfaces/share/can_interfaces/hook/cmake_prefix_path.sh'
[1.996s] Level 1:colcon.colcon_core.environment:checking '/home/xinchen/Dev/Meta-ROS/install/can_interfaces/lib'
[1.996s] Level 1:colcon.colcon_core.shell:create_environment_hook('can_interfaces', 'ld_library_path_lib')
[2.001s] INFO:colcon.colcon_core.shell:Creating environment hook '/home/xinchen/Dev/Meta-ROS/install/can_interfaces/share/can_interfaces/hook/ld_library_path_lib.ps1'
[2.002s] INFO:colcon.colcon_core.shell:Creating environment descriptor '/home/xinchen/Dev/Meta-ROS/install/can_interfaces/share/can_interfaces/hook/ld_library_path_lib.dsv'
[2.003s] INFO:colcon.colcon_core.shell:Creating environment hook '/home/xinchen/Dev/Meta-ROS/install/can_interfaces/share/can_interfaces/hook/ld_library_path_lib.sh'
[2.004s] Level 1:colcon.colcon_core.environment:checking '/home/xinchen/Dev/Meta-ROS/install/can_interfaces/bin'
[2.004s] Level 1:colcon.colcon_core.environment:checking '/home/xinchen/Dev/Meta-ROS/install/can_interfaces/lib/pkgconfig/can_interfaces.pc'
[2.004s] Level 1:colcon.colcon_core.environment:checking '/home/xinchen/Dev/Meta-ROS/install/can_interfaces/lib/python3.8/site-packages'
[2.005s] Level 1:colcon.colcon_core.shell:create_environment_hook('can_interfaces', 'pythonpath')
[2.009s] INFO:colcon.colcon_core.shell:Creating environment hook '/home/xinchen/Dev/Meta-ROS/install/can_interfaces/share/can_interfaces/hook/pythonpath.ps1'
[2.010s] INFO:colcon.colcon_core.shell:Creating environment descriptor '/home/xinchen/Dev/Meta-ROS/install/can_interfaces/share/can_interfaces/hook/pythonpath.dsv'
[2.011s] INFO:colcon.colcon_core.shell:Creating environment hook '/home/xinchen/Dev/Meta-ROS/install/can_interfaces/share/can_interfaces/hook/pythonpath.sh'
[2.013s] Level 1:colcon.colcon_core.environment:checking '/home/xinchen/Dev/Meta-ROS/install/can_interfaces/bin'
[2.018s] INFO:colcon.colcon_core.shell:Creating package script '/home/xinchen/Dev/Meta-ROS/install/can_interfaces/share/can_interfaces/package.ps1'
[2.020s] INFO:colcon.colcon_core.shell:Creating package descriptor '/home/xinchen/Dev/Meta-ROS/install/can_interfaces/share/can_interfaces/package.dsv'
[2.021s] INFO:colcon.colcon_core.shell:Creating package script '/home/xinchen/Dev/Meta-ROS/install/can_interfaces/share/can_interfaces/package.sh'
[2.023s] INFO:colcon.colcon_core.shell:Creating package script '/home/xinchen/Dev/Meta-ROS/install/can_interfaces/share/can_interfaces/package.bash'
[2.024s] INFO:colcon.colcon_core.shell:Creating package script '/home/xinchen/Dev/Meta-ROS/install/can_interfaces/share/can_interfaces/package.zsh'
[2.025s] Level 1:colcon.colcon_core.environment:create_file_with_runtime_dependencies(/home/xinchen/Dev/Meta-ROS/install/can_interfaces/share/colcon-core/packages/can_interfaces)
[2.210s] Level 1:colcon.colcon_core.environment:create_environment_scripts_only(can_interfaces)
[2.217s] Level 1:colcon.colcon_core.environment:checking '/home/xinchen/Dev/Meta-ROS/install/can_interfaces' for CMake module files
[2.219s] Level 1:colcon.colcon_core.environment:checking '/home/xinchen/Dev/Meta-ROS/install/can_interfaces' for CMake config files
[2.220s] Level 1:colcon.colcon_core.shell:create_environment_hook('can_interfaces', 'cmake_prefix_path')
[2.225s] INFO:colcon.colcon_core.shell:Creating environment hook '/home/xinchen/Dev/Meta-ROS/install/can_interfaces/share/can_interfaces/hook/cmake_prefix_path.ps1'
[2.226s] INFO:colcon.colcon_core.shell:Creating environment descriptor '/home/xinchen/Dev/Meta-ROS/install/can_interfaces/share/can_interfaces/hook/cmake_prefix_path.dsv'
[2.227s] INFO:colcon.colcon_core.shell:Creating environment hook '/home/xinchen/Dev/Meta-ROS/install/can_interfaces/share/can_interfaces/hook/cmake_prefix_path.sh'
[2.228s] Level 1:colcon.colcon_core.environment:checking '/home/xinchen/Dev/Meta-ROS/install/can_interfaces/lib'
[2.228s] Level 1:colcon.colcon_core.shell:create_environment_hook('can_interfaces', 'ld_library_path_lib')
[2.233s] INFO:colcon.colcon_core.shell:Creating environment hook '/home/xinchen/Dev/Meta-ROS/install/can_interfaces/share/can_interfaces/hook/ld_library_path_lib.ps1'
[2.234s] INFO:colcon.colcon_core.shell:Creating environment descriptor '/home/xinchen/Dev/Meta-ROS/install/can_interfaces/share/can_interfaces/hook/ld_library_path_lib.dsv'
[2.234s] INFO:colcon.colcon_core.shell:Creating environment hook '/home/xinchen/Dev/Meta-ROS/install/can_interfaces/share/can_interfaces/hook/ld_library_path_lib.sh'
[2.235s] Level 1:colcon.colcon_core.environment:checking '/home/xinchen/Dev/Meta-ROS/install/can_interfaces/bin'
[2.235s] Level 1:colcon.colcon_core.environment:checking '/home/xinchen/Dev/Meta-ROS/install/can_interfaces/lib/pkgconfig/can_interfaces.pc'
[2.236s] Level 1:colcon.colcon_core.environment:checking '/home/xinchen/Dev/Meta-ROS/install/can_interfaces/lib/python3.8/site-packages'
[2.236s] Level 1:colcon.colcon_core.shell:create_environment_hook('can_interfaces', 'pythonpath')
[2.241s] INFO:colcon.colcon_core.shell:Creating environment hook '/home/xinchen/Dev/Meta-ROS/install/can_interfaces/share/can_interfaces/hook/pythonpath.ps1'
[2.242s] INFO:colcon.colcon_core.shell:Creating environment descriptor '/home/xinchen/Dev/Meta-ROS/install/can_interfaces/share/can_interfaces/hook/pythonpath.dsv'
[2.242s] INFO:colcon.colcon_core.shell:Creating environment hook '/home/xinchen/Dev/Meta-ROS/install/can_interfaces/share/can_interfaces/hook/pythonpath.sh'
[2.243s] Level 1:colcon.colcon_core.environment:checking '/home/xinchen/Dev/Meta-ROS/install/can_interfaces/bin'
[2.248s] INFO:colcon.colcon_core.shell:Creating package script '/home/xinchen/Dev/Meta-ROS/install/can_interfaces/share/can_interfaces/package.ps1'
[2.250s] INFO:colcon.colcon_core.shell:Creating package descriptor '/home/xinchen/Dev/Meta-ROS/install/can_interfaces/share/can_interfaces/package.dsv'
[2.251s] INFO:colcon.colcon_core.shell:Creating package script '/home/xinchen/Dev/Meta-ROS/install/can_interfaces/share/can_interfaces/package.sh'
[2.252s] INFO:colcon.colcon_core.shell:Creating package script '/home/xinchen/Dev/Meta-ROS/install/can_interfaces/share/can_interfaces/package.bash'
[2.253s] INFO:colcon.colcon_core.shell:Creating package script '/home/xinchen/Dev/Meta-ROS/install/can_interfaces/share/can_interfaces/package.zsh'
[2.253s] Level 1:colcon.colcon_core.environment:create_file_with_runtime_dependencies(/home/xinchen/Dev/Meta-ROS/install/can_interfaces/share/colcon-core/packages/can_interfaces)
[2.254s] INFO:colcon.colcon_ros.task.ament_cmake.build:Building ROS package in '/home/xinchen/Dev/Meta-ROS/src/can_driver' with build type 'ament_cmake'
[2.255s] INFO:colcon.colcon_cmake.task.cmake.build:Building CMake package in '/home/xinchen/Dev/Meta-ROS/src/can_driver'
[2.260s] INFO:colcon.colcon_core.shell:Skip shell extension 'powershell' for command environment: Not usable outside of PowerShell
[2.260s] DEBUG:colcon.colcon_core.shell:Skip shell extension 'dsv' for command environment
[2.298s] DEBUG:colcon.colcon_core.event_handler.log_command:Invoking command in '/home/xinchen/Dev/Meta-ROS/build/can_driver': AMENT_PREFIX_PATH=/home/xinchen/Dev/Meta-ROS/install/can_interfaces:${AMENT_PREFIX_PATH} CMAKE_PREFIX_PATH=/home/xinchen/Dev/Meta-ROS/install/can_interfaces:/opt/ros/foxy LD_LIBRARY_PATH=/home/xinchen/Dev/Meta-ROS/install/can_interfaces/lib:${LD_LIBRARY_PATH} PYTHONPATH=/home/xinchen/Dev/Meta-ROS/install/can_interfaces/lib/python3.8/site-packages:${PYTHONPATH} /usr/bin/cmake --build /home/xinchen/Dev/Meta-ROS/build/can_driver -- -j6 -l6
[2.436s] DEBUG:colcon.colcon_core.event_handler.log_command:Invoked command in '/home/xinchen/Dev/Meta-ROS/build/lidar_driver' returned '2': CMAKE_PREFIX_PATH=/opt/ros/foxy /usr/bin/cmake --build /home/xinchen/Dev/Meta-ROS/build/lidar_driver -- -j6 -l6
[2.465s] DEBUG:colcon.colcon_core.event_handler.log_command:Invoked command in '/home/xinchen/Dev/Meta-ROS/build/can_driver' returned '0': AMENT_PREFIX_PATH=/home/xinchen/Dev/Meta-ROS/install/can_interfaces:${AMENT_PREFIX_PATH} CMAKE_PREFIX_PATH=/home/xinchen/Dev/Meta-ROS/install/can_interfaces:/opt/ros/foxy LD_LIBRARY_PATH=/home/xinchen/Dev/Meta-ROS/install/can_interfaces/lib:${LD_LIBRARY_PATH} PYTHONPATH=/home/xinchen/Dev/Meta-ROS/install/can_interfaces/lib/python3.8/site-packages:${PYTHONPATH} /usr/bin/cmake --build /home/xinchen/Dev/Meta-ROS/build/can_driver -- -j6 -l6
[2.494s] Level 1:colcon.colcon_core.environment:create_environment_scripts_only(lidar_driver)
[2.501s] Level 1:colcon.colcon_core.environment:checking '/home/xinchen/Dev/Meta-ROS/install/lidar_driver' for CMake module files
[2.502s] Level 1:colcon.colcon_core.environment:checking '/home/xinchen/Dev/Meta-ROS/install/lidar_driver' for CMake config files
[2.503s] Level 1:colcon.colcon_core.shell:create_environment_hook('lidar_driver', 'cmake_prefix_path')
[2.508s] INFO:colcon.colcon_core.shell:Creating environment hook '/home/xinchen/Dev/Meta-ROS/install/lidar_driver/share/lidar_driver/hook/cmake_prefix_path.ps1'
[2.510s] INFO:colcon.colcon_core.shell:Creating environment descriptor '/home/xinchen/Dev/Meta-ROS/install/lidar_driver/share/lidar_driver/hook/cmake_prefix_path.dsv'
[2.511s] INFO:colcon.colcon_core.shell:Creating environment hook '/home/xinchen/Dev/Meta-ROS/install/lidar_driver/share/lidar_driver/hook/cmake_prefix_path.sh'
[2.512s] Level 1:colcon.colcon_core.environment:checking '/home/xinchen/Dev/Meta-ROS/install/lidar_driver/bin'
[2.512s] Level 1:colcon.colcon_core.environment:checking '/home/xinchen/Dev/Meta-ROS/install/lidar_driver/lib/pkgconfig/lidar_driver.pc'
[2.513s] Level 1:colcon.colcon_core.environment:checking '/home/xinchen/Dev/Meta-ROS/install/lidar_driver/lib/python3.8/site-packages'
[2.513s] Level 1:colcon.colcon_core.environment:checking '/home/xinchen/Dev/Meta-ROS/install/lidar_driver/bin'
[2.519s] INFO:colcon.colcon_core.shell:Creating package script '/home/xinchen/Dev/Meta-ROS/install/lidar_driver/share/lidar_driver/package.ps1'
[2.520s] INFO:colcon.colcon_core.shell:Creating package descriptor '/home/xinchen/Dev/Meta-ROS/install/lidar_driver/share/lidar_driver/package.dsv'
[2.521s] INFO:colcon.colcon_core.shell:Creating package script '/home/xinchen/Dev/Meta-ROS/install/lidar_driver/share/lidar_driver/package.sh'
[2.522s] INFO:colcon.colcon_core.shell:Creating package script '/home/xinchen/Dev/Meta-ROS/install/lidar_driver/share/lidar_driver/package.bash'
[2.523s] INFO:colcon.colcon_core.shell:Creating package script '/home/xinchen/Dev/Meta-ROS/install/lidar_driver/share/lidar_driver/package.zsh'
[2.524s] Level 1:colcon.colcon_core.environment:create_file_with_runtime_dependencies(/home/xinchen/Dev/Meta-ROS/install/lidar_driver/share/colcon-core/packages/lidar_driver)
[2.537s] DEBUG:colcon.colcon_parallel_executor.executor.parallel:closing loop
[2.537s] DEBUG:colcon.colcon_parallel_executor.executor.parallel:loop closed
[2.537s] DEBUG:colcon.colcon_parallel_executor.executor.parallel:run_until_complete finished with '2'
[2.538s] DEBUG:colcon.colcon_core.event_reactor:joining thread
[2.551s] INFO:colcon.colcon_core.plugin_system:Skipping extension 'colcon_notification.desktop_notification.terminal_notifier': Not used on non-Darwin systems
[2.551s] INFO:colcon.colcon_core.plugin_system:Skipping extension 'colcon_notification.desktop_notification.win32': Not used on non-Windows systems
[2.552s] INFO:colcon.colcon_notification.desktop_notification:Sending desktop notification using 'notify2'
[2.585s] DEBUG:colcon.colcon_core.event_reactor:joined thread
[2.591s] INFO:colcon.colcon_core.shell:Creating prefix script '/home/xinchen/Dev/Meta-ROS/install/local_setup.ps1'
[2.593s] INFO:colcon.colcon_core.shell:Creating prefix util module '/home/xinchen/Dev/Meta-ROS/install/_local_setup_util_ps1.py'
[2.596s] INFO:colcon.colcon_core.shell:Creating prefix chain script '/home/xinchen/Dev/Meta-ROS/install/setup.ps1'
[2.599s] INFO:colcon.colcon_core.shell:Creating prefix script '/home/xinchen/Dev/Meta-ROS/install/local_setup.sh'
[2.601s] INFO:colcon.colcon_core.shell:Creating prefix util module '/home/xinchen/Dev/Meta-ROS/install/_local_setup_util_sh.py'
[2.601s] INFO:colcon.colcon_core.shell:Creating prefix chain script '/home/xinchen/Dev/Meta-ROS/install/setup.sh'
[2.605s] INFO:colcon.colcon_core.shell:Creating prefix script '/home/xinchen/Dev/Meta-ROS/install/local_setup.bash'
[2.606s] INFO:colcon.colcon_core.shell:Creating prefix chain script '/home/xinchen/Dev/Meta-ROS/install/setup.bash'
[2.609s] INFO:colcon.colcon_core.shell:Creating prefix script '/home/xinchen/Dev/Meta-ROS/install/local_setup.zsh'
[2.610s] INFO:colcon.colcon_core.shell:Creating prefix chain script '/home/xinchen/Dev/Meta-ROS/install/setup.zsh'
