[0.055s] Invoking command in '/home/xinchen/Dev/Meta-ROS/build/lidar_driver': CMAKE_PREFIX_PATH=/opt/ros/foxy /usr/bin/cmake --build /home/xinchen/Dev/Meta-ROS/build/lidar_driver -- -j6 -l6
[0.131s] -- Found ament_cmake: 0.9.12 (/opt/ros/foxy/share/ament_cmake/cmake)
[0.181s] -- Using PYTHON_EXECUTABLE: /usr/bin/python3
[0.624s] -- Found std_msgs: 2.0.5 (/opt/ros/foxy/share/std_msgs/cmake)
[0.666s] -- Using all available rosidl_typesupport_c: rosidl_typesupport_fastrtps_c;rosidl_typesupport_introspection_c
[0.672s] -- Found rosidl_adapter: 1.3.1 (/opt/ros/foxy/share/rosidl_adapter/cmake)
[0.938s] -- Using all available rosidl_typesupport_cpp: rosidl_typesupport_fastrtps_cpp;rosidl_typesupport_introspection_cpp
[1.023s] -- Found rclcpp: 2.4.3 (/opt/ros/foxy/share/rclcpp/cmake)
[1.114s] -- Found rmw_implementation_cmake: 1.0.4 (/opt/ros/foxy/share/rmw_implementation_cmake/cmake)
[1.114s] -- Using RMW implementation 'rmw_fastrtps_cpp' as default
[1.369s] -- Found serial_driver: 1.0.0 (/opt/ros/foxy/share/serial_driver/cmake)
[2.031s] -- Found ament_lint_auto: 0.9.8 (/opt/ros/foxy/share/ament_lint_auto/cmake)
[2.179s] -- Added test 'copyright' to check source files copyright and LICENSE
[2.180s] -- Added test 'cppcheck' to perform static code analysis on C / C++ code
[2.181s] -- Configured cppcheck include dirs: 
[2.181s] -- Configured cppcheck exclude dirs and/or files: 
[2.182s] -- Added test 'cpplint' to check C / C++ code against the Google style
[2.182s] -- Configured cpplint exclude dirs and/or files: 
[2.184s] -- Added test 'lint_cmake' to check CMake code style
[2.186s] -- Added test 'uncrustify' to check C / C++ code style
[2.186s] -- Configured uncrustify additional arguments: 
[2.187s] -- Added test 'xmllint' to check XML markup files
[2.195s] -- Configuring done
[2.241s] -- Generating done
[2.244s] -- Build files have been written to: /home/xinchen/Dev/Meta-ROS/build/lidar_driver
[2.348s] [ 50%] [32m[1mLinking CXX executable lidar_driver[0m
[2.800s] /usr/bin/ld: /usr/lib/gcc/aarch64-linux-gnu/9/../../../aarch64-linux-gnu/Scrt1.o: in function `_start':
[2.800s] (.text+0x18): undefined reference to `main'
[2.800s] /usr/bin/ld: (.text+0x1c): undefined reference to `main'
[2.800s] collect2: error: ld returned 1 exit status
[2.804s] make[2]: *** [CMakeFiles/lidar_driver.dir/build.make:217: lidar_driver] Error 1
[2.804s] make[1]: *** [CMakeFiles/Makefile2:105: CMakeFiles/lidar_driver.dir/all] Error 2
[2.805s] make: *** [Makefile:141: all] Error 2
[2.811s] Invoked command in '/home/xinchen/Dev/Meta-ROS/build/lidar_driver' returned '2': CMAKE_PREFIX_PATH=/opt/ros/foxy /usr/bin/cmake --build /home/xinchen/Dev/Meta-ROS/build/lidar_driver -- -j6 -l6
