[0.066s] Invoking command in '/home/xinchen/Dev/Meta-ROS/build/can_interfaces': CMAKE_PREFIX_PATH=/opt/ros/foxy /usr/bin/cmake /home/xinchen/Dev/Meta-ROS/src/can_interfaces -DCMAKE_EXPORT_COMPILE_COMMANDS=On -DCMAKE_INSTALL_PREFIX=/home/xinchen/Dev/Meta-ROS/install/can_interfaces
[0.220s] -- The C compiler identification is GNU 9.4.0
[0.364s] -- The CXX compiler identification is GNU 9.4.0
[0.371s] -- Check for working C compiler: /usr/bin/cc
[0.544s] -- Check for working C compiler: /usr/bin/cc -- works
[0.545s] -- Detecting C compiler ABI info
[0.723s] -- Detecting C compiler ABI info - done
[0.749s] -- Detecting C compile features
[0.751s] -- Detecting C compile features - done
[0.757s] -- Check for working CXX compiler: /usr/bin/c++
[0.994s] -- Check for working CXX compiler: /usr/bin/c++ -- works
[0.996s] -- Detecting CXX compiler ABI info
[1.179s] -- Detecting CXX compiler ABI info - done
[1.206s] -- Detecting CXX compile features
[1.207s] -- Detecting CXX compile features - done
[1.212s] -- Found ament_cmake: 0.9.12 (/opt/ros/foxy/share/ament_cmake/cmake)
[1.266s] -- Found PythonInterp: /usr/bin/python3 (found suitable version "3.8.10", minimum required is "3") 
[1.267s] -- Using PYTHON_EXECUTABLE: /usr/bin/python3
[1.718s] -- Found rosidl_default_generators: 1.0.1 (/opt/ros/foxy/share/rosidl_default_generators/cmake)
[1.724s] -- Using all available rosidl_typesupport_c: rosidl_typesupport_fastrtps_c;rosidl_typesupport_introspection_c
[1.743s] -- Found rosidl_adapter: 1.3.1 (/opt/ros/foxy/share/rosidl_adapter/cmake)
[2.052s] -- Found OpenSSL: /usr/lib/aarch64-linux-gnu/libcrypto.so (found version "1.1.1f")  
[2.137s] -- Found FastRTPS: /opt/ros/foxy/include  
[2.335s] -- Using all available rosidl_typesupport_cpp: rosidl_typesupport_fastrtps_cpp;rosidl_typesupport_introspection_cpp
[2.434s] -- Found PythonInterp: /usr/bin/python3 (found version "3.8.10") 
[2.837s] CMake Error at /opt/ros/foxy/share/rosidl_adapter/cmake/rosidl_adapt_interfaces.cmake:60 (message):
[2.838s]   execute_process(/usr/bin/python3 -m rosidl_adapter --package-name
[2.838s]   can_interfaces --arguments-file
[2.838s]   /home/xinchen/Dev/Meta-ROS/build/can_interfaces/rosidl_adapter__arguments__can_interfaces.json
[2.838s]   --output-dir
[2.838s]   /home/xinchen/Dev/Meta-ROS/build/can_interfaces/rosidl_adapter/can_interfaces
[2.838s]   --output-file
[2.839s]   /home/xinchen/Dev/Meta-ROS/build/can_interfaces/rosidl_adapter/can_interfaces.idls)
[2.839s]   returned error code 1:
[2.839s] 
[2.839s]   Error processing 'float p_des' of 'can_interfaces/MITData': ''float' is an
[2.839s]   invalid message name.  It should have the pattern '^[A-Z][A-Za-z0-9]*$''
[2.839s] 
[2.839s]   Traceback (most recent call last):
[2.839s] 
[2.840s]     File "/usr/lib/python3.8/runpy.py", line 194, in _run_module_as_main
[2.840s]       return _run_code(code, main_globals, None,
[2.840s]     File "/usr/lib/python3.8/runpy.py", line 87, in _run_code
[2.840s]       exec(code, run_globals)
[2.840s]     File "/opt/ros/foxy/lib/python3.8/site-packages/rosidl_adapter/__main__.py", line 19, in <module>
[2.840s]       sys.exit(main())
[2.840s]     File "/opt/ros/foxy/lib/python3.8/site-packages/rosidl_adapter/main.py", line 53, in main
[2.841s]       abs_idl_file = convert_to_idl(
[2.841s]     File "/opt/ros/foxy/lib/python3.8/site-packages/rosidl_adapter/__init__.py", line 19, in convert_to_idl
[2.841s]       return convert_msg_to_idl(
[2.841s]     File "/opt/ros/foxy/lib/python3.8/site-packages/rosidl_adapter/msg/__init__.py", line 28, in convert_msg_to_idl
[2.841s]       msg = parse_message_string(package_name, input_file.stem, content)
[2.841s]     File "/opt/ros/foxy/lib/python3.8/site-packages/rosidl_adapter/parser.py", line 516, in parse_message_string
[2.841s]       Type(type_string, context_package_name=pkg_name),
[2.842s]     File "/opt/ros/foxy/lib/python3.8/site-packages/rosidl_adapter/parser.py", line 276, in __init__
[2.842s]       super(Type, self).__init__(
[2.842s]     File "/opt/ros/foxy/lib/python3.8/site-packages/rosidl_adapter/parser.py", line 204, in __init__
[2.842s]       raise InvalidResourceName(
[2.842s] 
[2.842s]   rosidl_adapter.parser.InvalidResourceName: 'float' is an invalid message
[2.842s]   name.  It should have the pattern '^[A-Z][A-Za-z0-9]*$'
[2.843s] 
[2.843s] Call Stack (most recent call first):
[2.843s]   /opt/ros/foxy/share/rosidl_cmake/cmake/rosidl_generate_interfaces.cmake:130 (rosidl_adapt_interfaces)
[2.843s]   CMakeLists.txt:25 (rosidl_generate_interfaces)
[2.843s] 
[2.843s] 
[2.843s] -- Configuring incomplete, errors occurred!
[2.843s] See also "/home/xinchen/Dev/Meta-ROS/build/can_interfaces/CMakeFiles/CMakeOutput.log".
[2.864s] Invoked command in '/home/xinchen/Dev/Meta-ROS/build/can_interfaces' returned '1': CMAKE_PREFIX_PATH=/opt/ros/foxy /usr/bin/cmake /home/xinchen/Dev/Meta-ROS/src/can_interfaces -DCMAKE_EXPORT_COMPILE_COMMANDS=On -DCMAKE_INSTALL_PREFIX=/home/xinchen/Dev/Meta-ROS/install/can_interfaces
