[0.057s] Invoking command in '/home/xinchen/Dev/Meta-ROS/build/lidar_driver': CMAKE_PREFIX_PATH=/opt/ros/foxy /usr/bin/cmake --build /home/xinchen/Dev/Meta-ROS/build/lidar_driver -- -j6 -l6
[0.150s] [35m[1mScanning dependencies of target lidar_driver[0m
[0.233s] [ 50%] [32mBuilding CXX object CMakeFiles/lidar_driver.dir/src/lidar_driver.cpp.o[0m
[4.381s] [100%] [32m[1mLinking CXX executable lidar_driver[0m
[4.614s] [100%] Built target lidar_driver
[4.646s] Invoked command in '/home/xinchen/Dev/Meta-ROS/build/lidar_driver' returned '0': CMAKE_PREFIX_PATH=/opt/ros/foxy /usr/bin/cmake --build /home/xinchen/Dev/Meta-ROS/build/lidar_driver -- -j6 -l6
[4.698s] Invoking command in '/home/xinchen/Dev/Meta-ROS/build/lidar_driver': CMAKE_PREFIX_PATH=/opt/ros/foxy /usr/bin/cmake --install /home/xinchen/Dev/Meta-ROS/build/lidar_driver
[4.720s] -- Install configuration: ""
[4.721s] -- Installing: /home/xinchen/Dev/Meta-ROS/install/lidar_driver/share/ament_index/resource_index/package_run_dependencies/lidar_driver
[4.721s] -- Up-to-date: /home/xinchen/Dev/Meta-ROS/install/lidar_driver/share/ament_index/resource_index/parent_prefix_path/lidar_driver
[4.722s] -- Up-to-date: /home/xinchen/Dev/Meta-ROS/install/lidar_driver/share/lidar_driver/environment/ament_prefix_path.sh
[4.722s] -- Installing: /home/xinchen/Dev/Meta-ROS/install/lidar_driver/share/lidar_driver/environment/ament_prefix_path.dsv
[4.722s] -- Up-to-date: /home/xinchen/Dev/Meta-ROS/install/lidar_driver/share/lidar_driver/environment/path.sh
[4.722s] -- Installing: /home/xinchen/Dev/Meta-ROS/install/lidar_driver/share/lidar_driver/environment/path.dsv
[4.723s] -- Up-to-date: /home/xinchen/Dev/Meta-ROS/install/lidar_driver/share/lidar_driver/local_setup.bash
[4.723s] -- Up-to-date: /home/xinchen/Dev/Meta-ROS/install/lidar_driver/share/lidar_driver/local_setup.sh
[4.723s] -- Up-to-date: /home/xinchen/Dev/Meta-ROS/install/lidar_driver/share/lidar_driver/local_setup.zsh
[4.723s] -- Installing: /home/xinchen/Dev/Meta-ROS/install/lidar_driver/share/lidar_driver/local_setup.dsv
[4.725s] -- Up-to-date: /home/xinchen/Dev/Meta-ROS/install/lidar_driver/share/lidar_driver/package.dsv
[4.725s] -- Up-to-date: /home/xinchen/Dev/Meta-ROS/install/lidar_driver/share/ament_index/resource_index/packages/lidar_driver
[4.726s] -- Up-to-date: /home/xinchen/Dev/Meta-ROS/install/lidar_driver/share/lidar_driver/cmake/lidar_driverConfig.cmake
[4.726s] -- Up-to-date: /home/xinchen/Dev/Meta-ROS/install/lidar_driver/share/lidar_driver/cmake/lidar_driverConfig-version.cmake
[4.726s] -- Installing: /home/xinchen/Dev/Meta-ROS/install/lidar_driver/share/lidar_driver/package.xml
[4.741s] Invoked command in '/home/xinchen/Dev/Meta-ROS/build/lidar_driver' returned '0': CMAKE_PREFIX_PATH=/opt/ros/foxy /usr/bin/cmake --install /home/xinchen/Dev/Meta-ROS/build/lidar_driver
