[0.651s] DEBUG:colcon:Command line arguments: ['/usr/bin/colcon', 'list', '-p', '--base-paths', '/home/xinchen/Dev/Meta-ROS']
[0.652s] DEBUG:colcon:Parsed command line arguments: Namespace(allow_overriding=[], base_paths=['/home/xinchen/Dev/Meta-ROS'], build_base='build', ignore_user_meta=False, log_base=None, log_level=None, main=<bound method ListVerb.main of <colcon_package_information.verb.list.ListVerb object at 0xffffb6576700>>, metas=['./colcon.meta'], names_only=False, packages_above=None, packages_above_and_dependencies=None, packages_above_depth=None, packages_end=None, packages_ignore=None, packages_ignore_regex=None, packages_select=None, packages_select_build_failed=False, packages_select_by_dep=None, packages_select_regex=None, packages_select_test_failures=False, packages_skip=None, packages_skip_build_finished=False, packages_skip_by_dep=None, packages_skip_regex=None, packages_skip_test_passed=False, packages_skip_up_to=None, packages_start=None, packages_up_to=None, packages_up_to_regex=None, paths=None, paths_only=True, topological_graph=False, topological_graph_density=False, topological_graph_dot=False, topological_graph_dot_cluster=False, topological_graph_dot_include_skipped=False, topological_graph_legend=False, topological_order=False, verb_extension=<colcon_package_information.verb.list.ListVerb object at 0xffffb6576700>, verb_name='list', verb_parser=<colcon_defaults.argument_parser.defaults.DefaultArgumentsDecorator object at 0xffffb64e7580>)
[0.714s] Level 1:colcon.colcon_core.package_discovery:discover_packages(colcon_meta) check parameters
[0.715s] Level 1:colcon.colcon_core.package_discovery:discover_packages(recursive) check parameters
[0.715s] Level 1:colcon.colcon_core.package_discovery:discover_packages(ignore) check parameters
[0.715s] Level 1:colcon.colcon_core.package_discovery:discover_packages(path) check parameters
[0.715s] Level 1:colcon.colcon_core.package_discovery:discover_packages(recursive) discover
[0.715s] INFO:colcon.colcon_core.package_discovery:Crawling recursively for packages in '/home/xinchen/Dev/Meta-ROS'
[0.715s] Level 1:colcon.colcon_core.package_identification:_identify(/home/xinchen/Dev/Meta-ROS) by extensions ['ignore', 'ignore_ament_install']
[0.716s] Level 1:colcon.colcon_core.package_identification:_identify(/home/xinchen/Dev/Meta-ROS) by extension 'ignore'
[0.716s] Level 1:colcon.colcon_core.package_identification:_identify(/home/xinchen/Dev/Meta-ROS) by extension 'ignore_ament_install'
[0.716s] Level 1:colcon.colcon_core.package_identification:_identify(/home/xinchen/Dev/Meta-ROS) by extensions ['colcon_pkg']
[0.716s] Level 1:colcon.colcon_core.package_identification:_identify(/home/xinchen/Dev/Meta-ROS) by extension 'colcon_pkg'
[0.716s] Level 1:colcon.colcon_core.package_identification:_identify(/home/xinchen/Dev/Meta-ROS) by extensions ['colcon_meta']
[0.716s] Level 1:colcon.colcon_core.package_identification:_identify(/home/xinchen/Dev/Meta-ROS) by extension 'colcon_meta'
[0.716s] Level 1:colcon.colcon_core.package_identification:_identify(/home/xinchen/Dev/Meta-ROS) by extensions ['ros']
[0.716s] Level 1:colcon.colcon_core.package_identification:_identify(/home/xinchen/Dev/Meta-ROS) by extension 'ros'
[0.765s] Level 1:colcon.colcon_core.package_identification:_identify(/home/xinchen/Dev/Meta-ROS) by extensions ['cmake', 'python']
[0.765s] Level 1:colcon.colcon_core.package_identification:_identify(/home/xinchen/Dev/Meta-ROS) by extension 'cmake'
[0.765s] Level 1:colcon.colcon_core.package_identification:_identify(/home/xinchen/Dev/Meta-ROS) by extension 'python'
[0.765s] Level 1:colcon.colcon_core.package_identification:_identify(/home/xinchen/Dev/Meta-ROS) by extensions ['python_setup_py']
[0.765s] Level 1:colcon.colcon_core.package_identification:_identify(/home/xinchen/Dev/Meta-ROS) by extension 'python_setup_py'
[0.766s] Level 1:colcon.colcon_core.package_identification:_identify(/home/xinchen/Dev/Meta-ROS/build) by extensions ['ignore', 'ignore_ament_install']
[0.766s] Level 1:colcon.colcon_core.package_identification:_identify(/home/xinchen/Dev/Meta-ROS/build) by extension 'ignore'
[0.766s] Level 1:colcon.colcon_core.package_identification:_identify(/home/xinchen/Dev/Meta-ROS/build) ignored
[0.767s] Level 1:colcon.colcon_core.package_identification:_identify(/home/xinchen/Dev/Meta-ROS/install) by extensions ['ignore', 'ignore_ament_install']
[0.767s] Level 1:colcon.colcon_core.package_identification:_identify(/home/xinchen/Dev/Meta-ROS/install) by extension 'ignore'
[0.767s] Level 1:colcon.colcon_core.package_identification:_identify(/home/xinchen/Dev/Meta-ROS/install) ignored
[0.767s] Level 1:colcon.colcon_core.package_identification:_identify(/home/xinchen/Dev/Meta-ROS/log) by extensions ['ignore', 'ignore_ament_install']
[0.767s] Level 1:colcon.colcon_core.package_identification:_identify(/home/xinchen/Dev/Meta-ROS/log) by extension 'ignore'
[0.768s] Level 1:colcon.colcon_core.package_identification:_identify(/home/xinchen/Dev/Meta-ROS/log) ignored
[0.768s] Level 1:colcon.colcon_core.package_identification:_identify(/home/xinchen/Dev/Meta-ROS/src) by extensions ['ignore', 'ignore_ament_install']
[0.768s] Level 1:colcon.colcon_core.package_identification:_identify(/home/xinchen/Dev/Meta-ROS/src) by extension 'ignore'
[0.768s] Level 1:colcon.colcon_core.package_identification:_identify(/home/xinchen/Dev/Meta-ROS/src) by extension 'ignore_ament_install'
[0.768s] Level 1:colcon.colcon_core.package_identification:_identify(/home/xinchen/Dev/Meta-ROS/src) by extensions ['colcon_pkg']
[0.768s] Level 1:colcon.colcon_core.package_identification:_identify(/home/xinchen/Dev/Meta-ROS/src) by extension 'colcon_pkg'
[0.768s] Level 1:colcon.colcon_core.package_identification:_identify(/home/xinchen/Dev/Meta-ROS/src) by extensions ['colcon_meta']
[0.769s] Level 1:colcon.colcon_core.package_identification:_identify(/home/xinchen/Dev/Meta-ROS/src) by extension 'colcon_meta'
[0.769s] Level 1:colcon.colcon_core.package_identification:_identify(/home/xinchen/Dev/Meta-ROS/src) by extensions ['ros']
[0.769s] Level 1:colcon.colcon_core.package_identification:_identify(/home/xinchen/Dev/Meta-ROS/src) by extension 'ros'
[0.769s] Level 1:colcon.colcon_core.package_identification:_identify(/home/xinchen/Dev/Meta-ROS/src) by extensions ['cmake', 'python']
[0.769s] Level 1:colcon.colcon_core.package_identification:_identify(/home/xinchen/Dev/Meta-ROS/src) by extension 'cmake'
[0.769s] Level 1:colcon.colcon_core.package_identification:_identify(/home/xinchen/Dev/Meta-ROS/src) by extension 'python'
[0.769s] Level 1:colcon.colcon_core.package_identification:_identify(/home/xinchen/Dev/Meta-ROS/src) by extensions ['python_setup_py']
[0.769s] Level 1:colcon.colcon_core.package_identification:_identify(/home/xinchen/Dev/Meta-ROS/src) by extension 'python_setup_py'
[0.770s] Level 1:colcon.colcon_core.package_identification:_identify(/home/xinchen/Dev/Meta-ROS/src/can_driver) by extensions ['ignore', 'ignore_ament_install']
[0.770s] Level 1:colcon.colcon_core.package_identification:_identify(/home/xinchen/Dev/Meta-ROS/src/can_driver) by extension 'ignore'
[0.770s] Level 1:colcon.colcon_core.package_identification:_identify(/home/xinchen/Dev/Meta-ROS/src/can_driver) by extension 'ignore_ament_install'
[0.770s] Level 1:colcon.colcon_core.package_identification:_identify(/home/xinchen/Dev/Meta-ROS/src/can_driver) by extensions ['colcon_pkg']
[0.770s] Level 1:colcon.colcon_core.package_identification:_identify(/home/xinchen/Dev/Meta-ROS/src/can_driver) by extension 'colcon_pkg'
[0.770s] Level 1:colcon.colcon_core.package_identification:_identify(/home/xinchen/Dev/Meta-ROS/src/can_driver) by extensions ['colcon_meta']
[0.770s] Level 1:colcon.colcon_core.package_identification:_identify(/home/xinchen/Dev/Meta-ROS/src/can_driver) by extension 'colcon_meta'
[0.770s] Level 1:colcon.colcon_core.package_identification:_identify(/home/xinchen/Dev/Meta-ROS/src/can_driver) by extensions ['ros']
[0.770s] Level 1:colcon.colcon_core.package_identification:_identify(/home/xinchen/Dev/Meta-ROS/src/can_driver) by extension 'ros'
[0.776s] DEBUG:colcon.colcon_core.package_identification:Package '/home/xinchen/Dev/Meta-ROS/src/can_driver' with type 'ros.ament_cmake' and name 'can_driver'
[0.776s] Level 1:colcon.colcon_core.package_identification:_identify(/home/xinchen/Dev/Meta-ROS/src/can_interfaces) by extensions ['ignore', 'ignore_ament_install']
[0.777s] Level 1:colcon.colcon_core.package_identification:_identify(/home/xinchen/Dev/Meta-ROS/src/can_interfaces) by extension 'ignore'
[0.777s] Level 1:colcon.colcon_core.package_identification:_identify(/home/xinchen/Dev/Meta-ROS/src/can_interfaces) by extension 'ignore_ament_install'
[0.777s] Level 1:colcon.colcon_core.package_identification:_identify(/home/xinchen/Dev/Meta-ROS/src/can_interfaces) by extensions ['colcon_pkg']
[0.777s] Level 1:colcon.colcon_core.package_identification:_identify(/home/xinchen/Dev/Meta-ROS/src/can_interfaces) by extension 'colcon_pkg'
[0.777s] Level 1:colcon.colcon_core.package_identification:_identify(/home/xinchen/Dev/Meta-ROS/src/can_interfaces) by extensions ['colcon_meta']
[0.777s] Level 1:colcon.colcon_core.package_identification:_identify(/home/xinchen/Dev/Meta-ROS/src/can_interfaces) by extension 'colcon_meta'
[0.778s] Level 1:colcon.colcon_core.package_identification:_identify(/home/xinchen/Dev/Meta-ROS/src/can_interfaces) by extensions ['ros']
[0.778s] Level 1:colcon.colcon_core.package_identification:_identify(/home/xinchen/Dev/Meta-ROS/src/can_interfaces) by extension 'ros'
[0.779s] DEBUG:colcon.colcon_core.package_identification:Package '/home/xinchen/Dev/Meta-ROS/src/can_interfaces' with type 'ros.ament_cmake' and name 'can_interfaces'
[0.779s] Level 1:colcon.colcon_core.package_identification:_identify(/home/xinchen/Dev/Meta-ROS/src/lidar_driver) by extensions ['ignore', 'ignore_ament_install']
[0.779s] Level 1:colcon.colcon_core.package_identification:_identify(/home/xinchen/Dev/Meta-ROS/src/lidar_driver) by extension 'ignore'
[0.779s] Level 1:colcon.colcon_core.package_identification:_identify(/home/xinchen/Dev/Meta-ROS/src/lidar_driver) by extension 'ignore_ament_install'
[0.779s] Level 1:colcon.colcon_core.package_identification:_identify(/home/xinchen/Dev/Meta-ROS/src/lidar_driver) by extensions ['colcon_pkg']
[0.780s] Level 1:colcon.colcon_core.package_identification:_identify(/home/xinchen/Dev/Meta-ROS/src/lidar_driver) by extension 'colcon_pkg'
[0.780s] Level 1:colcon.colcon_core.package_identification:_identify(/home/xinchen/Dev/Meta-ROS/src/lidar_driver) by extensions ['colcon_meta']
[0.780s] Level 1:colcon.colcon_core.package_identification:_identify(/home/xinchen/Dev/Meta-ROS/src/lidar_driver) by extension 'colcon_meta'
[0.780s] Level 1:colcon.colcon_core.package_identification:_identify(/home/xinchen/Dev/Meta-ROS/src/lidar_driver) by extensions ['ros']
[0.780s] Level 1:colcon.colcon_core.package_identification:_identify(/home/xinchen/Dev/Meta-ROS/src/lidar_driver) by extension 'ros'
[0.781s] DEBUG:colcon.colcon_core.package_identification:Package '/home/xinchen/Dev/Meta-ROS/src/lidar_driver' with type 'ros.ament_cmake' and name 'lidar_driver'
[0.781s] Level 1:colcon.colcon_core.package_discovery:discover_packages(recursive) using defaults
