-- Found ament_cmake: 0.9.12 (/opt/ros/foxy/share/ament_cmake/cmake)
-- Using PYTHON_EXECUTABLE: /usr/bin/python3
-- Found can_interfaces: 0.0.0 (/home/xinchen/Dev/Meta-ROS/install/can_interfaces/share/can_interfaces/cmake)
-- Found ament_lint_auto: 0.9.8 (/opt/ros/foxy/share/ament_lint_auto/cmake)
-- Added test 'copyright' to check source files copyright and LICENSE
-- Added test 'cppcheck' to perform static code analysis on C / C++ code
-- Configured cppcheck include dirs: 
-- Configured cppcheck exclude dirs and/or files: 
-- Added test 'cpplint' to check C / C++ code against the Google style
-- Configured cpplint exclude dirs and/or files: 
-- Added test 'lint_cmake' to check CMake code style
-- Added test 'uncrustify' to check C / C++ code style
-- Configured uncrustify additional arguments: 
-- Added test 'xmllint' to check XML markup files
-- Configuring done
-- Generating done
-- Build files have been written to: /home/xinchen/Dev/Meta-ROS/build/can_driver
-- Install configuration: ""
-- Installing: /home/xinchen/Dev/Meta-ROS/install/can_driver/share/ament_index/resource_index/package_run_dependencies/can_driver
-- Installing: /home/xinchen/Dev/Meta-ROS/install/can_driver/share/ament_index/resource_index/parent_prefix_path/can_driver
-- Up-to-date: /home/xinchen/Dev/Meta-ROS/install/can_driver/share/can_driver/environment/ament_prefix_path.sh
-- Installing: /home/xinchen/Dev/Meta-ROS/install/can_driver/share/can_driver/environment/ament_prefix_path.dsv
-- Up-to-date: /home/xinchen/Dev/Meta-ROS/install/can_driver/share/can_driver/environment/path.sh
-- Installing: /home/xinchen/Dev/Meta-ROS/install/can_driver/share/can_driver/environment/path.dsv
-- Up-to-date: /home/xinchen/Dev/Meta-ROS/install/can_driver/share/can_driver/local_setup.bash
-- Up-to-date: /home/xinchen/Dev/Meta-ROS/install/can_driver/share/can_driver/local_setup.sh
-- Up-to-date: /home/xinchen/Dev/Meta-ROS/install/can_driver/share/can_driver/local_setup.zsh
-- Installing: /home/xinchen/Dev/Meta-ROS/install/can_driver/share/can_driver/local_setup.dsv
-- Installing: /home/xinchen/Dev/Meta-ROS/install/can_driver/share/can_driver/package.dsv
-- Up-to-date: /home/xinchen/Dev/Meta-ROS/install/can_driver/share/ament_index/resource_index/packages/can_driver
-- Up-to-date: /home/xinchen/Dev/Meta-ROS/install/can_driver/share/can_driver/cmake/can_driverConfig.cmake
-- Up-to-date: /home/xinchen/Dev/Meta-ROS/install/can_driver/share/can_driver/cmake/can_driverConfig-version.cmake
-- Installing: /home/xinchen/Dev/Meta-ROS/install/can_driver/share/can_driver/package.xml
