[0.081s] Invoking command in '/home/xinchen/Dev/Meta-ROS/build/can_driver': CMAKE_PREFIX_PATH=/opt/ros/foxy /usr/bin/cmake --build /home/xinchen/Dev/Meta-ROS/build/can_driver -- -j6 -l6
[0.186s] Invoked command in '/home/xinchen/Dev/Meta-ROS/build/can_driver' returned '0': CMAKE_PREFIX_PATH=/opt/ros/foxy /usr/bin/cmake --build /home/xinchen/Dev/Meta-ROS/build/can_driver -- -j6 -l6
[0.292s] Invoking command in '/home/xinchen/Dev/Meta-ROS/build/can_driver': CMAKE_PREFIX_PATH=/opt/ros/foxy /usr/bin/cmake --install /home/xinchen/Dev/Meta-ROS/build/can_driver
[0.325s] -- Install configuration: ""
[0.327s] -- Up-to-date: /home/xinchen/Dev/Meta-ROS/install/can_driver/share/ament_index/resource_index/package_run_dependencies/can_driver
[0.334s] -- Up-to-date: /home/xinchen/Dev/Meta-ROS/install/can_driver/share/ament_index/resource_index/parent_prefix_path/can_driver
[0.335s] -- Up-to-date: /home/xinchen/Dev/Meta-ROS/install/can_driver/share/can_driver/environment/ament_prefix_path.sh
[0.335s] -- Up-to-date: /home/xinchen/Dev/Meta-ROS/install/can_driver/share/can_driver/environment/ament_prefix_path.dsv
[0.335s] -- Up-to-date: /home/xinchen/Dev/Meta-ROS/install/can_driver/share/can_driver/environment/path.sh
[0.335s] -- Up-to-date: /home/xinchen/Dev/Meta-ROS/install/can_driver/share/can_driver/environment/path.dsv
[0.335s] -- Up-to-date: /home/xinchen/Dev/Meta-ROS/install/can_driver/share/can_driver/local_setup.bash
[0.335s] -- Up-to-date: /home/xinchen/Dev/Meta-ROS/install/can_driver/share/can_driver/local_setup.sh
[0.335s] -- Up-to-date: /home/xinchen/Dev/Meta-ROS/install/can_driver/share/can_driver/local_setup.zsh
[0.336s] -- Up-to-date: /home/xinchen/Dev/Meta-ROS/install/can_driver/share/can_driver/local_setup.dsv
[0.336s] -- Installing: /home/xinchen/Dev/Meta-ROS/install/can_driver/share/can_driver/package.dsv
[0.336s] -- Up-to-date: /home/xinchen/Dev/Meta-ROS/install/can_driver/share/ament_index/resource_index/packages/can_driver
[0.336s] -- Up-to-date: /home/xinchen/Dev/Meta-ROS/install/can_driver/share/can_driver/cmake/can_driverConfig.cmake
[0.336s] -- Up-to-date: /home/xinchen/Dev/Meta-ROS/install/can_driver/share/can_driver/cmake/can_driverConfig-version.cmake
[0.336s] -- Up-to-date: /home/xinchen/Dev/Meta-ROS/install/can_driver/share/can_driver/package.xml
[0.344s] Invoked command in '/home/xinchen/Dev/Meta-ROS/build/can_driver' returned '0': CMAKE_PREFIX_PATH=/opt/ros/foxy /usr/bin/cmake --install /home/xinchen/Dev/Meta-ROS/build/can_driver
