[0.055s] Invoking command in '/home/xinchen/Dev/Meta-ROS/build/lidar_driver': CMAKE_PREFIX_PATH=/opt/ros/foxy /usr/bin/cmake --build /home/xinchen/Dev/Meta-ROS/build/lidar_driver -- -j6 -l6
[0.137s] -- Found ament_cmake: 0.9.12 (/opt/ros/foxy/share/ament_cmake/cmake)
[0.188s] -- Using PYTHON_EXECUTABLE: /usr/bin/python3
[0.653s] -- Found std_msgs: 2.0.5 (/opt/ros/foxy/share/std_msgs/cmake)
[0.700s] -- Using all available rosidl_typesupport_c: rosidl_typesupport_fastrtps_c;rosidl_typesupport_introspection_c
[0.710s] -- Found rosidl_adapter: 1.3.1 (/opt/ros/foxy/share/rosidl_adapter/cmake)
[0.989s] -- Using all available rosidl_typesupport_cpp: rosidl_typesupport_fastrtps_cpp;rosidl_typesupport_introspection_cpp
[1.077s] -- Found rclcpp: 2.4.3 (/opt/ros/foxy/share/rclcpp/cmake)
[1.165s] -- Found rmw_implementation_cmake: 1.0.4 (/opt/ros/foxy/share/rmw_implementation_cmake/cmake)
[1.169s] -- Using RMW implementation 'rmw_fastrtps_cpp' as default
[1.458s] CMake Error at /opt/ros/foxy/share/ament_cmake_target_dependencies/cmake/ament_target_dependencies.cmake:77 (message):
[1.459s]   ament_target_dependencies() the passed package name 'serial' was not found
[1.459s]   before
[1.459s] Call Stack (most recent call first):
[1.459s]   CMakeLists.txt:28 (ament_target_dependencies)
[1.459s] 
[1.459s] 
[1.462s] -- Configuring incomplete, errors occurred!
[1.462s] See also "/home/xinchen/Dev/Meta-ROS/build/lidar_driver/CMakeFiles/CMakeOutput.log".
[1.462s] See also "/home/xinchen/Dev/Meta-ROS/build/lidar_driver/CMakeFiles/CMakeError.log".
[1.481s] make: *** [Makefile:266: cmake_check_build_system] Error 1
[1.486s] Invoked command in '/home/xinchen/Dev/Meta-ROS/build/lidar_driver' returned '2': CMAKE_PREFIX_PATH=/opt/ros/foxy /usr/bin/cmake --build /home/xinchen/Dev/Meta-ROS/build/lidar_driver -- -j6 -l6
