[0.053s] Invoking command in '/home/xinchen/Dev/Meta-ROS/build/lidar_driver': CMAKE_PREFIX_PATH=/opt/ros/foxy /usr/bin/cmake --build /home/xinchen/Dev/Meta-ROS/build/lidar_driver -- -j6 -l6
[0.108s] -- Found ament_cmake: 0.9.12 (/opt/ros/foxy/share/ament_cmake/cmake)
[0.160s] -- Using PYTHON_EXECUTABLE: /usr/bin/python3
[0.596s] -- Found std_msgs: 2.0.5 (/opt/ros/foxy/share/std_msgs/cmake)
[0.637s] -- Using all available rosidl_typesupport_c: rosidl_typesupport_fastrtps_c;rosidl_typesupport_introspection_c
[0.643s] -- Found rosidl_adapter: 1.3.1 (/opt/ros/foxy/share/rosidl_adapter/cmake)
[0.892s] -- Using all available rosidl_typesupport_cpp: rosidl_typesupport_fastrtps_cpp;rosidl_typesupport_introspection_cpp
[0.973s] -- Found rclcpp: 2.4.3 (/opt/ros/foxy/share/rclcpp/cmake)
[1.041s] -- Found rmw_implementation_cmake: 1.0.4 (/opt/ros/foxy/share/rmw_implementation_cmake/cmake)
[1.042s] -- Using RMW implementation 'rmw_fastrtps_cpp' as default
[1.293s] CMake Error at /opt/ros/foxy/share/ament_cmake_target_dependencies/cmake/ament_target_dependencies.cmake:77 (message):
[1.293s]   ament_target_dependencies() the passed package name 'serial' was not found
[1.294s]   before
[1.294s] Call Stack (most recent call first):
[1.294s]   CMakeLists.txt:29 (ament_target_dependencies)
[1.294s] 
[1.294s] 
[1.296s] -- Configuring incomplete, errors occurred!
[1.296s] See also "/home/xinchen/Dev/Meta-ROS/build/lidar_driver/CMakeFiles/CMakeOutput.log".
[1.296s] See also "/home/xinchen/Dev/Meta-ROS/build/lidar_driver/CMakeFiles/CMakeError.log".
[1.316s] make: *** [Makefile:266: cmake_check_build_system] Error 1
[1.321s] Invoked command in '/home/xinchen/Dev/Meta-ROS/build/lidar_driver' returned '2': CMAKE_PREFIX_PATH=/opt/ros/foxy /usr/bin/cmake --build /home/xinchen/Dev/Meta-ROS/build/lidar_driver -- -j6 -l6
