[0.961s] DEBUG:colcon:Command line arguments: ['/usr/bin/colcon', 'build', '--cmake-args', '-DCMAKE_EXPORT_COMPILE_COMMANDS=On']
[0.961s] DEBUG:colcon:Parsed command line arguments: Namespace(allow_overriding=[], ament_cmake_args=None, base_paths=['.'], build_base='build', catkin_cmake_args=None, catkin_skip_building_tests=False, cmake_args=['-DCMAKE_EXPORT_COMPILE_COMMANDS=On'], cmake_clean_cache=False, cmake_clean_first=False, cmake_force_configure=False, cmake_target=None, cmake_target_skip_unavailable=False, continue_on_error=False, event_handlers=None, executor='parallel', ignore_user_meta=False, install_base='install', log_base=None, log_level=None, main=<bound method BuildVerb.main of <colcon_core.verb.build.BuildVerb object at 0xffffada8b6a0>>, merge_install=False, metas=['./colcon.meta'], packages_above=None, packages_above_and_dependencies=None, packages_above_depth=None, packages_end=None, packages_ignore=None, packages_ignore_regex=None, packages_select=None, packages_select_build_failed=False, packages_select_by_dep=None, packages_select_regex=None, packages_select_test_failures=False, packages_skip=None, packages_skip_build_finished=False, packages_skip_by_dep=None, packages_skip_regex=None, packages_skip_test_passed=False, packages_skip_up_to=None, packages_start=None, packages_up_to=None, packages_up_to_regex=None, parallel_workers=6, paths=None, symlink_install=False, test_result_base=None, verb_extension=<colcon_core.verb.build.BuildVerb object at 0xffffada8b6a0>, verb_name='build', verb_parser=<colcon_defaults.argument_parser.defaults.DefaultArgumentsDecorator object at 0xffffada8bbe0>)
[1.064s] Level 1:colcon.colcon_core.package_discovery:discover_packages(colcon_meta) check parameters
[1.064s] Level 1:colcon.colcon_core.package_discovery:discover_packages(recursive) check parameters
[1.064s] Level 1:colcon.colcon_core.package_discovery:discover_packages(ignore) check parameters
[1.065s] Level 1:colcon.colcon_core.package_discovery:discover_packages(path) check parameters
[1.065s] Level 1:colcon.colcon_core.package_discovery:discover_packages(colcon_meta) discover
[1.065s] Level 1:colcon.colcon_core.package_discovery:discover_packages(recursive) discover
[1.065s] INFO:colcon.colcon_core.package_discovery:Crawling recursively for packages in '/home/xinchen/Dev/Meta-ROS'
[1.065s] Level 1:colcon.colcon_core.package_identification:_identify(.) by extensions ['ignore', 'ignore_ament_install']
[1.065s] Level 1:colcon.colcon_core.package_identification:_identify(.) by extension 'ignore'
[1.066s] Level 1:colcon.colcon_core.package_identification:_identify(.) by extension 'ignore_ament_install'
[1.066s] Level 1:colcon.colcon_core.package_identification:_identify(.) by extensions ['colcon_pkg']
[1.066s] Level 1:colcon.colcon_core.package_identification:_identify(.) by extension 'colcon_pkg'
[1.066s] Level 1:colcon.colcon_core.package_identification:_identify(.) by extensions ['colcon_meta']
[1.066s] Level 1:colcon.colcon_core.package_identification:_identify(.) by extension 'colcon_meta'
[1.066s] Level 1:colcon.colcon_core.package_identification:_identify(.) by extensions ['ros']
[1.066s] Level 1:colcon.colcon_core.package_identification:_identify(.) by extension 'ros'
[1.091s] Level 1:colcon.colcon_core.package_identification:_identify(.) by extensions ['cmake', 'python']
[1.091s] Level 1:colcon.colcon_core.package_identification:_identify(.) by extension 'cmake'
[1.091s] Level 1:colcon.colcon_core.package_identification:_identify(.) by extension 'python'
[1.091s] Level 1:colcon.colcon_core.package_identification:_identify(.) by extensions ['python_setup_py']
[1.092s] Level 1:colcon.colcon_core.package_identification:_identify(.) by extension 'python_setup_py'
[1.092s] Level 1:colcon.colcon_core.package_identification:_identify(build) by extensions ['ignore', 'ignore_ament_install']
[1.092s] Level 1:colcon.colcon_core.package_identification:_identify(build) by extension 'ignore'
[1.092s] Level 1:colcon.colcon_core.package_identification:_identify(build) ignored
[1.093s] Level 1:colcon.colcon_core.package_identification:_identify(install) by extensions ['ignore', 'ignore_ament_install']
[1.093s] Level 1:colcon.colcon_core.package_identification:_identify(install) by extension 'ignore'
[1.093s] Level 1:colcon.colcon_core.package_identification:_identify(install) ignored
[1.093s] Level 1:colcon.colcon_core.package_identification:_identify(log) by extensions ['ignore', 'ignore_ament_install']
[1.093s] Level 1:colcon.colcon_core.package_identification:_identify(log) by extension 'ignore'
[1.093s] Level 1:colcon.colcon_core.package_identification:_identify(log) ignored
[1.094s] Level 1:colcon.colcon_core.package_identification:_identify(src) by extensions ['ignore', 'ignore_ament_install']
[1.094s] Level 1:colcon.colcon_core.package_identification:_identify(src) by extension 'ignore'
[1.094s] Level 1:colcon.colcon_core.package_identification:_identify(src) by extension 'ignore_ament_install'
[1.094s] Level 1:colcon.colcon_core.package_identification:_identify(src) by extensions ['colcon_pkg']
[1.094s] Level 1:colcon.colcon_core.package_identification:_identify(src) by extension 'colcon_pkg'
[1.094s] Level 1:colcon.colcon_core.package_identification:_identify(src) by extensions ['colcon_meta']
[1.094s] Level 1:colcon.colcon_core.package_identification:_identify(src) by extension 'colcon_meta'
[1.094s] Level 1:colcon.colcon_core.package_identification:_identify(src) by extensions ['ros']
[1.094s] Level 1:colcon.colcon_core.package_identification:_identify(src) by extension 'ros'
[1.095s] Level 1:colcon.colcon_core.package_identification:_identify(src) by extensions ['cmake', 'python']
[1.095s] Level 1:colcon.colcon_core.package_identification:_identify(src) by extension 'cmake'
[1.095s] Level 1:colcon.colcon_core.package_identification:_identify(src) by extension 'python'
[1.095s] Level 1:colcon.colcon_core.package_identification:_identify(src) by extensions ['python_setup_py']
[1.095s] Level 1:colcon.colcon_core.package_identification:_identify(src) by extension 'python_setup_py'
[1.095s] Level 1:colcon.colcon_core.package_identification:_identify(src/can_driver) by extensions ['ignore', 'ignore_ament_install']
[1.095s] Level 1:colcon.colcon_core.package_identification:_identify(src/can_driver) by extension 'ignore'
[1.095s] Level 1:colcon.colcon_core.package_identification:_identify(src/can_driver) by extension 'ignore_ament_install'
[1.096s] Level 1:colcon.colcon_core.package_identification:_identify(src/can_driver) by extensions ['colcon_pkg']
[1.096s] Level 1:colcon.colcon_core.package_identification:_identify(src/can_driver) by extension 'colcon_pkg'
[1.096s] Level 1:colcon.colcon_core.package_identification:_identify(src/can_driver) by extensions ['colcon_meta']
[1.096s] Level 1:colcon.colcon_core.package_identification:_identify(src/can_driver) by extension 'colcon_meta'
[1.096s] Level 1:colcon.colcon_core.package_identification:_identify(src/can_driver) by extensions ['ros']
[1.096s] Level 1:colcon.colcon_core.package_identification:_identify(src/can_driver) by extension 'ros'
[1.102s] DEBUG:colcon.colcon_core.package_identification:Package 'src/can_driver' with type 'ros.ament_cmake' and name 'can_driver'
[1.102s] Level 1:colcon.colcon_core.package_identification:_identify(src/can_interfaces) by extensions ['ignore', 'ignore_ament_install']
[1.103s] Level 1:colcon.colcon_core.package_identification:_identify(src/can_interfaces) by extension 'ignore'
[1.103s] Level 1:colcon.colcon_core.package_identification:_identify(src/can_interfaces) by extension 'ignore_ament_install'
[1.103s] Level 1:colcon.colcon_core.package_identification:_identify(src/can_interfaces) by extensions ['colcon_pkg']
[1.103s] Level 1:colcon.colcon_core.package_identification:_identify(src/can_interfaces) by extension 'colcon_pkg'
[1.103s] Level 1:colcon.colcon_core.package_identification:_identify(src/can_interfaces) by extensions ['colcon_meta']
[1.103s] Level 1:colcon.colcon_core.package_identification:_identify(src/can_interfaces) by extension 'colcon_meta'
[1.103s] Level 1:colcon.colcon_core.package_identification:_identify(src/can_interfaces) by extensions ['ros']
[1.103s] Level 1:colcon.colcon_core.package_identification:_identify(src/can_interfaces) by extension 'ros'
[1.104s] DEBUG:colcon.colcon_core.package_identification:Package 'src/can_interfaces' with type 'ros.ament_cmake' and name 'can_interfaces'
[1.105s] Level 1:colcon.colcon_core.package_discovery:discover_packages(recursive) using defaults
[1.105s] Level 1:colcon.colcon_core.package_discovery:discover_packages(ignore) discover
[1.105s] Level 1:colcon.colcon_core.package_discovery:discover_packages(ignore) using defaults
[1.105s] Level 1:colcon.colcon_core.package_discovery:discover_packages(path) discover
[1.105s] Level 1:colcon.colcon_core.package_discovery:discover_packages(path) using defaults
[1.160s] Level 1:colcon.colcon_core.package_discovery:discover_packages(prefix_path) check parameters
[1.161s] Level 1:colcon.colcon_core.package_discovery:discover_packages(prefix_path) discover
[1.171s] DEBUG:colcon.colcon_installed_package_information.package_discovery:Found 308 installed packages in /opt/ros/foxy
[1.174s] Level 1:colcon.colcon_core.package_discovery:discover_packages(prefix_path) using defaults
[1.383s] Level 5:colcon.colcon_core.verb:set package 'can_interfaces' build argument 'cmake_args' from command line to '['-DCMAKE_EXPORT_COMPILE_COMMANDS=On']'
[1.383s] Level 5:colcon.colcon_core.verb:set package 'can_interfaces' build argument 'cmake_target' from command line to 'None'
[1.383s] Level 5:colcon.colcon_core.verb:set package 'can_interfaces' build argument 'cmake_target_skip_unavailable' from command line to 'False'
[1.383s] Level 5:colcon.colcon_core.verb:set package 'can_interfaces' build argument 'cmake_clean_cache' from command line to 'False'
[1.383s] Level 5:colcon.colcon_core.verb:set package 'can_interfaces' build argument 'cmake_clean_first' from command line to 'False'
[1.383s] Level 5:colcon.colcon_core.verb:set package 'can_interfaces' build argument 'cmake_force_configure' from command line to 'False'
[1.383s] Level 5:colcon.colcon_core.verb:set package 'can_interfaces' build argument 'ament_cmake_args' from command line to 'None'
[1.383s] Level 5:colcon.colcon_core.verb:set package 'can_interfaces' build argument 'catkin_cmake_args' from command line to 'None'
[1.384s] Level 5:colcon.colcon_core.verb:set package 'can_interfaces' build argument 'catkin_skip_building_tests' from command line to 'False'
[1.384s] DEBUG:colcon.colcon_core.verb:Building package 'can_interfaces' with the following arguments: {'ament_cmake_args': None, 'build_base': '/home/xinchen/Dev/Meta-ROS/build/can_interfaces', 'catkin_cmake_args': None, 'catkin_skip_building_tests': False, 'cmake_args': ['-DCMAKE_EXPORT_COMPILE_COMMANDS=On'], 'cmake_clean_cache': False, 'cmake_clean_first': False, 'cmake_force_configure': False, 'cmake_target': None, 'cmake_target_skip_unavailable': False, 'install_base': '/home/xinchen/Dev/Meta-ROS/install/can_interfaces', 'merge_install': False, 'path': '/home/xinchen/Dev/Meta-ROS/src/can_interfaces', 'symlink_install': False, 'test_result_base': None}
[1.387s] Level 5:colcon.colcon_core.verb:set package 'can_driver' build argument 'cmake_args' from command line to '['-DCMAKE_EXPORT_COMPILE_COMMANDS=On']'
[1.387s] Level 5:colcon.colcon_core.verb:set package 'can_driver' build argument 'cmake_target' from command line to 'None'
[1.387s] Level 5:colcon.colcon_core.verb:set package 'can_driver' build argument 'cmake_target_skip_unavailable' from command line to 'False'
[1.387s] Level 5:colcon.colcon_core.verb:set package 'can_driver' build argument 'cmake_clean_cache' from command line to 'False'
[1.387s] Level 5:colcon.colcon_core.verb:set package 'can_driver' build argument 'cmake_clean_first' from command line to 'False'
[1.387s] Level 5:colcon.colcon_core.verb:set package 'can_driver' build argument 'cmake_force_configure' from command line to 'False'
[1.387s] Level 5:colcon.colcon_core.verb:set package 'can_driver' build argument 'ament_cmake_args' from command line to 'None'
[1.387s] Level 5:colcon.colcon_core.verb:set package 'can_driver' build argument 'catkin_cmake_args' from command line to 'None'
[1.387s] Level 5:colcon.colcon_core.verb:set package 'can_driver' build argument 'catkin_skip_building_tests' from command line to 'False'
[1.387s] DEBUG:colcon.colcon_core.verb:Building package 'can_driver' with the following arguments: {'ament_cmake_args': None, 'build_base': '/home/xinchen/Dev/Meta-ROS/build/can_driver', 'catkin_cmake_args': None, 'catkin_skip_building_tests': False, 'cmake_args': ['-DCMAKE_EXPORT_COMPILE_COMMANDS=On'], 'cmake_clean_cache': False, 'cmake_clean_first': False, 'cmake_force_configure': False, 'cmake_target': None, 'cmake_target_skip_unavailable': False, 'install_base': '/home/xinchen/Dev/Meta-ROS/install/can_driver', 'merge_install': False, 'path': '/home/xinchen/Dev/Meta-ROS/src/can_driver', 'symlink_install': False, 'test_result_base': None}
[1.390s] INFO:colcon.colcon_core.executor:Executing jobs using 'parallel' executor
[1.402s] DEBUG:colcon.colcon_parallel_executor.executor.parallel:run_until_complete
[1.403s] INFO:colcon.colcon_ros.task.ament_cmake.build:Building ROS package in '/home/xinchen/Dev/Meta-ROS/src/can_interfaces' with build type 'ament_cmake'
[1.403s] INFO:colcon.colcon_cmake.task.cmake.build:Building CMake package in '/home/xinchen/Dev/Meta-ROS/src/can_interfaces'
[1.419s] INFO:colcon.colcon_core.plugin_system:Skipping extension 'colcon_core.shell.bat': Not used on non-Windows systems
[1.420s] INFO:colcon.colcon_core.shell:Skip shell extension 'powershell' for command environment: Not usable outside of PowerShell
[1.420s] DEBUG:colcon.colcon_core.shell:Skip shell extension 'dsv' for command environment
[1.447s] DEBUG:colcon.colcon_core.event_handler.log_command:Invoking command in '/home/xinchen/Dev/Meta-ROS/build/can_interfaces': CMAKE_PREFIX_PATH=/opt/ros/foxy /usr/bin/cmake --build /home/xinchen/Dev/Meta-ROS/build/can_interfaces -- -j6 -l6
[1.978s] DEBUG:colcon.colcon_core.event_handler.log_command:Invoked command in '/home/xinchen/Dev/Meta-ROS/build/can_interfaces' returned '0': CMAKE_PREFIX_PATH=/opt/ros/foxy /usr/bin/cmake --build /home/xinchen/Dev/Meta-ROS/build/can_interfaces -- -j6 -l6
[2.199s] DEBUG:colcon.colcon_core.event_handler.log_command:Invoking command in '/home/xinchen/Dev/Meta-ROS/build/can_interfaces': CMAKE_PREFIX_PATH=/opt/ros/foxy /usr/bin/cmake --install /home/xinchen/Dev/Meta-ROS/build/can_interfaces
[2.326s] Level 1:colcon.colcon_core.environment:create_environment_scripts_only(can_interfaces)
[2.328s] DEBUG:colcon.colcon_core.event_handler.log_command:Invoked command in '/home/xinchen/Dev/Meta-ROS/build/can_interfaces' returned '0': CMAKE_PREFIX_PATH=/opt/ros/foxy /usr/bin/cmake --install /home/xinchen/Dev/Meta-ROS/build/can_interfaces
[2.351s] Level 1:colcon.colcon_core.environment:checking '/home/xinchen/Dev/Meta-ROS/install/can_interfaces' for CMake module files
[2.352s] Level 1:colcon.colcon_core.environment:checking '/home/xinchen/Dev/Meta-ROS/install/can_interfaces' for CMake config files
[2.354s] Level 1:colcon.colcon_core.shell:create_environment_hook('can_interfaces', 'cmake_prefix_path')
[2.360s] INFO:colcon.colcon_core.shell:Creating environment hook '/home/xinchen/Dev/Meta-ROS/install/can_interfaces/share/can_interfaces/hook/cmake_prefix_path.ps1'
[2.362s] INFO:colcon.colcon_core.shell:Creating environment descriptor '/home/xinchen/Dev/Meta-ROS/install/can_interfaces/share/can_interfaces/hook/cmake_prefix_path.dsv'
[2.363s] INFO:colcon.colcon_core.shell:Creating environment hook '/home/xinchen/Dev/Meta-ROS/install/can_interfaces/share/can_interfaces/hook/cmake_prefix_path.sh'
[2.365s] Level 1:colcon.colcon_core.environment:checking '/home/xinchen/Dev/Meta-ROS/install/can_interfaces/lib'
[2.365s] Level 1:colcon.colcon_core.shell:create_environment_hook('can_interfaces', 'ld_library_path_lib')
[2.370s] INFO:colcon.colcon_core.shell:Creating environment hook '/home/xinchen/Dev/Meta-ROS/install/can_interfaces/share/can_interfaces/hook/ld_library_path_lib.ps1'
[2.371s] INFO:colcon.colcon_core.shell:Creating environment descriptor '/home/xinchen/Dev/Meta-ROS/install/can_interfaces/share/can_interfaces/hook/ld_library_path_lib.dsv'
[2.372s] INFO:colcon.colcon_core.shell:Creating environment hook '/home/xinchen/Dev/Meta-ROS/install/can_interfaces/share/can_interfaces/hook/ld_library_path_lib.sh'
[2.373s] Level 1:colcon.colcon_core.environment:checking '/home/xinchen/Dev/Meta-ROS/install/can_interfaces/bin'
[2.373s] Level 1:colcon.colcon_core.environment:checking '/home/xinchen/Dev/Meta-ROS/install/can_interfaces/lib/pkgconfig/can_interfaces.pc'
[2.373s] Level 1:colcon.colcon_core.environment:checking '/home/xinchen/Dev/Meta-ROS/install/can_interfaces/lib/python3.8/site-packages'
[2.373s] Level 1:colcon.colcon_core.shell:create_environment_hook('can_interfaces', 'pythonpath')
[2.378s] INFO:colcon.colcon_core.shell:Creating environment hook '/home/xinchen/Dev/Meta-ROS/install/can_interfaces/share/can_interfaces/hook/pythonpath.ps1'
[2.379s] INFO:colcon.colcon_core.shell:Creating environment descriptor '/home/xinchen/Dev/Meta-ROS/install/can_interfaces/share/can_interfaces/hook/pythonpath.dsv'
[2.380s] INFO:colcon.colcon_core.shell:Creating environment hook '/home/xinchen/Dev/Meta-ROS/install/can_interfaces/share/can_interfaces/hook/pythonpath.sh'
[2.381s] Level 1:colcon.colcon_core.environment:checking '/home/xinchen/Dev/Meta-ROS/install/can_interfaces/bin'
[2.386s] INFO:colcon.colcon_core.shell:Creating package script '/home/xinchen/Dev/Meta-ROS/install/can_interfaces/share/can_interfaces/package.ps1'
[2.388s] INFO:colcon.colcon_core.shell:Creating package descriptor '/home/xinchen/Dev/Meta-ROS/install/can_interfaces/share/can_interfaces/package.dsv'
[2.389s] INFO:colcon.colcon_core.shell:Creating package script '/home/xinchen/Dev/Meta-ROS/install/can_interfaces/share/can_interfaces/package.sh'
[2.390s] INFO:colcon.colcon_core.shell:Creating package script '/home/xinchen/Dev/Meta-ROS/install/can_interfaces/share/can_interfaces/package.bash'
[2.392s] INFO:colcon.colcon_core.shell:Creating package script '/home/xinchen/Dev/Meta-ROS/install/can_interfaces/share/can_interfaces/package.zsh'
[2.393s] Level 1:colcon.colcon_core.environment:create_file_with_runtime_dependencies(/home/xinchen/Dev/Meta-ROS/install/can_interfaces/share/colcon-core/packages/can_interfaces)
[2.592s] Level 1:colcon.colcon_core.environment:create_environment_scripts_only(can_interfaces)
[2.604s] Level 1:colcon.colcon_core.environment:checking '/home/xinchen/Dev/Meta-ROS/install/can_interfaces' for CMake module files
[2.607s] Level 1:colcon.colcon_core.environment:checking '/home/xinchen/Dev/Meta-ROS/install/can_interfaces' for CMake config files
[2.609s] Level 1:colcon.colcon_core.shell:create_environment_hook('can_interfaces', 'cmake_prefix_path')
[2.615s] INFO:colcon.colcon_core.shell:Creating environment hook '/home/xinchen/Dev/Meta-ROS/install/can_interfaces/share/can_interfaces/hook/cmake_prefix_path.ps1'
[2.617s] INFO:colcon.colcon_core.shell:Creating environment descriptor '/home/xinchen/Dev/Meta-ROS/install/can_interfaces/share/can_interfaces/hook/cmake_prefix_path.dsv'
[2.618s] INFO:colcon.colcon_core.shell:Creating environment hook '/home/xinchen/Dev/Meta-ROS/install/can_interfaces/share/can_interfaces/hook/cmake_prefix_path.sh'
[2.619s] Level 1:colcon.colcon_core.environment:checking '/home/xinchen/Dev/Meta-ROS/install/can_interfaces/lib'
[2.619s] Level 1:colcon.colcon_core.shell:create_environment_hook('can_interfaces', 'ld_library_path_lib')
[2.626s] INFO:colcon.colcon_core.shell:Creating environment hook '/home/xinchen/Dev/Meta-ROS/install/can_interfaces/share/can_interfaces/hook/ld_library_path_lib.ps1'
[2.628s] INFO:colcon.colcon_core.shell:Creating environment descriptor '/home/xinchen/Dev/Meta-ROS/install/can_interfaces/share/can_interfaces/hook/ld_library_path_lib.dsv'
[2.629s] INFO:colcon.colcon_core.shell:Creating environment hook '/home/xinchen/Dev/Meta-ROS/install/can_interfaces/share/can_interfaces/hook/ld_library_path_lib.sh'
[2.629s] Level 1:colcon.colcon_core.environment:checking '/home/xinchen/Dev/Meta-ROS/install/can_interfaces/bin'
[2.630s] Level 1:colcon.colcon_core.environment:checking '/home/xinchen/Dev/Meta-ROS/install/can_interfaces/lib/pkgconfig/can_interfaces.pc'
[2.630s] Level 1:colcon.colcon_core.environment:checking '/home/xinchen/Dev/Meta-ROS/install/can_interfaces/lib/python3.8/site-packages'
[2.630s] Level 1:colcon.colcon_core.shell:create_environment_hook('can_interfaces', 'pythonpath')
[2.636s] INFO:colcon.colcon_core.shell:Creating environment hook '/home/xinchen/Dev/Meta-ROS/install/can_interfaces/share/can_interfaces/hook/pythonpath.ps1'
[2.637s] INFO:colcon.colcon_core.shell:Creating environment descriptor '/home/xinchen/Dev/Meta-ROS/install/can_interfaces/share/can_interfaces/hook/pythonpath.dsv'
[2.638s] INFO:colcon.colcon_core.shell:Creating environment hook '/home/xinchen/Dev/Meta-ROS/install/can_interfaces/share/can_interfaces/hook/pythonpath.sh'
[2.639s] Level 1:colcon.colcon_core.environment:checking '/home/xinchen/Dev/Meta-ROS/install/can_interfaces/bin'
[2.646s] INFO:colcon.colcon_core.shell:Creating package script '/home/xinchen/Dev/Meta-ROS/install/can_interfaces/share/can_interfaces/package.ps1'
[2.647s] INFO:colcon.colcon_core.shell:Creating package descriptor '/home/xinchen/Dev/Meta-ROS/install/can_interfaces/share/can_interfaces/package.dsv'
[2.648s] INFO:colcon.colcon_core.shell:Creating package script '/home/xinchen/Dev/Meta-ROS/install/can_interfaces/share/can_interfaces/package.sh'
[2.649s] INFO:colcon.colcon_core.shell:Creating package script '/home/xinchen/Dev/Meta-ROS/install/can_interfaces/share/can_interfaces/package.bash'
[2.650s] INFO:colcon.colcon_core.shell:Creating package script '/home/xinchen/Dev/Meta-ROS/install/can_interfaces/share/can_interfaces/package.zsh'
[2.650s] Level 1:colcon.colcon_core.environment:create_file_with_runtime_dependencies(/home/xinchen/Dev/Meta-ROS/install/can_interfaces/share/colcon-core/packages/can_interfaces)
[2.651s] INFO:colcon.colcon_ros.task.ament_cmake.build:Building ROS package in '/home/xinchen/Dev/Meta-ROS/src/can_driver' with build type 'ament_cmake'
[2.652s] INFO:colcon.colcon_cmake.task.cmake.build:Building CMake package in '/home/xinchen/Dev/Meta-ROS/src/can_driver'
[2.657s] INFO:colcon.colcon_core.shell:Skip shell extension 'powershell' for command environment: Not usable outside of PowerShell
[2.658s] DEBUG:colcon.colcon_core.shell:Skip shell extension 'dsv' for command environment
[2.692s] DEBUG:colcon.colcon_core.event_handler.log_command:Invoking command in '/home/xinchen/Dev/Meta-ROS/build/can_driver': AMENT_PREFIX_PATH=/home/xinchen/Dev/Meta-ROS/install/can_interfaces:${AMENT_PREFIX_PATH} CMAKE_PREFIX_PATH=/home/xinchen/Dev/Meta-ROS/install/can_interfaces:/opt/ros/foxy LD_LIBRARY_PATH=/home/xinchen/Dev/Meta-ROS/install/can_interfaces/lib:${LD_LIBRARY_PATH} PYTHONPATH=/home/xinchen/Dev/Meta-ROS/install/can_interfaces/lib/python3.8/site-packages:${PYTHONPATH} /usr/bin/cmake --build /home/xinchen/Dev/Meta-ROS/build/can_driver -- -j6 -l6
[20.708s] DEBUG:colcon.colcon_core.event_handler.log_command:Invoked command in '/home/xinchen/Dev/Meta-ROS/build/can_driver' returned '0': AMENT_PREFIX_PATH=/home/xinchen/Dev/Meta-ROS/install/can_interfaces:${AMENT_PREFIX_PATH} CMAKE_PREFIX_PATH=/home/xinchen/Dev/Meta-ROS/install/can_interfaces:/opt/ros/foxy LD_LIBRARY_PATH=/home/xinchen/Dev/Meta-ROS/install/can_interfaces/lib:${LD_LIBRARY_PATH} PYTHONPATH=/home/xinchen/Dev/Meta-ROS/install/can_interfaces/lib/python3.8/site-packages:${PYTHONPATH} /usr/bin/cmake --build /home/xinchen/Dev/Meta-ROS/build/can_driver -- -j6 -l6
[20.769s] DEBUG:colcon.colcon_core.event_handler.log_command:Invoking command in '/home/xinchen/Dev/Meta-ROS/build/can_driver': AMENT_PREFIX_PATH=/home/xinchen/Dev/Meta-ROS/install/can_interfaces:${AMENT_PREFIX_PATH} CMAKE_PREFIX_PATH=/home/xinchen/Dev/Meta-ROS/install/can_interfaces:/opt/ros/foxy LD_LIBRARY_PATH=/home/xinchen/Dev/Meta-ROS/install/can_interfaces/lib:${LD_LIBRARY_PATH} PYTHONPATH=/home/xinchen/Dev/Meta-ROS/install/can_interfaces/lib/python3.8/site-packages:${PYTHONPATH} /usr/bin/cmake --install /home/xinchen/Dev/Meta-ROS/build/can_driver
[20.801s] Level 1:colcon.colcon_core.environment:create_environment_scripts_only(can_driver)
[20.813s] Level 1:colcon.colcon_core.environment:checking '/home/xinchen/Dev/Meta-ROS/install/can_driver' for CMake module files
[20.813s] DEBUG:colcon.colcon_core.event_handler.log_command:Invoked command in '/home/xinchen/Dev/Meta-ROS/build/can_driver' returned '0': AMENT_PREFIX_PATH=/home/xinchen/Dev/Meta-ROS/install/can_interfaces:${AMENT_PREFIX_PATH} CMAKE_PREFIX_PATH=/home/xinchen/Dev/Meta-ROS/install/can_interfaces:/opt/ros/foxy LD_LIBRARY_PATH=/home/xinchen/Dev/Meta-ROS/install/can_interfaces/lib:${LD_LIBRARY_PATH} PYTHONPATH=/home/xinchen/Dev/Meta-ROS/install/can_interfaces/lib/python3.8/site-packages:${PYTHONPATH} /usr/bin/cmake --install /home/xinchen/Dev/Meta-ROS/build/can_driver
[20.815s] Level 1:colcon.colcon_core.environment:checking '/home/xinchen/Dev/Meta-ROS/install/can_driver' for CMake config files
[20.817s] Level 1:colcon.colcon_core.shell:create_environment_hook('can_driver', 'cmake_prefix_path')
[20.824s] INFO:colcon.colcon_core.shell:Creating environment hook '/home/xinchen/Dev/Meta-ROS/install/can_driver/share/can_driver/hook/cmake_prefix_path.ps1'
[20.828s] INFO:colcon.colcon_core.shell:Creating environment descriptor '/home/xinchen/Dev/Meta-ROS/install/can_driver/share/can_driver/hook/cmake_prefix_path.dsv'
[20.831s] INFO:colcon.colcon_core.shell:Creating environment hook '/home/xinchen/Dev/Meta-ROS/install/can_driver/share/can_driver/hook/cmake_prefix_path.sh'
[20.833s] Level 1:colcon.colcon_core.environment:checking '/home/xinchen/Dev/Meta-ROS/install/can_driver/bin'
[20.833s] Level 1:colcon.colcon_core.environment:checking '/home/xinchen/Dev/Meta-ROS/install/can_driver/lib/pkgconfig/can_driver.pc'
[20.833s] Level 1:colcon.colcon_core.environment:checking '/home/xinchen/Dev/Meta-ROS/install/can_driver/lib/python3.8/site-packages'
[20.834s] Level 1:colcon.colcon_core.environment:checking '/home/xinchen/Dev/Meta-ROS/install/can_driver/bin'
[20.839s] INFO:colcon.colcon_core.shell:Creating package script '/home/xinchen/Dev/Meta-ROS/install/can_driver/share/can_driver/package.ps1'
[20.842s] INFO:colcon.colcon_core.shell:Creating package descriptor '/home/xinchen/Dev/Meta-ROS/install/can_driver/share/can_driver/package.dsv'
[20.843s] INFO:colcon.colcon_core.shell:Creating package script '/home/xinchen/Dev/Meta-ROS/install/can_driver/share/can_driver/package.sh'
[20.845s] INFO:colcon.colcon_core.shell:Creating package script '/home/xinchen/Dev/Meta-ROS/install/can_driver/share/can_driver/package.bash'
[20.848s] INFO:colcon.colcon_core.shell:Creating package script '/home/xinchen/Dev/Meta-ROS/install/can_driver/share/can_driver/package.zsh'
[20.853s] Level 1:colcon.colcon_core.environment:create_file_with_runtime_dependencies(/home/xinchen/Dev/Meta-ROS/install/can_driver/share/colcon-core/packages/can_driver)
[20.914s] Level 1:colcon.colcon_core.environment:create_environment_scripts_only(can_driver)
[20.921s] Level 1:colcon.colcon_core.environment:checking '/home/xinchen/Dev/Meta-ROS/install/can_driver' for CMake module files
[20.922s] Level 1:colcon.colcon_core.environment:checking '/home/xinchen/Dev/Meta-ROS/install/can_driver' for CMake config files
[20.923s] Level 1:colcon.colcon_core.shell:create_environment_hook('can_driver', 'cmake_prefix_path')
[20.928s] INFO:colcon.colcon_core.shell:Creating environment hook '/home/xinchen/Dev/Meta-ROS/install/can_driver/share/can_driver/hook/cmake_prefix_path.ps1'
[20.929s] INFO:colcon.colcon_core.shell:Creating environment descriptor '/home/xinchen/Dev/Meta-ROS/install/can_driver/share/can_driver/hook/cmake_prefix_path.dsv'
[20.930s] INFO:colcon.colcon_core.shell:Creating environment hook '/home/xinchen/Dev/Meta-ROS/install/can_driver/share/can_driver/hook/cmake_prefix_path.sh'
[20.931s] Level 1:colcon.colcon_core.environment:checking '/home/xinchen/Dev/Meta-ROS/install/can_driver/bin'
[20.931s] Level 1:colcon.colcon_core.environment:checking '/home/xinchen/Dev/Meta-ROS/install/can_driver/lib/pkgconfig/can_driver.pc'
[20.932s] Level 1:colcon.colcon_core.environment:checking '/home/xinchen/Dev/Meta-ROS/install/can_driver/lib/python3.8/site-packages'
[20.932s] Level 1:colcon.colcon_core.environment:checking '/home/xinchen/Dev/Meta-ROS/install/can_driver/bin'
[20.938s] INFO:colcon.colcon_core.shell:Creating package script '/home/xinchen/Dev/Meta-ROS/install/can_driver/share/can_driver/package.ps1'
[20.939s] INFO:colcon.colcon_core.shell:Creating package descriptor '/home/xinchen/Dev/Meta-ROS/install/can_driver/share/can_driver/package.dsv'
[20.940s] INFO:colcon.colcon_core.shell:Creating package script '/home/xinchen/Dev/Meta-ROS/install/can_driver/share/can_driver/package.sh'
[20.941s] INFO:colcon.colcon_core.shell:Creating package script '/home/xinchen/Dev/Meta-ROS/install/can_driver/share/can_driver/package.bash'
[20.942s] INFO:colcon.colcon_core.shell:Creating package script '/home/xinchen/Dev/Meta-ROS/install/can_driver/share/can_driver/package.zsh'
[20.943s] Level 1:colcon.colcon_core.environment:create_file_with_runtime_dependencies(/home/xinchen/Dev/Meta-ROS/install/can_driver/share/colcon-core/packages/can_driver)
[20.944s] DEBUG:colcon.colcon_parallel_executor.executor.parallel:closing loop
[20.945s] DEBUG:colcon.colcon_parallel_executor.executor.parallel:loop closed
[20.946s] DEBUG:colcon.colcon_parallel_executor.executor.parallel:run_until_complete finished with '0'
[20.946s] DEBUG:colcon.colcon_core.event_reactor:joining thread
[20.976s] INFO:colcon.colcon_core.plugin_system:Skipping extension 'colcon_notification.desktop_notification.terminal_notifier': Not used on non-Darwin systems
[20.977s] INFO:colcon.colcon_core.plugin_system:Skipping extension 'colcon_notification.desktop_notification.win32': Not used on non-Windows systems
[20.977s] INFO:colcon.colcon_notification.desktop_notification:Sending desktop notification using 'notify2'
[21.018s] DEBUG:colcon.colcon_core.event_reactor:joined thread
[21.024s] INFO:colcon.colcon_core.shell:Creating prefix script '/home/xinchen/Dev/Meta-ROS/install/local_setup.ps1'
[21.027s] INFO:colcon.colcon_core.shell:Creating prefix util module '/home/xinchen/Dev/Meta-ROS/install/_local_setup_util_ps1.py'
[21.030s] INFO:colcon.colcon_core.shell:Creating prefix chain script '/home/xinchen/Dev/Meta-ROS/install/setup.ps1'
[21.034s] INFO:colcon.colcon_core.shell:Creating prefix script '/home/xinchen/Dev/Meta-ROS/install/local_setup.sh'
[21.035s] INFO:colcon.colcon_core.shell:Creating prefix util module '/home/xinchen/Dev/Meta-ROS/install/_local_setup_util_sh.py'
[21.036s] INFO:colcon.colcon_core.shell:Creating prefix chain script '/home/xinchen/Dev/Meta-ROS/install/setup.sh'
[21.040s] INFO:colcon.colcon_core.shell:Creating prefix script '/home/xinchen/Dev/Meta-ROS/install/local_setup.bash'
[21.041s] INFO:colcon.colcon_core.shell:Creating prefix chain script '/home/xinchen/Dev/Meta-ROS/install/setup.bash'
[21.044s] INFO:colcon.colcon_core.shell:Creating prefix script '/home/xinchen/Dev/Meta-ROS/install/local_setup.zsh'
[21.045s] INFO:colcon.colcon_core.shell:Creating prefix chain script '/home/xinchen/Dev/Meta-ROS/install/setup.zsh'
