[0.037s] Invoking command in '/home/xinchen/Dev/Meta-ROS/build/can_driver': AMENT_PREFIX_PATH=/home/xinchen/Dev/Meta-ROS/install/can_interfaces:${AMENT_PREFIX_PATH} CMAKE_PREFIX_PATH=/home/xinchen/Dev/Meta-ROS/install/can_interfaces:/opt/ros/foxy LD_LIBRARY_PATH=/home/xinchen/Dev/Meta-ROS/install/can_interfaces/lib:${LD_LIBRARY_PATH} PYTHONPATH=/home/xinchen/Dev/Meta-ROS/install/can_interfaces/lib/python3.8/site-packages:${PYTHONPATH} /usr/bin/cmake --build /home/xinchen/Dev/Meta-ROS/build/can_driver -- -j6 -l6
[0.106s] -- Found ament_cmake: 0.9.12 (/opt/ros/foxy/share/ament_cmake/cmake)
[0.156s] -- Using PYTHON_EXECUTABLE: /usr/bin/python3
[0.584s] -- Found can_interfaces: 0.0.0 (/home/xinchen/Dev/Meta-ROS/install/can_interfaces/share/can_interfaces/cmake)
[0.643s] -- Found rclcpp: 2.4.3 (/opt/ros/foxy/share/rclcpp/cmake)
[0.707s] -- Using all available rosidl_typesupport_c: rosidl_typesupport_fastrtps_c;rosidl_typesupport_introspection_c
[0.722s] -- Found rosidl_adapter: 1.3.1 (/opt/ros/foxy/share/rosidl_adapter/cmake)
[0.938s] -- Found OpenSSL: /usr/lib/aarch64-linux-gnu/libcrypto.so (found version "1.1.1f")  
[1.003s] -- Found FastRTPS: /opt/ros/foxy/include  
[1.175s] -- Using all available rosidl_typesupport_cpp: rosidl_typesupport_fastrtps_cpp;rosidl_typesupport_introspection_cpp
[1.294s] -- Found rmw_implementation_cmake: 1.0.4 (/opt/ros/foxy/share/rmw_implementation_cmake/cmake)
[1.297s] -- Using RMW implementation 'rmw_fastrtps_cpp' as default
[1.301s] -- Looking for pthread.h
[1.568s] -- Looking for pthread.h - found
[1.568s] -- Performing Test CMAKE_HAVE_LIBC_PTHREAD
[1.725s] -- Performing Test CMAKE_HAVE_LIBC_PTHREAD - Failed
[1.725s] -- Looking for pthread_create in pthreads
[1.867s] -- Looking for pthread_create in pthreads - not found
[1.867s] -- Looking for pthread_create in pthread
[2.015s] -- Looking for pthread_create in pthread - found
[2.017s] -- Found Threads: TRUE  
[2.321s] -- Found ament_lint_auto: 0.9.8 (/opt/ros/foxy/share/ament_lint_auto/cmake)
[2.475s] -- Added test 'copyright' to check source files copyright and LICENSE
[2.477s] -- Added test 'cppcheck' to perform static code analysis on C / C++ code
[2.477s] -- Configured cppcheck include dirs: 
[2.477s] -- Configured cppcheck exclude dirs and/or files: 
[2.479s] -- Added test 'cpplint' to check C / C++ code against the Google style
[2.479s] -- Configured cpplint exclude dirs and/or files: 
[2.480s] -- Added test 'lint_cmake' to check CMake code style
[2.482s] -- Added test 'uncrustify' to check C / C++ code style
[2.482s] -- Configured uncrustify additional arguments: 
[2.482s] -- Added test 'xmllint' to check XML markup files
[2.489s] -- Configuring done
[2.507s] -- Generating done
[2.513s] -- Build files have been written to: /home/xinchen/Dev/Meta-ROS/build/can_driver
[2.573s] [35m[1mScanning dependencies of target can_driver[0m
[2.709s] [ 33%] [32mBuilding CXX object CMakeFiles/can_driver.dir/src/can_driver.cpp.o[0m
[2.712s] [ 66%] [32mBuilding CXX object CMakeFiles/can_driver.dir/src/can_data.cpp.o[0m
[3.055s] In file included from [01m[K/home/xinchen/Dev/Meta-ROS/src/can_driver/src/can_data.cpp:1[m[K:
[3.055s] [01m[K/home/xinchen/Dev/Meta-ROS/src/can_driver/src/can_data.h:12:10:[m[K [01;31m[Kfatal error: [m[Kcan_interfaces/msg/MITData.hpp: No such file or directory
[3.055s]    12 | #include [01;31m[K"can_interfaces/msg/MITData.hpp"[m[K
[3.057s]       |          [01;31m[K^~~~~~~~~~~~~~~~~~~~~~~~~~~~~~~~[m[K
[3.057s] compilation terminated.
[3.065s] make[2]: *** [CMakeFiles/can_driver.dir/build.make:76: CMakeFiles/can_driver.dir/src/can_data.cpp.o] Error 1
[3.065s] make[1]: *** [CMakeFiles/Makefile2:78: CMakeFiles/can_driver.dir/all] Error 2
[3.070s] make: *** [Makefile:141: all] Error 2
[3.071s] Invoked command in '/home/xinchen/Dev/Meta-ROS/build/can_driver' returned '2': AMENT_PREFIX_PATH=/home/xinchen/Dev/Meta-ROS/install/can_interfaces:${AMENT_PREFIX_PATH} CMAKE_PREFIX_PATH=/home/xinchen/Dev/Meta-ROS/install/can_interfaces:/opt/ros/foxy LD_LIBRARY_PATH=/home/xinchen/Dev/Meta-ROS/install/can_interfaces/lib:${LD_LIBRARY_PATH} PYTHONPATH=/home/xinchen/Dev/Meta-ROS/install/can_interfaces/lib/python3.8/site-packages:${PYTHONPATH} /usr/bin/cmake --build /home/xinchen/Dev/Meta-ROS/build/can_driver -- -j6 -l6
