[0.032s] Invoking command in '/home/xinchen/Dev/Meta-ROS/build/can_driver': AMENT_PREFIX_PATH=/home/xinchen/Dev/Meta-ROS/install/can_interfaces:${AMENT_PREFIX_PATH} CMAKE_PREFIX_PATH=/home/xinchen/Dev/Meta-ROS/install/can_interfaces:/opt/ros/foxy LD_LIBRARY_PATH=/home/xinchen/Dev/Meta-ROS/install/can_interfaces/lib:${LD_LIBRARY_PATH} PYTHONPATH=/home/xinchen/Dev/Meta-ROS/install/can_interfaces/lib/python3.8/site-packages:${PYTHONPATH} /usr/bin/cmake --build /home/xinchen/Dev/Meta-ROS/build/can_driver -- -j6 -l6
[0.177s] [100%] Built target can_driver
[0.206s] Invoked command in '/home/xinchen/Dev/Meta-ROS/build/can_driver' returned '0': AMENT_PREFIX_PATH=/home/xinchen/Dev/Meta-ROS/install/can_interfaces:${AMENT_PREFIX_PATH} CMAKE_PREFIX_PATH=/home/xinchen/Dev/Meta-ROS/install/can_interfaces:/opt/ros/foxy LD_LIBRARY_PATH=/home/xinchen/Dev/Meta-ROS/install/can_interfaces/lib:${LD_LIBRARY_PATH} PYTHONPATH=/home/xinchen/Dev/Meta-ROS/install/can_interfaces/lib/python3.8/site-packages:${PYTHONPATH} /usr/bin/cmake --build /home/xinchen/Dev/Meta-ROS/build/can_driver -- -j6 -l6
[0.267s] Invoking command in '/home/xinchen/Dev/Meta-ROS/build/can_driver': AMENT_PREFIX_PATH=/home/xinchen/Dev/Meta-ROS/install/can_interfaces:${AMENT_PREFIX_PATH} CMAKE_PREFIX_PATH=/home/xinchen/Dev/Meta-ROS/install/can_interfaces:/opt/ros/foxy LD_LIBRARY_PATH=/home/xinchen/Dev/Meta-ROS/install/can_interfaces/lib:${LD_LIBRARY_PATH} PYTHONPATH=/home/xinchen/Dev/Meta-ROS/install/can_interfaces/lib/python3.8/site-packages:${PYTHONPATH} /usr/bin/cmake --install /home/xinchen/Dev/Meta-ROS/build/can_driver
[0.292s] -- Install configuration: ""
[0.293s] -- Up-to-date: /home/xinchen/Dev/Meta-ROS/install/can_driver/share/ament_index/resource_index/package_run_dependencies/can_driver
[0.293s] -- Up-to-date: /home/xinchen/Dev/Meta-ROS/install/can_driver/share/ament_index/resource_index/parent_prefix_path/can_driver
[0.304s] -- Up-to-date: /home/xinchen/Dev/Meta-ROS/install/can_driver/share/can_driver/environment/ament_prefix_path.sh
[0.305s] -- Up-to-date: /home/xinchen/Dev/Meta-ROS/install/can_driver/share/can_driver/environment/ament_prefix_path.dsv
[0.305s] -- Up-to-date: /home/xinchen/Dev/Meta-ROS/install/can_driver/share/can_driver/environment/path.sh
[0.306s] -- Up-to-date: /home/xinchen/Dev/Meta-ROS/install/can_driver/share/can_driver/environment/path.dsv
[0.306s] -- Up-to-date: /home/xinchen/Dev/Meta-ROS/install/can_driver/share/can_driver/local_setup.bash
[0.306s] -- Up-to-date: /home/xinchen/Dev/Meta-ROS/install/can_driver/share/can_driver/local_setup.sh
[0.306s] -- Up-to-date: /home/xinchen/Dev/Meta-ROS/install/can_driver/share/can_driver/local_setup.zsh
[0.307s] -- Up-to-date: /home/xinchen/Dev/Meta-ROS/install/can_driver/share/can_driver/local_setup.dsv
[0.307s] -- Installing: /home/xinchen/Dev/Meta-ROS/install/can_driver/share/can_driver/package.dsv
[0.307s] -- Up-to-date: /home/xinchen/Dev/Meta-ROS/install/can_driver/share/ament_index/resource_index/packages/can_driver
[0.308s] -- Up-to-date: /home/xinchen/Dev/Meta-ROS/install/can_driver/share/can_driver/cmake/can_driverConfig.cmake
[0.308s] -- Up-to-date: /home/xinchen/Dev/Meta-ROS/install/can_driver/share/can_driver/cmake/can_driverConfig-version.cmake
[0.308s] -- Up-to-date: /home/xinchen/Dev/Meta-ROS/install/can_driver/share/can_driver/package.xml
[0.308s] Invoked command in '/home/xinchen/Dev/Meta-ROS/build/can_driver' returned '0': AMENT_PREFIX_PATH=/home/xinchen/Dev/Meta-ROS/install/can_interfaces:${AMENT_PREFIX_PATH} CMAKE_PREFIX_PATH=/home/xinchen/Dev/Meta-ROS/install/can_interfaces:/opt/ros/foxy LD_LIBRARY_PATH=/home/xinchen/Dev/Meta-ROS/install/can_interfaces/lib:${LD_LIBRARY_PATH} PYTHONPATH=/home/xinchen/Dev/Meta-ROS/install/can_interfaces/lib/python3.8/site-packages:${PYTHONPATH} /usr/bin/cmake --install /home/xinchen/Dev/Meta-ROS/build/can_driver
