[0.746s] DEBUG:colcon:Command line arguments: ['/usr/bin/colcon', 'build', '--cmake-args', '-DCMAKE_EXPORT_COMPILE_COMMANDS=On', '--packages-select', 'can_interfaces']
[0.746s] DEBUG:colcon:Parsed command line arguments: Namespace(allow_overriding=[], ament_cmake_args=None, base_paths=['.'], build_base='build', catkin_cmake_args=None, catkin_skip_building_tests=False, cmake_args=['-DCMAKE_EXPORT_COMPILE_COMMANDS=On'], cmake_clean_cache=False, cmake_clean_first=False, cmake_force_configure=False, cmake_target=None, cmake_target_skip_unavailable=False, continue_on_error=False, event_handlers=None, executor='parallel', ignore_user_meta=False, install_base='install', log_base=None, log_level=None, main=<bound method BuildVerb.main of <colcon_core.verb.build.BuildVerb object at 0xffffa61b1a00>>, merge_install=False, metas=['./colcon.meta'], packages_above=None, packages_above_and_dependencies=None, packages_above_depth=None, packages_end=None, packages_ignore=None, packages_ignore_regex=None, packages_select=['can_interfaces'], packages_select_build_failed=False, packages_select_by_dep=None, packages_select_regex=None, packages_select_test_failures=False, packages_skip=None, packages_skip_build_finished=False, packages_skip_by_dep=None, packages_skip_regex=None, packages_skip_test_passed=False, packages_skip_up_to=None, packages_start=None, packages_up_to=None, packages_up_to_regex=None, parallel_workers=6, paths=None, symlink_install=False, test_result_base=None, verb_extension=<colcon_core.verb.build.BuildVerb object at 0xffffa61b1a00>, verb_name='build', verb_parser=<colcon_defaults.argument_parser.defaults.DefaultArgumentsDecorator object at 0xffffa61b1f70>)
[0.820s] Level 1:colcon.colcon_core.package_discovery:discover_packages(colcon_meta) check parameters
[0.820s] Level 1:colcon.colcon_core.package_discovery:discover_packages(recursive) check parameters
[0.820s] Level 1:colcon.colcon_core.package_discovery:discover_packages(ignore) check parameters
[0.820s] Level 1:colcon.colcon_core.package_discovery:discover_packages(path) check parameters
[0.821s] Level 1:colcon.colcon_core.package_discovery:discover_packages(colcon_meta) discover
[0.821s] Level 1:colcon.colcon_core.package_discovery:discover_packages(recursive) discover
[0.821s] INFO:colcon.colcon_core.package_discovery:Crawling recursively for packages in '/home/xinchen/Dev/Meta-ROS'
[0.821s] Level 1:colcon.colcon_core.package_identification:_identify(.) by extensions ['ignore', 'ignore_ament_install']
[0.821s] Level 1:colcon.colcon_core.package_identification:_identify(.) by extension 'ignore'
[0.822s] Level 1:colcon.colcon_core.package_identification:_identify(.) by extension 'ignore_ament_install'
[0.822s] Level 1:colcon.colcon_core.package_identification:_identify(.) by extensions ['colcon_pkg']
[0.822s] Level 1:colcon.colcon_core.package_identification:_identify(.) by extension 'colcon_pkg'
[0.822s] Level 1:colcon.colcon_core.package_identification:_identify(.) by extensions ['colcon_meta']
[0.822s] Level 1:colcon.colcon_core.package_identification:_identify(.) by extension 'colcon_meta'
[0.822s] Level 1:colcon.colcon_core.package_identification:_identify(.) by extensions ['ros']
[0.822s] Level 1:colcon.colcon_core.package_identification:_identify(.) by extension 'ros'
[0.873s] Level 1:colcon.colcon_core.package_identification:_identify(.) by extensions ['cmake', 'python']
[0.873s] Level 1:colcon.colcon_core.package_identification:_identify(.) by extension 'cmake'
[0.873s] Level 1:colcon.colcon_core.package_identification:_identify(.) by extension 'python'
[0.873s] Level 1:colcon.colcon_core.package_identification:_identify(.) by extensions ['python_setup_py']
[0.873s] Level 1:colcon.colcon_core.package_identification:_identify(.) by extension 'python_setup_py'
[0.874s] Level 1:colcon.colcon_core.package_identification:_identify(build) by extensions ['ignore', 'ignore_ament_install']
[0.874s] Level 1:colcon.colcon_core.package_identification:_identify(build) by extension 'ignore'
[0.874s] Level 1:colcon.colcon_core.package_identification:_identify(build) ignored
[0.874s] Level 1:colcon.colcon_core.package_identification:_identify(install) by extensions ['ignore', 'ignore_ament_install']
[0.875s] Level 1:colcon.colcon_core.package_identification:_identify(install) by extension 'ignore'
[0.875s] Level 1:colcon.colcon_core.package_identification:_identify(install) ignored
[0.875s] Level 1:colcon.colcon_core.package_identification:_identify(log) by extensions ['ignore', 'ignore_ament_install']
[0.875s] Level 1:colcon.colcon_core.package_identification:_identify(log) by extension 'ignore'
[0.875s] Level 1:colcon.colcon_core.package_identification:_identify(log) ignored
[0.876s] Level 1:colcon.colcon_core.package_identification:_identify(src) by extensions ['ignore', 'ignore_ament_install']
[0.876s] Level 1:colcon.colcon_core.package_identification:_identify(src) by extension 'ignore'
[0.876s] Level 1:colcon.colcon_core.package_identification:_identify(src) by extension 'ignore_ament_install'
[0.876s] Level 1:colcon.colcon_core.package_identification:_identify(src) by extensions ['colcon_pkg']
[0.876s] Level 1:colcon.colcon_core.package_identification:_identify(src) by extension 'colcon_pkg'
[0.876s] Level 1:colcon.colcon_core.package_identification:_identify(src) by extensions ['colcon_meta']
[0.876s] Level 1:colcon.colcon_core.package_identification:_identify(src) by extension 'colcon_meta'
[0.876s] Level 1:colcon.colcon_core.package_identification:_identify(src) by extensions ['ros']
[0.876s] Level 1:colcon.colcon_core.package_identification:_identify(src) by extension 'ros'
[0.877s] Level 1:colcon.colcon_core.package_identification:_identify(src) by extensions ['cmake', 'python']
[0.877s] Level 1:colcon.colcon_core.package_identification:_identify(src) by extension 'cmake'
[0.877s] Level 1:colcon.colcon_core.package_identification:_identify(src) by extension 'python'
[0.877s] Level 1:colcon.colcon_core.package_identification:_identify(src) by extensions ['python_setup_py']
[0.877s] Level 1:colcon.colcon_core.package_identification:_identify(src) by extension 'python_setup_py'
[0.877s] Level 1:colcon.colcon_core.package_identification:_identify(src/can_driver) by extensions ['ignore', 'ignore_ament_install']
[0.877s] Level 1:colcon.colcon_core.package_identification:_identify(src/can_driver) by extension 'ignore'
[0.878s] Level 1:colcon.colcon_core.package_identification:_identify(src/can_driver) by extension 'ignore_ament_install'
[0.878s] Level 1:colcon.colcon_core.package_identification:_identify(src/can_driver) by extensions ['colcon_pkg']
[0.878s] Level 1:colcon.colcon_core.package_identification:_identify(src/can_driver) by extension 'colcon_pkg'
[0.878s] Level 1:colcon.colcon_core.package_identification:_identify(src/can_driver) by extensions ['colcon_meta']
[0.878s] Level 1:colcon.colcon_core.package_identification:_identify(src/can_driver) by extension 'colcon_meta'
[0.878s] Level 1:colcon.colcon_core.package_identification:_identify(src/can_driver) by extensions ['ros']
[0.878s] Level 1:colcon.colcon_core.package_identification:_identify(src/can_driver) by extension 'ros'
[0.884s] DEBUG:colcon.colcon_core.package_identification:Package 'src/can_driver' with type 'ros.ament_cmake' and name 'can_driver'
[0.885s] Level 1:colcon.colcon_core.package_identification:_identify(src/can_interfaces) by extensions ['ignore', 'ignore_ament_install']
[0.885s] Level 1:colcon.colcon_core.package_identification:_identify(src/can_interfaces) by extension 'ignore'
[0.885s] Level 1:colcon.colcon_core.package_identification:_identify(src/can_interfaces) by extension 'ignore_ament_install'
[0.885s] Level 1:colcon.colcon_core.package_identification:_identify(src/can_interfaces) by extensions ['colcon_pkg']
[0.885s] Level 1:colcon.colcon_core.package_identification:_identify(src/can_interfaces) by extension 'colcon_pkg'
[0.885s] Level 1:colcon.colcon_core.package_identification:_identify(src/can_interfaces) by extensions ['colcon_meta']
[0.885s] Level 1:colcon.colcon_core.package_identification:_identify(src/can_interfaces) by extension 'colcon_meta'
[0.886s] Level 1:colcon.colcon_core.package_identification:_identify(src/can_interfaces) by extensions ['ros']
[0.886s] Level 1:colcon.colcon_core.package_identification:_identify(src/can_interfaces) by extension 'ros'
[0.887s] DEBUG:colcon.colcon_core.package_identification:Package 'src/can_interfaces' with type 'ros.ament_cmake' and name 'can_interfaces'
[0.887s] Level 1:colcon.colcon_core.package_discovery:discover_packages(recursive) using defaults
[0.887s] Level 1:colcon.colcon_core.package_discovery:discover_packages(ignore) discover
[0.887s] Level 1:colcon.colcon_core.package_discovery:discover_packages(ignore) using defaults
[0.887s] Level 1:colcon.colcon_core.package_discovery:discover_packages(path) discover
[0.887s] Level 1:colcon.colcon_core.package_discovery:discover_packages(path) using defaults
[0.942s] INFO:colcon.colcon_core.package_selection:Skipping not selected package 'can_driver' in 'src/can_driver'
[0.944s] Level 1:colcon.colcon_core.package_discovery:discover_packages(prefix_path) check parameters
[0.944s] Level 1:colcon.colcon_core.package_discovery:discover_packages(prefix_path) discover
[0.948s] Level 1:colcon.colcon_core.package_discovery:discover_packages(prefix_path) using defaults
[0.954s] Level 5:colcon.colcon_core.verb:set package 'can_interfaces' build argument 'cmake_args' from command line to '['-DCMAKE_EXPORT_COMPILE_COMMANDS=On']'
[0.954s] Level 5:colcon.colcon_core.verb:set package 'can_interfaces' build argument 'cmake_target' from command line to 'None'
[0.954s] Level 5:colcon.colcon_core.verb:set package 'can_interfaces' build argument 'cmake_target_skip_unavailable' from command line to 'False'
[0.954s] Level 5:colcon.colcon_core.verb:set package 'can_interfaces' build argument 'cmake_clean_cache' from command line to 'False'
[0.954s] Level 5:colcon.colcon_core.verb:set package 'can_interfaces' build argument 'cmake_clean_first' from command line to 'False'
[0.954s] Level 5:colcon.colcon_core.verb:set package 'can_interfaces' build argument 'cmake_force_configure' from command line to 'False'
[0.954s] Level 5:colcon.colcon_core.verb:set package 'can_interfaces' build argument 'ament_cmake_args' from command line to 'None'
[0.954s] Level 5:colcon.colcon_core.verb:set package 'can_interfaces' build argument 'catkin_cmake_args' from command line to 'None'
[0.954s] Level 5:colcon.colcon_core.verb:set package 'can_interfaces' build argument 'catkin_skip_building_tests' from command line to 'False'
[0.954s] DEBUG:colcon.colcon_core.verb:Building package 'can_interfaces' with the following arguments: {'ament_cmake_args': None, 'build_base': '/home/xinchen/Dev/Meta-ROS/build/can_interfaces', 'catkin_cmake_args': None, 'catkin_skip_building_tests': False, 'cmake_args': ['-DCMAKE_EXPORT_COMPILE_COMMANDS=On'], 'cmake_clean_cache': False, 'cmake_clean_first': False, 'cmake_force_configure': False, 'cmake_target': None, 'cmake_target_skip_unavailable': False, 'install_base': '/home/xinchen/Dev/Meta-ROS/install/can_interfaces', 'merge_install': False, 'path': '/home/xinchen/Dev/Meta-ROS/src/can_interfaces', 'symlink_install': False, 'test_result_base': None}
[0.957s] INFO:colcon.colcon_core.executor:Executing jobs using 'parallel' executor
[0.969s] DEBUG:colcon.colcon_parallel_executor.executor.parallel:run_until_complete
[0.969s] INFO:colcon.colcon_ros.task.ament_cmake.build:Building ROS package in '/home/xinchen/Dev/Meta-ROS/src/can_interfaces' with build type 'ament_cmake'
[0.970s] INFO:colcon.colcon_cmake.task.cmake.build:Building CMake package in '/home/xinchen/Dev/Meta-ROS/src/can_interfaces'
[0.984s] INFO:colcon.colcon_core.plugin_system:Skipping extension 'colcon_core.shell.bat': Not used on non-Windows systems
[0.985s] INFO:colcon.colcon_core.shell:Skip shell extension 'powershell' for command environment: Not usable outside of PowerShell
[0.985s] DEBUG:colcon.colcon_core.shell:Skip shell extension 'dsv' for command environment
[1.007s] DEBUG:colcon.colcon_core.event_handler.log_command:Invoking command in '/home/xinchen/Dev/Meta-ROS/build/can_interfaces': /usr/bin/cmake --build /home/xinchen/Dev/Meta-ROS/build/can_interfaces -- -j6 -l6
[1.587s] DEBUG:colcon.colcon_core.event_handler.log_command:Invoked command in '/home/xinchen/Dev/Meta-ROS/build/can_interfaces' returned '2': /usr/bin/cmake --build /home/xinchen/Dev/Meta-ROS/build/can_interfaces -- -j6 -l6
[1.715s] Level 1:colcon.colcon_core.environment:create_environment_scripts_only(can_interfaces)
[1.736s] Level 1:colcon.colcon_core.environment:checking '/home/xinchen/Dev/Meta-ROS/install/can_interfaces' for CMake module files
[1.738s] Level 1:colcon.colcon_core.environment:checking '/home/xinchen/Dev/Meta-ROS/install/can_interfaces' for CMake config files
[1.740s] Level 1:colcon.colcon_core.shell:create_environment_hook('can_interfaces', 'cmake_prefix_path')
[1.744s] INFO:colcon.colcon_core.shell:Creating environment hook '/home/xinchen/Dev/Meta-ROS/install/can_interfaces/share/can_interfaces/hook/cmake_prefix_path.ps1'
[1.746s] INFO:colcon.colcon_core.shell:Creating environment descriptor '/home/xinchen/Dev/Meta-ROS/install/can_interfaces/share/can_interfaces/hook/cmake_prefix_path.dsv'
[1.748s] INFO:colcon.colcon_core.shell:Creating environment hook '/home/xinchen/Dev/Meta-ROS/install/can_interfaces/share/can_interfaces/hook/cmake_prefix_path.sh'
[1.750s] Level 1:colcon.colcon_core.environment:checking '/home/xinchen/Dev/Meta-ROS/install/can_interfaces/lib'
[1.750s] Level 1:colcon.colcon_core.shell:create_environment_hook('can_interfaces', 'ld_library_path_lib')
[1.755s] INFO:colcon.colcon_core.shell:Creating environment hook '/home/xinchen/Dev/Meta-ROS/install/can_interfaces/share/can_interfaces/hook/ld_library_path_lib.ps1'
[1.756s] INFO:colcon.colcon_core.shell:Creating environment descriptor '/home/xinchen/Dev/Meta-ROS/install/can_interfaces/share/can_interfaces/hook/ld_library_path_lib.dsv'
[1.757s] INFO:colcon.colcon_core.shell:Creating environment hook '/home/xinchen/Dev/Meta-ROS/install/can_interfaces/share/can_interfaces/hook/ld_library_path_lib.sh'
[1.757s] Level 1:colcon.colcon_core.environment:checking '/home/xinchen/Dev/Meta-ROS/install/can_interfaces/bin'
[1.758s] Level 1:colcon.colcon_core.environment:checking '/home/xinchen/Dev/Meta-ROS/install/can_interfaces/lib/pkgconfig/can_interfaces.pc'
[1.760s] Level 1:colcon.colcon_core.environment:checking '/home/xinchen/Dev/Meta-ROS/install/can_interfaces/lib/python3.8/site-packages'
[1.760s] Level 1:colcon.colcon_core.shell:create_environment_hook('can_interfaces', 'pythonpath')
[1.765s] INFO:colcon.colcon_core.shell:Creating environment hook '/home/xinchen/Dev/Meta-ROS/install/can_interfaces/share/can_interfaces/hook/pythonpath.ps1'
[1.766s] INFO:colcon.colcon_core.shell:Creating environment descriptor '/home/xinchen/Dev/Meta-ROS/install/can_interfaces/share/can_interfaces/hook/pythonpath.dsv'
[1.766s] INFO:colcon.colcon_core.shell:Creating environment hook '/home/xinchen/Dev/Meta-ROS/install/can_interfaces/share/can_interfaces/hook/pythonpath.sh'
[1.767s] Level 1:colcon.colcon_core.environment:checking '/home/xinchen/Dev/Meta-ROS/install/can_interfaces/bin'
[1.772s] INFO:colcon.colcon_core.shell:Creating package script '/home/xinchen/Dev/Meta-ROS/install/can_interfaces/share/can_interfaces/package.ps1'
[1.775s] INFO:colcon.colcon_core.shell:Creating package descriptor '/home/xinchen/Dev/Meta-ROS/install/can_interfaces/share/can_interfaces/package.dsv'
[1.777s] INFO:colcon.colcon_core.shell:Creating package script '/home/xinchen/Dev/Meta-ROS/install/can_interfaces/share/can_interfaces/package.sh'
[1.779s] INFO:colcon.colcon_core.shell:Creating package script '/home/xinchen/Dev/Meta-ROS/install/can_interfaces/share/can_interfaces/package.bash'
[1.782s] INFO:colcon.colcon_core.shell:Creating package script '/home/xinchen/Dev/Meta-ROS/install/can_interfaces/share/can_interfaces/package.zsh'
[1.784s] Level 1:colcon.colcon_core.environment:create_file_with_runtime_dependencies(/home/xinchen/Dev/Meta-ROS/install/can_interfaces/share/colcon-core/packages/can_interfaces)
[1.796s] DEBUG:colcon.colcon_parallel_executor.executor.parallel:closing loop
[1.796s] DEBUG:colcon.colcon_parallel_executor.executor.parallel:loop closed
[1.797s] DEBUG:colcon.colcon_parallel_executor.executor.parallel:run_until_complete finished with '2'
[1.797s] DEBUG:colcon.colcon_core.event_reactor:joining thread
[1.814s] INFO:colcon.colcon_core.plugin_system:Skipping extension 'colcon_notification.desktop_notification.terminal_notifier': Not used on non-Darwin systems
[1.815s] INFO:colcon.colcon_core.plugin_system:Skipping extension 'colcon_notification.desktop_notification.win32': Not used on non-Windows systems
[1.815s] INFO:colcon.colcon_notification.desktop_notification:Sending desktop notification using 'notify2'
[1.886s] DEBUG:colcon.colcon_core.event_reactor:joined thread
[1.891s] INFO:colcon.colcon_core.shell:Creating prefix script '/home/xinchen/Dev/Meta-ROS/install/local_setup.ps1'
[1.894s] INFO:colcon.colcon_core.shell:Creating prefix util module '/home/xinchen/Dev/Meta-ROS/install/_local_setup_util_ps1.py'
[1.897s] INFO:colcon.colcon_core.shell:Creating prefix chain script '/home/xinchen/Dev/Meta-ROS/install/setup.ps1'
[1.901s] INFO:colcon.colcon_core.shell:Creating prefix script '/home/xinchen/Dev/Meta-ROS/install/local_setup.sh'
[1.903s] INFO:colcon.colcon_core.shell:Creating prefix util module '/home/xinchen/Dev/Meta-ROS/install/_local_setup_util_sh.py'
[1.904s] INFO:colcon.colcon_core.shell:Creating prefix chain script '/home/xinchen/Dev/Meta-ROS/install/setup.sh'
[1.907s] INFO:colcon.colcon_core.shell:Creating prefix script '/home/xinchen/Dev/Meta-ROS/install/local_setup.bash'
[1.909s] INFO:colcon.colcon_core.shell:Creating prefix chain script '/home/xinchen/Dev/Meta-ROS/install/setup.bash'
[1.912s] INFO:colcon.colcon_core.shell:Creating prefix script '/home/xinchen/Dev/Meta-ROS/install/local_setup.zsh'
[1.914s] INFO:colcon.colcon_core.shell:Creating prefix chain script '/home/xinchen/Dev/Meta-ROS/install/setup.zsh'
