[0.067s] Invoking command in '/home/xinchen/Dev/Meta-ROS/build/lidar_driver': CMAKE_PREFIX_PATH=/opt/ros/foxy /usr/bin/cmake --build /home/xinchen/Dev/Meta-ROS/build/lidar_driver -- -j6 -l6
[0.129s] -- Found ament_cmake: 0.9.12 (/opt/ros/foxy/share/ament_cmake/cmake)
[0.184s] -- Using PYTHON_EXECUTABLE: /usr/bin/python3
[0.638s] -- Found std_msgs: 2.0.5 (/opt/ros/foxy/share/std_msgs/cmake)
[0.687s] -- Using all available rosidl_typesupport_c: rosidl_typesupport_fastrtps_c;rosidl_typesupport_introspection_c
[0.694s] -- Found rosidl_adapter: 1.3.1 (/opt/ros/foxy/share/rosidl_adapter/cmake)
[0.962s] -- Using all available rosidl_typesupport_cpp: rosidl_typesupport_fastrtps_cpp;rosidl_typesupport_introspection_cpp
[1.049s] -- Found rclcpp: 2.4.3 (/opt/ros/foxy/share/rclcpp/cmake)
[1.135s] -- Found rmw_implementation_cmake: 1.0.4 (/opt/ros/foxy/share/rmw_implementation_cmake/cmake)
[1.135s] -- Using RMW implementation 'rmw_fastrtps_cpp' as default
[1.395s] -- Found serial_driver: 1.0.0 (/opt/ros/foxy/share/serial_driver/cmake)
[2.081s] -- Found ament_lint_auto: 0.9.8 (/opt/ros/foxy/share/ament_lint_auto/cmake)
[2.234s] -- Added test 'copyright' to check source files copyright and LICENSE
[2.235s] -- Added test 'cppcheck' to perform static code analysis on C / C++ code
[2.236s] -- Configured cppcheck include dirs: 
[2.236s] -- Configured cppcheck exclude dirs and/or files: 
[2.237s] -- Added test 'cpplint' to check C / C++ code against the Google style
[2.237s] -- Configured cpplint exclude dirs and/or files: 
[2.238s] -- Added test 'lint_cmake' to check CMake code style
[2.240s] -- Added test 'uncrustify' to check C / C++ code style
[2.240s] -- Configured uncrustify additional arguments: 
[2.241s] -- Added test 'xmllint' to check XML markup files
[2.248s] -- Configuring done
[2.322s] -- Generating done
[2.325s] -- Build files have been written to: /home/xinchen/Dev/Meta-ROS/build/lidar_driver
[2.390s] [35m[1mScanning dependencies of target lidar_driver[0m
[2.445s] [ 50%] [32mBuilding CXX object CMakeFiles/lidar_driver.dir/src/lidar_driver.cpp.o[0m
[2.689s] [01m[K/home/xinchen/Dev/Meta-ROS/src/lidar_driver/src/lidar_driver.cpp:2:10:[m[K [01;31m[Kfatal error: [m[Kserial_driver: No such file or directory
[2.689s]     2 | #include [01;31m[K<serial_driver>[m[K
[2.689s]       |          [01;31m[K^~~~~~~~~~~~~~~[m[K
[2.690s] compilation terminated.
[2.698s] make[2]: *** [CMakeFiles/lidar_driver.dir/build.make:63: CMakeFiles/lidar_driver.dir/src/lidar_driver.cpp.o] Error 1
[2.699s] make[1]: *** [CMakeFiles/Makefile2:105: CMakeFiles/lidar_driver.dir/all] Error 2
[2.700s] make: *** [Makefile:141: all] Error 2
[2.705s] Invoked command in '/home/xinchen/Dev/Meta-ROS/build/lidar_driver' returned '2': CMAKE_PREFIX_PATH=/opt/ros/foxy /usr/bin/cmake --build /home/xinchen/Dev/Meta-ROS/build/lidar_driver -- -j6 -l6
