-- Found ament_cmake: 0.9.12 (/opt/ros/foxy/share/ament_cmake/cmake)
-- Using PYTHON_EXECUTABLE: /usr/bin/python3
-- Found std_msgs: 2.0.5 (/opt/ros/foxy/share/std_msgs/cmake)
-- Using all available rosidl_typesupport_c: rosidl_typesupport_fastrtps_c;rosidl_typesupport_introspection_c
-- Found rosidl_adapter: 1.3.1 (/opt/ros/foxy/share/rosidl_adapter/cmake)
-- Using all available rosidl_typesupport_cpp: rosidl_typesupport_fastrtps_cpp;rosidl_typesupport_introspection_cpp
-- Found ament_lint_auto: 0.9.8 (/opt/ros/foxy/share/ament_lint_auto/cmake)
-- Added test 'copyright' to check source files copyright and LICENSE
-- Added test 'cppcheck' to perform static code analysis on C / C++ code
-- Configured cppcheck include dirs: 
-- Configured cppcheck exclude dirs and/or files: 
-- Added test 'cpplint' to check C / C++ code against the Google style
-- Configured cpplint exclude dirs and/or files: 
-- Added test 'lint_cmake' to check CMake code style
-- Added test 'uncrustify' to check C / C++ code style
-- Configured uncrustify additional arguments: 
-- Added test 'xmllint' to check XML markup files
-- Configuring done
-- Generating done
-- Build files have been written to: /home/xinchen/Dev/Meta-ROS/build/lidar_driver
-- Install configuration: ""
-- Installing: /home/xinchen/Dev/Meta-ROS/install/lidar_driver/share/ament_index/resource_index/package_run_dependencies/lidar_driver
-- Installing: /home/xinchen/Dev/Meta-ROS/install/lidar_driver/share/ament_index/resource_index/parent_prefix_path/lidar_driver
-- Installing: /home/xinchen/Dev/Meta-ROS/install/lidar_driver/share/lidar_driver/environment/ament_prefix_path.sh
-- Installing: /home/xinchen/Dev/Meta-ROS/install/lidar_driver/share/lidar_driver/environment/ament_prefix_path.dsv
-- Installing: /home/xinchen/Dev/Meta-ROS/install/lidar_driver/share/lidar_driver/environment/path.sh
-- Installing: /home/xinchen/Dev/Meta-ROS/install/lidar_driver/share/lidar_driver/environment/path.dsv
-- Installing: /home/xinchen/Dev/Meta-ROS/install/lidar_driver/share/lidar_driver/local_setup.bash
-- Installing: /home/xinchen/Dev/Meta-ROS/install/lidar_driver/share/lidar_driver/local_setup.sh
-- Installing: /home/xinchen/Dev/Meta-ROS/install/lidar_driver/share/lidar_driver/local_setup.zsh
-- Installing: /home/xinchen/Dev/Meta-ROS/install/lidar_driver/share/lidar_driver/local_setup.dsv
-- Installing: /home/xinchen/Dev/Meta-ROS/install/lidar_driver/share/lidar_driver/package.dsv
-- Installing: /home/xinchen/Dev/Meta-ROS/install/lidar_driver/share/ament_index/resource_index/packages/lidar_driver
-- Installing: /home/xinchen/Dev/Meta-ROS/install/lidar_driver/share/lidar_driver/cmake/lidar_driverConfig.cmake
-- Installing: /home/xinchen/Dev/Meta-ROS/install/lidar_driver/share/lidar_driver/cmake/lidar_driverConfig-version.cmake
-- Installing: /home/xinchen/Dev/Meta-ROS/install/lidar_driver/share/lidar_driver/package.xml
