[0.700s] DEBUG:colcon:Command line arguments: ['/usr/bin/colcon', 'build', '--cmake-args', '-DCMAKE_EXPORT_COMPILE_COMMANDS=On']
[0.700s] DEBUG:colcon:Parsed command line arguments: Namespace(allow_overriding=[], ament_cmake_args=None, base_paths=['.'], build_base='build', catkin_cmake_args=None, catkin_skip_building_tests=False, cmake_args=['-DCMAKE_EXPORT_COMPILE_COMMANDS=On'], cmake_clean_cache=False, cmake_clean_first=False, cmake_force_configure=False, cmake_target=None, cmake_target_skip_unavailable=False, continue_on_error=False, event_handlers=None, executor='parallel', ignore_user_meta=False, install_base='install', log_base=None, log_level=None, main=<bound method BuildVerb.main of <colcon_core.verb.build.BuildVerb object at 0xffff84373730>>, merge_install=False, metas=['./colcon.meta'], packages_above=None, packages_above_and_dependencies=None, packages_above_depth=None, packages_end=None, packages_ignore=None, packages_ignore_regex=None, packages_select=None, packages_select_build_failed=False, packages_select_by_dep=None, packages_select_regex=None, packages_select_test_failures=False, packages_skip=None, packages_skip_build_finished=False, packages_skip_by_dep=None, packages_skip_regex=None, packages_skip_test_passed=False, packages_skip_up_to=None, packages_start=None, packages_up_to=None, packages_up_to_regex=None, parallel_workers=6, paths=None, symlink_install=False, test_result_base=None, verb_extension=<colcon_core.verb.build.BuildVerb object at 0xffff84373730>, verb_name='build', verb_parser=<colcon_defaults.argument_parser.defaults.DefaultArgumentsDecorator object at 0xffff84373c70>)
[0.783s] Level 1:colcon.colcon_core.package_discovery:discover_packages(colcon_meta) check parameters
[0.784s] Level 1:colcon.colcon_core.package_discovery:discover_packages(recursive) check parameters
[0.784s] Level 1:colcon.colcon_core.package_discovery:discover_packages(ignore) check parameters
[0.784s] Level 1:colcon.colcon_core.package_discovery:discover_packages(path) check parameters
[0.784s] Level 1:colcon.colcon_core.package_discovery:discover_packages(colcon_meta) discover
[0.784s] Level 1:colcon.colcon_core.package_discovery:discover_packages(recursive) discover
[0.784s] INFO:colcon.colcon_core.package_discovery:Crawling recursively for packages in '/home/xinchen/Dev/Meta-ROS'
[0.785s] Level 1:colcon.colcon_core.package_identification:_identify(.) by extensions ['ignore', 'ignore_ament_install']
[0.785s] Level 1:colcon.colcon_core.package_identification:_identify(.) by extension 'ignore'
[0.785s] Level 1:colcon.colcon_core.package_identification:_identify(.) by extension 'ignore_ament_install'
[0.785s] Level 1:colcon.colcon_core.package_identification:_identify(.) by extensions ['colcon_pkg']
[0.785s] Level 1:colcon.colcon_core.package_identification:_identify(.) by extension 'colcon_pkg'
[0.785s] Level 1:colcon.colcon_core.package_identification:_identify(.) by extensions ['colcon_meta']
[0.785s] Level 1:colcon.colcon_core.package_identification:_identify(.) by extension 'colcon_meta'
[0.786s] Level 1:colcon.colcon_core.package_identification:_identify(.) by extensions ['ros']
[0.786s] Level 1:colcon.colcon_core.package_identification:_identify(.) by extension 'ros'
[0.807s] Level 1:colcon.colcon_core.package_identification:_identify(.) by extensions ['cmake', 'python']
[0.807s] Level 1:colcon.colcon_core.package_identification:_identify(.) by extension 'cmake'
[0.807s] Level 1:colcon.colcon_core.package_identification:_identify(.) by extension 'python'
[0.807s] Level 1:colcon.colcon_core.package_identification:_identify(.) by extensions ['python_setup_py']
[0.808s] Level 1:colcon.colcon_core.package_identification:_identify(.) by extension 'python_setup_py'
[0.808s] Level 1:colcon.colcon_core.package_identification:_identify(build) by extensions ['ignore', 'ignore_ament_install']
[0.808s] Level 1:colcon.colcon_core.package_identification:_identify(build) by extension 'ignore'
[0.808s] Level 1:colcon.colcon_core.package_identification:_identify(build) ignored
[0.809s] Level 1:colcon.colcon_core.package_identification:_identify(install) by extensions ['ignore', 'ignore_ament_install']
[0.809s] Level 1:colcon.colcon_core.package_identification:_identify(install) by extension 'ignore'
[0.809s] Level 1:colcon.colcon_core.package_identification:_identify(install) ignored
[0.809s] Level 1:colcon.colcon_core.package_identification:_identify(log) by extensions ['ignore', 'ignore_ament_install']
[0.809s] Level 1:colcon.colcon_core.package_identification:_identify(log) by extension 'ignore'
[0.809s] Level 1:colcon.colcon_core.package_identification:_identify(log) ignored
[0.810s] Level 1:colcon.colcon_core.package_identification:_identify(src) by extensions ['ignore', 'ignore_ament_install']
[0.810s] Level 1:colcon.colcon_core.package_identification:_identify(src) by extension 'ignore'
[0.810s] Level 1:colcon.colcon_core.package_identification:_identify(src) by extension 'ignore_ament_install'
[0.810s] Level 1:colcon.colcon_core.package_identification:_identify(src) by extensions ['colcon_pkg']
[0.810s] Level 1:colcon.colcon_core.package_identification:_identify(src) by extension 'colcon_pkg'
[0.810s] Level 1:colcon.colcon_core.package_identification:_identify(src) by extensions ['colcon_meta']
[0.810s] Level 1:colcon.colcon_core.package_identification:_identify(src) by extension 'colcon_meta'
[0.810s] Level 1:colcon.colcon_core.package_identification:_identify(src) by extensions ['ros']
[0.810s] Level 1:colcon.colcon_core.package_identification:_identify(src) by extension 'ros'
[0.811s] Level 1:colcon.colcon_core.package_identification:_identify(src) by extensions ['cmake', 'python']
[0.811s] Level 1:colcon.colcon_core.package_identification:_identify(src) by extension 'cmake'
[0.811s] Level 1:colcon.colcon_core.package_identification:_identify(src) by extension 'python'
[0.811s] Level 1:colcon.colcon_core.package_identification:_identify(src) by extensions ['python_setup_py']
[0.811s] Level 1:colcon.colcon_core.package_identification:_identify(src) by extension 'python_setup_py'
[0.811s] Level 1:colcon.colcon_core.package_identification:_identify(src/can_driver) by extensions ['ignore', 'ignore_ament_install']
[0.811s] Level 1:colcon.colcon_core.package_identification:_identify(src/can_driver) by extension 'ignore'
[0.812s] Level 1:colcon.colcon_core.package_identification:_identify(src/can_driver) by extension 'ignore_ament_install'
[0.812s] Level 1:colcon.colcon_core.package_identification:_identify(src/can_driver) by extensions ['colcon_pkg']
[0.812s] Level 1:colcon.colcon_core.package_identification:_identify(src/can_driver) by extension 'colcon_pkg'
[0.812s] Level 1:colcon.colcon_core.package_identification:_identify(src/can_driver) by extensions ['colcon_meta']
[0.812s] Level 1:colcon.colcon_core.package_identification:_identify(src/can_driver) by extension 'colcon_meta'
[0.812s] Level 1:colcon.colcon_core.package_identification:_identify(src/can_driver) by extensions ['ros']
[0.812s] Level 1:colcon.colcon_core.package_identification:_identify(src/can_driver) by extension 'ros'
[0.817s] DEBUG:colcon.colcon_core.package_identification:Package 'src/can_driver' with type 'ros.ament_cmake' and name 'can_driver'
[0.817s] Level 1:colcon.colcon_core.package_identification:_identify(src/can_interfaces) by extensions ['ignore', 'ignore_ament_install']
[0.818s] Level 1:colcon.colcon_core.package_identification:_identify(src/can_interfaces) by extension 'ignore'
[0.818s] Level 1:colcon.colcon_core.package_identification:_identify(src/can_interfaces) by extension 'ignore_ament_install'
[0.818s] Level 1:colcon.colcon_core.package_identification:_identify(src/can_interfaces) by extensions ['colcon_pkg']
[0.818s] Level 1:colcon.colcon_core.package_identification:_identify(src/can_interfaces) by extension 'colcon_pkg'
[0.818s] Level 1:colcon.colcon_core.package_identification:_identify(src/can_interfaces) by extensions ['colcon_meta']
[0.818s] Level 1:colcon.colcon_core.package_identification:_identify(src/can_interfaces) by extension 'colcon_meta'
[0.818s] Level 1:colcon.colcon_core.package_identification:_identify(src/can_interfaces) by extensions ['ros']
[0.818s] Level 1:colcon.colcon_core.package_identification:_identify(src/can_interfaces) by extension 'ros'
[0.820s] DEBUG:colcon.colcon_core.package_identification:Package 'src/can_interfaces' with type 'ros.ament_cmake' and name 'can_interfaces'
[0.820s] Level 1:colcon.colcon_core.package_identification:_identify(src/lidar_driver) by extensions ['ignore', 'ignore_ament_install']
[0.820s] Level 1:colcon.colcon_core.package_identification:_identify(src/lidar_driver) by extension 'ignore'
[0.820s] Level 1:colcon.colcon_core.package_identification:_identify(src/lidar_driver) by extension 'ignore_ament_install'
[0.820s] Level 1:colcon.colcon_core.package_identification:_identify(src/lidar_driver) by extensions ['colcon_pkg']
[0.820s] Level 1:colcon.colcon_core.package_identification:_identify(src/lidar_driver) by extension 'colcon_pkg'
[0.820s] Level 1:colcon.colcon_core.package_identification:_identify(src/lidar_driver) by extensions ['colcon_meta']
[0.821s] Level 1:colcon.colcon_core.package_identification:_identify(src/lidar_driver) by extension 'colcon_meta'
[0.821s] Level 1:colcon.colcon_core.package_identification:_identify(src/lidar_driver) by extensions ['ros']
[0.821s] Level 1:colcon.colcon_core.package_identification:_identify(src/lidar_driver) by extension 'ros'
[0.822s] DEBUG:colcon.colcon_core.package_identification:Package 'src/lidar_driver' with type 'ros.ament_cmake' and name 'lidar_driver'
[0.822s] Level 1:colcon.colcon_core.package_discovery:discover_packages(recursive) using defaults
[0.822s] Level 1:colcon.colcon_core.package_discovery:discover_packages(ignore) discover
[0.822s] Level 1:colcon.colcon_core.package_discovery:discover_packages(ignore) using defaults
[0.822s] Level 1:colcon.colcon_core.package_discovery:discover_packages(path) discover
[0.822s] Level 1:colcon.colcon_core.package_discovery:discover_packages(path) using defaults
[0.871s] Level 1:colcon.colcon_core.package_discovery:discover_packages(prefix_path) check parameters
[0.872s] Level 1:colcon.colcon_core.package_discovery:discover_packages(prefix_path) discover
[0.880s] DEBUG:colcon.colcon_installed_package_information.package_discovery:Found 308 installed packages in /opt/ros/foxy
[0.883s] Level 1:colcon.colcon_core.package_discovery:discover_packages(prefix_path) using defaults
[1.039s] Level 5:colcon.colcon_core.verb:set package 'can_interfaces' build argument 'cmake_args' from command line to '['-DCMAKE_EXPORT_COMPILE_COMMANDS=On']'
[1.039s] Level 5:colcon.colcon_core.verb:set package 'can_interfaces' build argument 'cmake_target' from command line to 'None'
[1.039s] Level 5:colcon.colcon_core.verb:set package 'can_interfaces' build argument 'cmake_target_skip_unavailable' from command line to 'False'
[1.039s] Level 5:colcon.colcon_core.verb:set package 'can_interfaces' build argument 'cmake_clean_cache' from command line to 'False'
[1.039s] Level 5:colcon.colcon_core.verb:set package 'can_interfaces' build argument 'cmake_clean_first' from command line to 'False'
[1.039s] Level 5:colcon.colcon_core.verb:set package 'can_interfaces' build argument 'cmake_force_configure' from command line to 'False'
[1.039s] Level 5:colcon.colcon_core.verb:set package 'can_interfaces' build argument 'ament_cmake_args' from command line to 'None'
[1.039s] Level 5:colcon.colcon_core.verb:set package 'can_interfaces' build argument 'catkin_cmake_args' from command line to 'None'
[1.039s] Level 5:colcon.colcon_core.verb:set package 'can_interfaces' build argument 'catkin_skip_building_tests' from command line to 'False'
[1.040s] DEBUG:colcon.colcon_core.verb:Building package 'can_interfaces' with the following arguments: {'ament_cmake_args': None, 'build_base': '/home/xinchen/Dev/Meta-ROS/build/can_interfaces', 'catkin_cmake_args': None, 'catkin_skip_building_tests': False, 'cmake_args': ['-DCMAKE_EXPORT_COMPILE_COMMANDS=On'], 'cmake_clean_cache': False, 'cmake_clean_first': False, 'cmake_force_configure': False, 'cmake_target': None, 'cmake_target_skip_unavailable': False, 'install_base': '/home/xinchen/Dev/Meta-ROS/install/can_interfaces', 'merge_install': False, 'path': '/home/xinchen/Dev/Meta-ROS/src/can_interfaces', 'symlink_install': False, 'test_result_base': None}
[1.042s] Level 5:colcon.colcon_core.verb:set package 'lidar_driver' build argument 'cmake_args' from command line to '['-DCMAKE_EXPORT_COMPILE_COMMANDS=On']'
[1.043s] Level 5:colcon.colcon_core.verb:set package 'lidar_driver' build argument 'cmake_target' from command line to 'None'
[1.043s] Level 5:colcon.colcon_core.verb:set package 'lidar_driver' build argument 'cmake_target_skip_unavailable' from command line to 'False'
[1.043s] Level 5:colcon.colcon_core.verb:set package 'lidar_driver' build argument 'cmake_clean_cache' from command line to 'False'
[1.043s] Level 5:colcon.colcon_core.verb:set package 'lidar_driver' build argument 'cmake_clean_first' from command line to 'False'
[1.043s] Level 5:colcon.colcon_core.verb:set package 'lidar_driver' build argument 'cmake_force_configure' from command line to 'False'
[1.043s] Level 5:colcon.colcon_core.verb:set package 'lidar_driver' build argument 'ament_cmake_args' from command line to 'None'
[1.043s] Level 5:colcon.colcon_core.verb:set package 'lidar_driver' build argument 'catkin_cmake_args' from command line to 'None'
[1.043s] Level 5:colcon.colcon_core.verb:set package 'lidar_driver' build argument 'catkin_skip_building_tests' from command line to 'False'
[1.043s] DEBUG:colcon.colcon_core.verb:Building package 'lidar_driver' with the following arguments: {'ament_cmake_args': None, 'build_base': '/home/xinchen/Dev/Meta-ROS/build/lidar_driver', 'catkin_cmake_args': None, 'catkin_skip_building_tests': False, 'cmake_args': ['-DCMAKE_EXPORT_COMPILE_COMMANDS=On'], 'cmake_clean_cache': False, 'cmake_clean_first': False, 'cmake_force_configure': False, 'cmake_target': None, 'cmake_target_skip_unavailable': False, 'install_base': '/home/xinchen/Dev/Meta-ROS/install/lidar_driver', 'merge_install': False, 'path': '/home/xinchen/Dev/Meta-ROS/src/lidar_driver', 'symlink_install': False, 'test_result_base': None}
[1.046s] Level 5:colcon.colcon_core.verb:set package 'can_driver' build argument 'cmake_args' from command line to '['-DCMAKE_EXPORT_COMPILE_COMMANDS=On']'
[1.046s] Level 5:colcon.colcon_core.verb:set package 'can_driver' build argument 'cmake_target' from command line to 'None'
[1.046s] Level 5:colcon.colcon_core.verb:set package 'can_driver' build argument 'cmake_target_skip_unavailable' from command line to 'False'
[1.046s] Level 5:colcon.colcon_core.verb:set package 'can_driver' build argument 'cmake_clean_cache' from command line to 'False'
[1.046s] Level 5:colcon.colcon_core.verb:set package 'can_driver' build argument 'cmake_clean_first' from command line to 'False'
[1.046s] Level 5:colcon.colcon_core.verb:set package 'can_driver' build argument 'cmake_force_configure' from command line to 'False'
[1.046s] Level 5:colcon.colcon_core.verb:set package 'can_driver' build argument 'ament_cmake_args' from command line to 'None'
[1.046s] Level 5:colcon.colcon_core.verb:set package 'can_driver' build argument 'catkin_cmake_args' from command line to 'None'
[1.047s] Level 5:colcon.colcon_core.verb:set package 'can_driver' build argument 'catkin_skip_building_tests' from command line to 'False'
[1.047s] DEBUG:colcon.colcon_core.verb:Building package 'can_driver' with the following arguments: {'ament_cmake_args': None, 'build_base': '/home/xinchen/Dev/Meta-ROS/build/can_driver', 'catkin_cmake_args': None, 'catkin_skip_building_tests': False, 'cmake_args': ['-DCMAKE_EXPORT_COMPILE_COMMANDS=On'], 'cmake_clean_cache': False, 'cmake_clean_first': False, 'cmake_force_configure': False, 'cmake_target': None, 'cmake_target_skip_unavailable': False, 'install_base': '/home/xinchen/Dev/Meta-ROS/install/can_driver', 'merge_install': False, 'path': '/home/xinchen/Dev/Meta-ROS/src/can_driver', 'symlink_install': False, 'test_result_base': None}
[1.049s] INFO:colcon.colcon_core.executor:Executing jobs using 'parallel' executor
[1.061s] DEBUG:colcon.colcon_parallel_executor.executor.parallel:run_until_complete
[1.062s] INFO:colcon.colcon_ros.task.ament_cmake.build:Building ROS package in '/home/xinchen/Dev/Meta-ROS/src/can_interfaces' with build type 'ament_cmake'
[1.062s] INFO:colcon.colcon_cmake.task.cmake.build:Building CMake package in '/home/xinchen/Dev/Meta-ROS/src/can_interfaces'
[1.077s] INFO:colcon.colcon_core.plugin_system:Skipping extension 'colcon_core.shell.bat': Not used on non-Windows systems
[1.077s] INFO:colcon.colcon_core.shell:Skip shell extension 'powershell' for command environment: Not usable outside of PowerShell
[1.077s] DEBUG:colcon.colcon_core.shell:Skip shell extension 'dsv' for command environment
[1.093s] INFO:colcon.colcon_ros.task.ament_cmake.build:Building ROS package in '/home/xinchen/Dev/Meta-ROS/src/lidar_driver' with build type 'ament_cmake'
[1.094s] INFO:colcon.colcon_cmake.task.cmake.build:Building CMake package in '/home/xinchen/Dev/Meta-ROS/src/lidar_driver'
[1.101s] INFO:colcon.colcon_core.shell:Skip shell extension 'powershell' for command environment: Not usable outside of PowerShell
[1.101s] DEBUG:colcon.colcon_core.shell:Skip shell extension 'dsv' for command environment
[1.135s] DEBUG:colcon.colcon_core.event_handler.log_command:Invoking command in '/home/xinchen/Dev/Meta-ROS/build/can_interfaces': CMAKE_PREFIX_PATH=/opt/ros/foxy /usr/bin/cmake --build /home/xinchen/Dev/Meta-ROS/build/can_interfaces -- -j6 -l6
[1.149s] DEBUG:colcon.colcon_core.event_handler.log_command:Invoking command in '/home/xinchen/Dev/Meta-ROS/build/lidar_driver': CMAKE_PREFIX_PATH=/opt/ros/foxy /usr/bin/cmake --build /home/xinchen/Dev/Meta-ROS/build/lidar_driver -- -j6 -l6
[1.622s] DEBUG:colcon.colcon_core.event_handler.log_command:Invoked command in '/home/xinchen/Dev/Meta-ROS/build/can_interfaces' returned '0': CMAKE_PREFIX_PATH=/opt/ros/foxy /usr/bin/cmake --build /home/xinchen/Dev/Meta-ROS/build/can_interfaces -- -j6 -l6
[1.840s] DEBUG:colcon.colcon_core.event_handler.log_command:Invoking command in '/home/xinchen/Dev/Meta-ROS/build/can_interfaces': CMAKE_PREFIX_PATH=/opt/ros/foxy /usr/bin/cmake --install /home/xinchen/Dev/Meta-ROS/build/can_interfaces
[1.953s] Level 1:colcon.colcon_core.environment:create_environment_scripts_only(can_interfaces)
[1.955s] DEBUG:colcon.colcon_core.event_handler.log_command:Invoked command in '/home/xinchen/Dev/Meta-ROS/build/can_interfaces' returned '0': CMAKE_PREFIX_PATH=/opt/ros/foxy /usr/bin/cmake --install /home/xinchen/Dev/Meta-ROS/build/can_interfaces
[1.970s] Level 1:colcon.colcon_core.environment:checking '/home/xinchen/Dev/Meta-ROS/install/can_interfaces' for CMake module files
[1.971s] Level 1:colcon.colcon_core.environment:checking '/home/xinchen/Dev/Meta-ROS/install/can_interfaces' for CMake config files
[1.984s] Level 1:colcon.colcon_core.shell:create_environment_hook('can_interfaces', 'cmake_prefix_path')
[1.990s] INFO:colcon.colcon_core.shell:Creating environment hook '/home/xinchen/Dev/Meta-ROS/install/can_interfaces/share/can_interfaces/hook/cmake_prefix_path.ps1'
[1.992s] INFO:colcon.colcon_core.shell:Creating environment descriptor '/home/xinchen/Dev/Meta-ROS/install/can_interfaces/share/can_interfaces/hook/cmake_prefix_path.dsv'
[1.994s] INFO:colcon.colcon_core.shell:Creating environment hook '/home/xinchen/Dev/Meta-ROS/install/can_interfaces/share/can_interfaces/hook/cmake_prefix_path.sh'
[1.996s] Level 1:colcon.colcon_core.environment:checking '/home/xinchen/Dev/Meta-ROS/install/can_interfaces/lib'
[1.997s] Level 1:colcon.colcon_core.shell:create_environment_hook('can_interfaces', 'ld_library_path_lib')
[2.003s] INFO:colcon.colcon_core.shell:Creating environment hook '/home/xinchen/Dev/Meta-ROS/install/can_interfaces/share/can_interfaces/hook/ld_library_path_lib.ps1'
[2.005s] INFO:colcon.colcon_core.shell:Creating environment descriptor '/home/xinchen/Dev/Meta-ROS/install/can_interfaces/share/can_interfaces/hook/ld_library_path_lib.dsv'
[2.006s] INFO:colcon.colcon_core.shell:Creating environment hook '/home/xinchen/Dev/Meta-ROS/install/can_interfaces/share/can_interfaces/hook/ld_library_path_lib.sh'
[2.008s] Level 1:colcon.colcon_core.environment:checking '/home/xinchen/Dev/Meta-ROS/install/can_interfaces/bin'
[2.008s] Level 1:colcon.colcon_core.environment:checking '/home/xinchen/Dev/Meta-ROS/install/can_interfaces/lib/pkgconfig/can_interfaces.pc'
[2.008s] Level 1:colcon.colcon_core.environment:checking '/home/xinchen/Dev/Meta-ROS/install/can_interfaces/lib/python3.8/site-packages'
[2.009s] Level 1:colcon.colcon_core.shell:create_environment_hook('can_interfaces', 'pythonpath')
[2.014s] INFO:colcon.colcon_core.shell:Creating environment hook '/home/xinchen/Dev/Meta-ROS/install/can_interfaces/share/can_interfaces/hook/pythonpath.ps1'
[2.014s] INFO:colcon.colcon_core.shell:Creating environment descriptor '/home/xinchen/Dev/Meta-ROS/install/can_interfaces/share/can_interfaces/hook/pythonpath.dsv'
[2.015s] INFO:colcon.colcon_core.shell:Creating environment hook '/home/xinchen/Dev/Meta-ROS/install/can_interfaces/share/can_interfaces/hook/pythonpath.sh'
[2.016s] Level 1:colcon.colcon_core.environment:checking '/home/xinchen/Dev/Meta-ROS/install/can_interfaces/bin'
[2.022s] INFO:colcon.colcon_core.shell:Creating package script '/home/xinchen/Dev/Meta-ROS/install/can_interfaces/share/can_interfaces/package.ps1'
[2.023s] INFO:colcon.colcon_core.shell:Creating package descriptor '/home/xinchen/Dev/Meta-ROS/install/can_interfaces/share/can_interfaces/package.dsv'
[2.025s] INFO:colcon.colcon_core.shell:Creating package script '/home/xinchen/Dev/Meta-ROS/install/can_interfaces/share/can_interfaces/package.sh'
[2.026s] INFO:colcon.colcon_core.shell:Creating package script '/home/xinchen/Dev/Meta-ROS/install/can_interfaces/share/can_interfaces/package.bash'
[2.027s] INFO:colcon.colcon_core.shell:Creating package script '/home/xinchen/Dev/Meta-ROS/install/can_interfaces/share/can_interfaces/package.zsh'
[2.028s] Level 1:colcon.colcon_core.environment:create_file_with_runtime_dependencies(/home/xinchen/Dev/Meta-ROS/install/can_interfaces/share/colcon-core/packages/can_interfaces)
[2.204s] Level 1:colcon.colcon_core.environment:create_environment_scripts_only(can_interfaces)
[2.211s] Level 1:colcon.colcon_core.environment:checking '/home/xinchen/Dev/Meta-ROS/install/can_interfaces' for CMake module files
[2.212s] Level 1:colcon.colcon_core.environment:checking '/home/xinchen/Dev/Meta-ROS/install/can_interfaces' for CMake config files
[2.213s] Level 1:colcon.colcon_core.shell:create_environment_hook('can_interfaces', 'cmake_prefix_path')
[2.218s] INFO:colcon.colcon_core.shell:Creating environment hook '/home/xinchen/Dev/Meta-ROS/install/can_interfaces/share/can_interfaces/hook/cmake_prefix_path.ps1'
[2.220s] INFO:colcon.colcon_core.shell:Creating environment descriptor '/home/xinchen/Dev/Meta-ROS/install/can_interfaces/share/can_interfaces/hook/cmake_prefix_path.dsv'
[2.220s] INFO:colcon.colcon_core.shell:Creating environment hook '/home/xinchen/Dev/Meta-ROS/install/can_interfaces/share/can_interfaces/hook/cmake_prefix_path.sh'
[2.222s] Level 1:colcon.colcon_core.environment:checking '/home/xinchen/Dev/Meta-ROS/install/can_interfaces/lib'
[2.222s] Level 1:colcon.colcon_core.shell:create_environment_hook('can_interfaces', 'ld_library_path_lib')
[2.227s] INFO:colcon.colcon_core.shell:Creating environment hook '/home/xinchen/Dev/Meta-ROS/install/can_interfaces/share/can_interfaces/hook/ld_library_path_lib.ps1'
[2.228s] INFO:colcon.colcon_core.shell:Creating environment descriptor '/home/xinchen/Dev/Meta-ROS/install/can_interfaces/share/can_interfaces/hook/ld_library_path_lib.dsv'
[2.228s] INFO:colcon.colcon_core.shell:Creating environment hook '/home/xinchen/Dev/Meta-ROS/install/can_interfaces/share/can_interfaces/hook/ld_library_path_lib.sh'
[2.229s] Level 1:colcon.colcon_core.environment:checking '/home/xinchen/Dev/Meta-ROS/install/can_interfaces/bin'
[2.229s] Level 1:colcon.colcon_core.environment:checking '/home/xinchen/Dev/Meta-ROS/install/can_interfaces/lib/pkgconfig/can_interfaces.pc'
[2.230s] Level 1:colcon.colcon_core.environment:checking '/home/xinchen/Dev/Meta-ROS/install/can_interfaces/lib/python3.8/site-packages'
[2.230s] Level 1:colcon.colcon_core.shell:create_environment_hook('can_interfaces', 'pythonpath')
[2.235s] INFO:colcon.colcon_core.shell:Creating environment hook '/home/xinchen/Dev/Meta-ROS/install/can_interfaces/share/can_interfaces/hook/pythonpath.ps1'
[2.235s] INFO:colcon.colcon_core.shell:Creating environment descriptor '/home/xinchen/Dev/Meta-ROS/install/can_interfaces/share/can_interfaces/hook/pythonpath.dsv'
[2.236s] INFO:colcon.colcon_core.shell:Creating environment hook '/home/xinchen/Dev/Meta-ROS/install/can_interfaces/share/can_interfaces/hook/pythonpath.sh'
[2.237s] Level 1:colcon.colcon_core.environment:checking '/home/xinchen/Dev/Meta-ROS/install/can_interfaces/bin'
[2.242s] INFO:colcon.colcon_core.shell:Creating package script '/home/xinchen/Dev/Meta-ROS/install/can_interfaces/share/can_interfaces/package.ps1'
[2.243s] INFO:colcon.colcon_core.shell:Creating package descriptor '/home/xinchen/Dev/Meta-ROS/install/can_interfaces/share/can_interfaces/package.dsv'
[2.244s] INFO:colcon.colcon_core.shell:Creating package script '/home/xinchen/Dev/Meta-ROS/install/can_interfaces/share/can_interfaces/package.sh'
[2.245s] INFO:colcon.colcon_core.shell:Creating package script '/home/xinchen/Dev/Meta-ROS/install/can_interfaces/share/can_interfaces/package.bash'
[2.246s] INFO:colcon.colcon_core.shell:Creating package script '/home/xinchen/Dev/Meta-ROS/install/can_interfaces/share/can_interfaces/package.zsh'
[2.247s] Level 1:colcon.colcon_core.environment:create_file_with_runtime_dependencies(/home/xinchen/Dev/Meta-ROS/install/can_interfaces/share/colcon-core/packages/can_interfaces)
[2.248s] INFO:colcon.colcon_ros.task.ament_cmake.build:Building ROS package in '/home/xinchen/Dev/Meta-ROS/src/can_driver' with build type 'ament_cmake'
[2.248s] INFO:colcon.colcon_cmake.task.cmake.build:Building CMake package in '/home/xinchen/Dev/Meta-ROS/src/can_driver'
[2.253s] INFO:colcon.colcon_core.shell:Skip shell extension 'powershell' for command environment: Not usable outside of PowerShell
[2.254s] DEBUG:colcon.colcon_core.shell:Skip shell extension 'dsv' for command environment
[2.292s] DEBUG:colcon.colcon_core.event_handler.log_command:Invoking command in '/home/xinchen/Dev/Meta-ROS/build/can_driver': AMENT_PREFIX_PATH=/home/xinchen/Dev/Meta-ROS/install/can_interfaces:${AMENT_PREFIX_PATH} CMAKE_PREFIX_PATH=/home/xinchen/Dev/Meta-ROS/install/can_interfaces:/opt/ros/foxy LD_LIBRARY_PATH=/home/xinchen/Dev/Meta-ROS/install/can_interfaces/lib:${LD_LIBRARY_PATH} PYTHONPATH=/home/xinchen/Dev/Meta-ROS/install/can_interfaces/lib/python3.8/site-packages:${PYTHONPATH} /usr/bin/cmake --build /home/xinchen/Dev/Meta-ROS/build/can_driver -- -j6 -l6
[2.510s] DEBUG:colcon.colcon_core.event_handler.log_command:Invoked command in '/home/xinchen/Dev/Meta-ROS/build/can_driver' returned '0': AMENT_PREFIX_PATH=/home/xinchen/Dev/Meta-ROS/install/can_interfaces:${AMENT_PREFIX_PATH} CMAKE_PREFIX_PATH=/home/xinchen/Dev/Meta-ROS/install/can_interfaces:/opt/ros/foxy LD_LIBRARY_PATH=/home/xinchen/Dev/Meta-ROS/install/can_interfaces/lib:${LD_LIBRARY_PATH} PYTHONPATH=/home/xinchen/Dev/Meta-ROS/install/can_interfaces/lib/python3.8/site-packages:${PYTHONPATH} /usr/bin/cmake --build /home/xinchen/Dev/Meta-ROS/build/can_driver -- -j6 -l6
[2.565s] DEBUG:colcon.colcon_core.event_handler.log_command:Invoking command in '/home/xinchen/Dev/Meta-ROS/build/can_driver': AMENT_PREFIX_PATH=/home/xinchen/Dev/Meta-ROS/install/can_interfaces:${AMENT_PREFIX_PATH} CMAKE_PREFIX_PATH=/home/xinchen/Dev/Meta-ROS/install/can_interfaces:/opt/ros/foxy LD_LIBRARY_PATH=/home/xinchen/Dev/Meta-ROS/install/can_interfaces/lib:${LD_LIBRARY_PATH} PYTHONPATH=/home/xinchen/Dev/Meta-ROS/install/can_interfaces/lib/python3.8/site-packages:${PYTHONPATH} /usr/bin/cmake --install /home/xinchen/Dev/Meta-ROS/build/can_driver
[2.598s] Level 1:colcon.colcon_core.environment:create_environment_scripts_only(can_driver)
[2.608s] Level 1:colcon.colcon_core.environment:checking '/home/xinchen/Dev/Meta-ROS/install/can_driver' for CMake module files
[2.609s] DEBUG:colcon.colcon_core.event_handler.log_command:Invoked command in '/home/xinchen/Dev/Meta-ROS/build/can_driver' returned '0': AMENT_PREFIX_PATH=/home/xinchen/Dev/Meta-ROS/install/can_interfaces:${AMENT_PREFIX_PATH} CMAKE_PREFIX_PATH=/home/xinchen/Dev/Meta-ROS/install/can_interfaces:/opt/ros/foxy LD_LIBRARY_PATH=/home/xinchen/Dev/Meta-ROS/install/can_interfaces/lib:${LD_LIBRARY_PATH} PYTHONPATH=/home/xinchen/Dev/Meta-ROS/install/can_interfaces/lib/python3.8/site-packages:${PYTHONPATH} /usr/bin/cmake --install /home/xinchen/Dev/Meta-ROS/build/can_driver
[2.610s] Level 1:colcon.colcon_core.environment:checking '/home/xinchen/Dev/Meta-ROS/install/can_driver' for CMake config files
[2.611s] Level 1:colcon.colcon_core.shell:create_environment_hook('can_driver', 'cmake_prefix_path')
[2.616s] INFO:colcon.colcon_core.shell:Creating environment hook '/home/xinchen/Dev/Meta-ROS/install/can_driver/share/can_driver/hook/cmake_prefix_path.ps1'
[2.618s] INFO:colcon.colcon_core.shell:Creating environment descriptor '/home/xinchen/Dev/Meta-ROS/install/can_driver/share/can_driver/hook/cmake_prefix_path.dsv'
[2.618s] INFO:colcon.colcon_core.shell:Creating environment hook '/home/xinchen/Dev/Meta-ROS/install/can_driver/share/can_driver/hook/cmake_prefix_path.sh'
[2.619s] Level 1:colcon.colcon_core.environment:checking '/home/xinchen/Dev/Meta-ROS/install/can_driver/bin'
[2.620s] Level 1:colcon.colcon_core.environment:checking '/home/xinchen/Dev/Meta-ROS/install/can_driver/lib/pkgconfig/can_driver.pc'
[2.620s] Level 1:colcon.colcon_core.environment:checking '/home/xinchen/Dev/Meta-ROS/install/can_driver/lib/python3.8/site-packages'
[2.620s] Level 1:colcon.colcon_core.environment:checking '/home/xinchen/Dev/Meta-ROS/install/can_driver/bin'
[2.626s] INFO:colcon.colcon_core.shell:Creating package script '/home/xinchen/Dev/Meta-ROS/install/can_driver/share/can_driver/package.ps1'
[2.627s] INFO:colcon.colcon_core.shell:Creating package descriptor '/home/xinchen/Dev/Meta-ROS/install/can_driver/share/can_driver/package.dsv'
[2.628s] INFO:colcon.colcon_core.shell:Creating package script '/home/xinchen/Dev/Meta-ROS/install/can_driver/share/can_driver/package.sh'
[2.628s] INFO:colcon.colcon_core.shell:Creating package script '/home/xinchen/Dev/Meta-ROS/install/can_driver/share/can_driver/package.bash'
[2.629s] INFO:colcon.colcon_core.shell:Creating package script '/home/xinchen/Dev/Meta-ROS/install/can_driver/share/can_driver/package.zsh'
[2.630s] Level 1:colcon.colcon_core.environment:create_file_with_runtime_dependencies(/home/xinchen/Dev/Meta-ROS/install/can_driver/share/colcon-core/packages/can_driver)
[2.688s] Level 1:colcon.colcon_core.environment:create_environment_scripts_only(can_driver)
[2.695s] Level 1:colcon.colcon_core.environment:checking '/home/xinchen/Dev/Meta-ROS/install/can_driver' for CMake module files
[2.696s] Level 1:colcon.colcon_core.environment:checking '/home/xinchen/Dev/Meta-ROS/install/can_driver' for CMake config files
[2.697s] Level 1:colcon.colcon_core.shell:create_environment_hook('can_driver', 'cmake_prefix_path')
[2.702s] INFO:colcon.colcon_core.shell:Creating environment hook '/home/xinchen/Dev/Meta-ROS/install/can_driver/share/can_driver/hook/cmake_prefix_path.ps1'
[2.704s] INFO:colcon.colcon_core.shell:Creating environment descriptor '/home/xinchen/Dev/Meta-ROS/install/can_driver/share/can_driver/hook/cmake_prefix_path.dsv'
[2.705s] INFO:colcon.colcon_core.shell:Creating environment hook '/home/xinchen/Dev/Meta-ROS/install/can_driver/share/can_driver/hook/cmake_prefix_path.sh'
[2.706s] Level 1:colcon.colcon_core.environment:checking '/home/xinchen/Dev/Meta-ROS/install/can_driver/bin'
[2.706s] Level 1:colcon.colcon_core.environment:checking '/home/xinchen/Dev/Meta-ROS/install/can_driver/lib/pkgconfig/can_driver.pc'
[2.707s] Level 1:colcon.colcon_core.environment:checking '/home/xinchen/Dev/Meta-ROS/install/can_driver/lib/python3.8/site-packages'
[2.707s] Level 1:colcon.colcon_core.environment:checking '/home/xinchen/Dev/Meta-ROS/install/can_driver/bin'
[2.712s] INFO:colcon.colcon_core.shell:Creating package script '/home/xinchen/Dev/Meta-ROS/install/can_driver/share/can_driver/package.ps1'
[2.713s] INFO:colcon.colcon_core.shell:Creating package descriptor '/home/xinchen/Dev/Meta-ROS/install/can_driver/share/can_driver/package.dsv'
[2.714s] INFO:colcon.colcon_core.shell:Creating package script '/home/xinchen/Dev/Meta-ROS/install/can_driver/share/can_driver/package.sh'
[2.715s] INFO:colcon.colcon_core.shell:Creating package script '/home/xinchen/Dev/Meta-ROS/install/can_driver/share/can_driver/package.bash'
[2.716s] INFO:colcon.colcon_core.shell:Creating package script '/home/xinchen/Dev/Meta-ROS/install/can_driver/share/can_driver/package.zsh'
[2.717s] Level 1:colcon.colcon_core.environment:create_file_with_runtime_dependencies(/home/xinchen/Dev/Meta-ROS/install/can_driver/share/colcon-core/packages/can_driver)
[2.962s] DEBUG:colcon.colcon_core.event_handler.log_command:Invoked command in '/home/xinchen/Dev/Meta-ROS/build/lidar_driver' returned '2': CMAKE_PREFIX_PATH=/opt/ros/foxy /usr/bin/cmake --build /home/xinchen/Dev/Meta-ROS/build/lidar_driver -- -j6 -l6
[3.020s] Level 1:colcon.colcon_core.environment:create_environment_scripts_only(lidar_driver)
[3.028s] Level 1:colcon.colcon_core.environment:checking '/home/xinchen/Dev/Meta-ROS/install/lidar_driver' for CMake module files
[3.030s] Level 1:colcon.colcon_core.environment:checking '/home/xinchen/Dev/Meta-ROS/install/lidar_driver' for CMake config files
[3.031s] Level 1:colcon.colcon_core.shell:create_environment_hook('lidar_driver', 'cmake_prefix_path')
[3.037s] INFO:colcon.colcon_core.shell:Creating environment hook '/home/xinchen/Dev/Meta-ROS/install/lidar_driver/share/lidar_driver/hook/cmake_prefix_path.ps1'
[3.039s] INFO:colcon.colcon_core.shell:Creating environment descriptor '/home/xinchen/Dev/Meta-ROS/install/lidar_driver/share/lidar_driver/hook/cmake_prefix_path.dsv'
[3.040s] INFO:colcon.colcon_core.shell:Creating environment hook '/home/xinchen/Dev/Meta-ROS/install/lidar_driver/share/lidar_driver/hook/cmake_prefix_path.sh'
[3.041s] Level 1:colcon.colcon_core.environment:checking '/home/xinchen/Dev/Meta-ROS/install/lidar_driver/bin'
[3.041s] Level 1:colcon.colcon_core.environment:checking '/home/xinchen/Dev/Meta-ROS/install/lidar_driver/lib/pkgconfig/lidar_driver.pc'
[3.042s] Level 1:colcon.colcon_core.environment:checking '/home/xinchen/Dev/Meta-ROS/install/lidar_driver/lib/python3.8/site-packages'
[3.042s] Level 1:colcon.colcon_core.environment:checking '/home/xinchen/Dev/Meta-ROS/install/lidar_driver/bin'
[3.047s] INFO:colcon.colcon_core.shell:Creating package script '/home/xinchen/Dev/Meta-ROS/install/lidar_driver/share/lidar_driver/package.ps1'
[3.049s] INFO:colcon.colcon_core.shell:Creating package descriptor '/home/xinchen/Dev/Meta-ROS/install/lidar_driver/share/lidar_driver/package.dsv'
[3.050s] INFO:colcon.colcon_core.shell:Creating package script '/home/xinchen/Dev/Meta-ROS/install/lidar_driver/share/lidar_driver/package.sh'
[3.050s] INFO:colcon.colcon_core.shell:Creating package script '/home/xinchen/Dev/Meta-ROS/install/lidar_driver/share/lidar_driver/package.bash'
[3.051s] INFO:colcon.colcon_core.shell:Creating package script '/home/xinchen/Dev/Meta-ROS/install/lidar_driver/share/lidar_driver/package.zsh'
[3.052s] Level 1:colcon.colcon_core.environment:create_file_with_runtime_dependencies(/home/xinchen/Dev/Meta-ROS/install/lidar_driver/share/colcon-core/packages/lidar_driver)
[3.063s] DEBUG:colcon.colcon_parallel_executor.executor.parallel:closing loop
[3.064s] DEBUG:colcon.colcon_parallel_executor.executor.parallel:loop closed
[3.064s] DEBUG:colcon.colcon_parallel_executor.executor.parallel:run_until_complete finished with '2'
[3.064s] DEBUG:colcon.colcon_core.event_reactor:joining thread
[3.079s] INFO:colcon.colcon_core.plugin_system:Skipping extension 'colcon_notification.desktop_notification.terminal_notifier': Not used on non-Darwin systems
[3.079s] INFO:colcon.colcon_core.plugin_system:Skipping extension 'colcon_notification.desktop_notification.win32': Not used on non-Windows systems
[3.080s] INFO:colcon.colcon_notification.desktop_notification:Sending desktop notification using 'notify2'
[3.118s] DEBUG:colcon.colcon_core.event_reactor:joined thread
[3.124s] INFO:colcon.colcon_core.shell:Creating prefix script '/home/xinchen/Dev/Meta-ROS/install/local_setup.ps1'
[3.127s] INFO:colcon.colcon_core.shell:Creating prefix util module '/home/xinchen/Dev/Meta-ROS/install/_local_setup_util_ps1.py'
[3.130s] INFO:colcon.colcon_core.shell:Creating prefix chain script '/home/xinchen/Dev/Meta-ROS/install/setup.ps1'
[3.135s] INFO:colcon.colcon_core.shell:Creating prefix script '/home/xinchen/Dev/Meta-ROS/install/local_setup.sh'
[3.137s] INFO:colcon.colcon_core.shell:Creating prefix util module '/home/xinchen/Dev/Meta-ROS/install/_local_setup_util_sh.py'
[3.138s] INFO:colcon.colcon_core.shell:Creating prefix chain script '/home/xinchen/Dev/Meta-ROS/install/setup.sh'
[3.142s] INFO:colcon.colcon_core.shell:Creating prefix script '/home/xinchen/Dev/Meta-ROS/install/local_setup.bash'
[3.143s] INFO:colcon.colcon_core.shell:Creating prefix chain script '/home/xinchen/Dev/Meta-ROS/install/setup.bash'
[3.147s] INFO:colcon.colcon_core.shell:Creating prefix script '/home/xinchen/Dev/Meta-ROS/install/local_setup.zsh'
[3.148s] INFO:colcon.colcon_core.shell:Creating prefix chain script '/home/xinchen/Dev/Meta-ROS/install/setup.zsh'
