-- Found ament_cmake: 0.9.12 (/opt/ros/foxy/share/ament_cmake/cmake)
-- Using PYTHON_EXECUTABLE: /usr/bin/python3
-- Found rosidl_default_generators: 1.0.1 (/opt/ros/foxy/share/rosidl_default_generators/cmake)
-- Using all available rosidl_typesupport_c: rosidl_typesupport_fastrtps_c;rosidl_typesupport_introspection_c
-- Found rosidl_adapter: 1.3.1 (/opt/ros/foxy/share/rosidl_adapter/cmake)
-- Using all available rosidl_typesupport_cpp: rosidl_typesupport_fastrtps_cpp;rosidl_typesupport_introspection_cpp
-- Found PythonInterp: /usr/bin/python3 (found version "3.8.10") 
-- Found ament_cmake_ros: 0.9.2 (/opt/ros/foxy/share/ament_cmake_ros/cmake)
-- Using all available rosidl_typesupport_c: rosidl_typesupport_fastrtps_c;rosidl_typesupport_introspection_c
-- Using all available rosidl_typesupport_cpp: rosidl_typesupport_fastrtps_cpp;rosidl_typesupport_introspection_cpp
-- Found PythonInterp: /usr/bin/python3 (found suitable version "3.8.10", minimum required is "3.5") 
-- Found python_cmake_module: 0.8.1 (/opt/ros/foxy/share/python_cmake_module/cmake)
-- Using PYTHON_EXECUTABLE: /usr/bin/python3
-- Using PYTHON_INCLUDE_DIRS: /usr/include/python3.8
-- Using PYTHON_LIBRARIES: /usr/lib/aarch64-linux-gnu/libpython3.8.so
-- Found ament_lint_auto: 0.9.8 (/opt/ros/foxy/share/ament_lint_auto/cmake)
-- Added test 'copyright' to check source files copyright and LICENSE
-- Added test 'lint_cmake' to check CMake code style
-- Added test 'xmllint' to check XML markup files
-- Configuring done
-- Generating done
-- Build files have been written to: /home/xinchen/Dev/Meta-ROS/build/can_interfaces
[  1%] [34m[1mGenerating C code for ROS interfaces[0m
[35m[1mScanning dependencies of target can_interfaces__cpp[0m
[  3%] [34m[1mGenerating C++ code for ROS interfaces[0m
[  3%] Built target can_interfaces__cpp
[  5%] [34m[1mGenerating C++ introspection for ROS interfaces[0m
[  9%] [34m[1mGenerating C++ type support for eProsima Fast-RTPS[0m
[  9%] [34m[1mGenerating C++ type support dispatch for ROS interfaces[0m
[35m[1mScanning dependencies of target can_interfaces__rosidl_generator_c[0m
[ 10%] [32mBuilding C object CMakeFiles/can_interfaces__rosidl_generator_c.dir/rosidl_generator_c/can_interfaces/msg/detail/vel_data__functions.c.o[0m
[ 12%] [32mBuilding C object CMakeFiles/can_interfaces__rosidl_generator_c.dir/rosidl_generator_c/can_interfaces/msg/detail/mit_data__functions.c.o[0m
[ 14%] [32mBuilding C object CMakeFiles/can_interfaces__rosidl_generator_c.dir/rosidl_generator_c/can_interfaces/msg/detail/pos_vel_data__functions.c.o[0m
[ 16%] [32mBuilding C object CMakeFiles/can_interfaces__rosidl_generator_c.dir/rosidl_generator_c/can_interfaces/msg/detail/feedback__functions.c.o[0m
[ 18%] [32m[1mLinking C shared library libcan_interfaces__rosidl_generator_c.so[0m
[ 18%] Built target can_interfaces__rosidl_generator_c
[ 20%] [34m[1mGenerating C type support dispatch for ROS interfaces[0m
[ 21%] [34m[1mGenerating C introspection for ROS interfaces[0m
[35m[1mScanning dependencies of target can_interfaces__rosidl_typesupport_cpp[0m
[ 23%] [32mBuilding CXX object CMakeFiles/can_interfaces__rosidl_typesupport_cpp.dir/rosidl_typesupport_cpp/can_interfaces/msg/mit_data__type_support.cpp.o[0m
[35m[1mScanning dependencies of target can_interfaces__rosidl_typesupport_introspection_cpp[0m
[ 25%] [32mBuilding CXX object CMakeFiles/can_interfaces__rosidl_typesupport_cpp.dir/rosidl_typesupport_cpp/can_interfaces/msg/pos_vel_data__type_support.cpp.o[0m
[ 27%] [32mBuilding CXX object CMakeFiles/can_interfaces__rosidl_typesupport_introspection_cpp.dir/rosidl_typesupport_introspection_cpp/can_interfaces/msg/detail/mit_data__type_support.cpp.o[0m
[35m[1mScanning dependencies of target can_interfaces__rosidl_typesupport_fastrtps_cpp[0m
[ 29%] [32mBuilding CXX object CMakeFiles/can_interfaces__rosidl_typesupport_fastrtps_cpp.dir/rosidl_typesupport_fastrtps_cpp/can_interfaces/msg/detail/dds_fastrtps/mit_data__type_support.cpp.o[0m
[35m[1mScanning dependencies of target can_interfaces__rosidl_typesupport_c[0m
[ 30%] [32mBuilding CXX object CMakeFiles/can_interfaces__rosidl_typesupport_c.dir/rosidl_typesupport_c/can_interfaces/msg/mit_data__type_support.cpp.o[0m
[35m[1mScanning dependencies of target can_interfaces__rosidl_typesupport_introspection_c[0m
[ 32%] [32mBuilding CXX object CMakeFiles/can_interfaces__rosidl_typesupport_c.dir/rosidl_typesupport_c/can_interfaces/msg/pos_vel_data__type_support.cpp.o[0m
[ 34%] [32mBuilding CXX object CMakeFiles/can_interfaces__rosidl_typesupport_c.dir/rosidl_typesupport_c/can_interfaces/msg/vel_data__type_support.cpp.o[0m
[ 36%] [32mBuilding C object CMakeFiles/can_interfaces__rosidl_typesupport_introspection_c.dir/rosidl_typesupport_introspection_c/can_interfaces/msg/detail/mit_data__type_support.c.o[0m
[ 38%] [32mBuilding CXX object CMakeFiles/can_interfaces__rosidl_typesupport_c.dir/rosidl_typesupport_c/can_interfaces/msg/feedback__type_support.cpp.o[0m
[ 40%] [32mBuilding CXX object CMakeFiles/can_interfaces__rosidl_typesupport_cpp.dir/rosidl_typesupport_cpp/can_interfaces/msg/vel_data__type_support.cpp.o[0m
[ 41%] [32mBuilding C object CMakeFiles/can_interfaces__rosidl_typesupport_introspection_c.dir/rosidl_typesupport_introspection_c/can_interfaces/msg/detail/pos_vel_data__type_support.c.o[0m
[ 43%] [32mBuilding CXX object CMakeFiles/can_interfaces__rosidl_typesupport_introspection_cpp.dir/rosidl_typesupport_introspection_cpp/can_interfaces/msg/detail/pos_vel_data__type_support.cpp.o[0m
[ 45%] [32mBuilding C object CMakeFiles/can_interfaces__rosidl_typesupport_introspection_c.dir/rosidl_typesupport_introspection_c/can_interfaces/msg/detail/vel_data__type_support.c.o[0m
[ 49%] [32mBuilding C object CMakeFiles/can_interfaces__rosidl_typesupport_introspection_c.dir/rosidl_typesupport_introspection_c/can_interfaces/msg/detail/feedback__type_support.c.o[0m
[ 49%] [32m[1mLinking CXX shared library libcan_interfaces__rosidl_typesupport_c.so[0m
[ 50%] [32mBuilding CXX object CMakeFiles/can_interfaces__rosidl_typesupport_introspection_cpp.dir/rosidl_typesupport_introspection_cpp/can_interfaces/msg/detail/vel_data__type_support.cpp.o[0m
[ 52%] [32m[1mLinking C shared library libcan_interfaces__rosidl_typesupport_introspection_c.so[0m
[ 52%] Built target can_interfaces__rosidl_typesupport_c
[ 54%] [32mBuilding CXX object CMakeFiles/can_interfaces__rosidl_typesupport_introspection_cpp.dir/rosidl_typesupport_introspection_cpp/can_interfaces/msg/detail/feedback__type_support.cpp.o[0m
[ 54%] Built target can_interfaces__rosidl_typesupport_introspection_c
[ 56%] [32mBuilding CXX object CMakeFiles/can_interfaces__rosidl_typesupport_fastrtps_cpp.dir/rosidl_typesupport_fastrtps_cpp/can_interfaces/msg/detail/dds_fastrtps/pos_vel_data__type_support.cpp.o[0m
[ 58%] [32mBuilding CXX object CMakeFiles/can_interfaces__rosidl_typesupport_cpp.dir/rosidl_typesupport_cpp/can_interfaces/msg/feedback__type_support.cpp.o[0m
[ 60%] [32mBuilding CXX object CMakeFiles/can_interfaces__rosidl_typesupport_fastrtps_cpp.dir/rosidl_typesupport_fastrtps_cpp/can_interfaces/msg/detail/dds_fastrtps/vel_data__type_support.cpp.o[0m
[ 61%] [32mBuilding CXX object CMakeFiles/can_interfaces__rosidl_typesupport_fastrtps_cpp.dir/rosidl_typesupport_fastrtps_cpp/can_interfaces/msg/detail/dds_fastrtps/feedback__type_support.cpp.o[0m
[ 63%] [32m[1mLinking CXX shared library libcan_interfaces__rosidl_typesupport_introspection_cpp.so[0m
[ 65%] [32m[1mLinking CXX shared library libcan_interfaces__rosidl_typesupport_cpp.so[0m
[ 65%] Built target can_interfaces__rosidl_typesupport_introspection_cpp
[ 65%] Built target can_interfaces__rosidl_typesupport_cpp
[ 67%] [32m[1mLinking CXX shared library libcan_interfaces__rosidl_typesupport_fastrtps_cpp.so[0m
[ 67%] Built target can_interfaces__rosidl_typesupport_fastrtps_cpp
[ 69%] [34m[1mGenerating C type support for eProsima Fast-RTPS[0m
[35m[1mScanning dependencies of target can_interfaces__rosidl_typesupport_fastrtps_c[0m
[ 76%] [32mBuilding CXX object CMakeFiles/can_interfaces__rosidl_typesupport_fastrtps_c.dir/rosidl_typesupport_fastrtps_c/can_interfaces/msg/detail/vel_data__type_support_c.cpp.o[0m
[ 76%] [32mBuilding CXX object CMakeFiles/can_interfaces__rosidl_typesupport_fastrtps_c.dir/rosidl_typesupport_fastrtps_c/can_interfaces/msg/detail/pos_vel_data__type_support_c.cpp.o[0m
[ 76%] [32mBuilding CXX object CMakeFiles/can_interfaces__rosidl_typesupport_fastrtps_c.dir/rosidl_typesupport_fastrtps_c/can_interfaces/msg/detail/mit_data__type_support_c.cpp.o[0m
[ 76%] [32mBuilding CXX object CMakeFiles/can_interfaces__rosidl_typesupport_fastrtps_c.dir/rosidl_typesupport_fastrtps_c/can_interfaces/msg/detail/feedback__type_support_c.cpp.o[0m
[ 78%] [32m[1mLinking CXX shared library libcan_interfaces__rosidl_typesupport_fastrtps_c.so[0m
[ 78%] Built target can_interfaces__rosidl_typesupport_fastrtps_c
[ 78%] Built target can_interfaces
[35m[1mScanning dependencies of target can_interfaces__py[0m
[ 80%] [34m[1mGenerating Python code for ROS interfaces[0m
[ 80%] Built target can_interfaces__py
[35m[1mScanning dependencies of target can_interfaces__python[0m
[ 87%] [32mBuilding C object CMakeFiles/can_interfaces__python.dir/rosidl_generator_py/can_interfaces/msg/_vel_data_s.c.o[0m
[ 87%] [32mBuilding C object CMakeFiles/can_interfaces__python.dir/rosidl_generator_py/can_interfaces/msg/_feedback_s.c.o[0m
[ 87%] [32mBuilding C object CMakeFiles/can_interfaces__python.dir/rosidl_generator_py/can_interfaces/msg/_pos_vel_data_s.c.o[0m
[ 87%] [32mBuilding C object CMakeFiles/can_interfaces__python.dir/rosidl_generator_py/can_interfaces/msg/_mit_data_s.c.o[0m
[ 89%] [32m[1mLinking C shared library rosidl_generator_py/can_interfaces/libcan_interfaces__python.so[0m
[ 89%] Built target can_interfaces__python
[35m[1mScanning dependencies of target can_interfaces__rosidl_typesupport_introspection_c__pyext[0m
[35m[1mScanning dependencies of target can_interfaces__rosidl_typesupport_fastrtps_c__pyext[0m
[35m[1mScanning dependencies of target can_interfaces__rosidl_typesupport_c__pyext[0m
[ 90%] [32mBuilding C object CMakeFiles/can_interfaces__rosidl_typesupport_c__pyext.dir/rosidl_generator_py/can_interfaces/_can_interfaces_s.ep.rosidl_typesupport_c.c.o[0m
[ 92%] [32mBuilding C object CMakeFiles/can_interfaces__rosidl_typesupport_fastrtps_c__pyext.dir/rosidl_generator_py/can_interfaces/_can_interfaces_s.ep.rosidl_typesupport_fastrtps_c.c.o[0m
[ 94%] [32mBuilding C object CMakeFiles/can_interfaces__rosidl_typesupport_introspection_c__pyext.dir/rosidl_generator_py/can_interfaces/_can_interfaces_s.ep.rosidl_typesupport_introspection_c.c.o[0m
[100%] [32m[1mLinking CXX shared library rosidl_generator_py/can_interfaces/can_interfaces_s__rosidl_typesupport_fastrtps_c.cpython-38-aarch64-linux-gnu.so[0m
[100%] [32m[1mLinking C shared library rosidl_generator_py/can_interfaces/can_interfaces_s__rosidl_typesupport_introspection_c.cpython-38-aarch64-linux-gnu.so[0m
[100%] [32m[1mLinking C shared library rosidl_generator_py/can_interfaces/can_interfaces_s__rosidl_typesupport_c.cpython-38-aarch64-linux-gnu.so[0m
[100%] Built target can_interfaces__rosidl_typesupport_c__pyext
[100%] Built target can_interfaces__rosidl_typesupport_introspection_c__pyext
[100%] Built target can_interfaces__rosidl_typesupport_fastrtps_c__pyext
-- Install configuration: ""
-- Installing: /home/xinchen/Dev/Meta-ROS/install/can_interfaces/share/ament_index/resource_index/rosidl_interfaces/can_interfaces
-- Up-to-date: /home/xinchen/Dev/Meta-ROS/install/can_interfaces/include/can_interfaces
-- Up-to-date: /home/xinchen/Dev/Meta-ROS/install/can_interfaces/include/can_interfaces/msg
-- Installing: /home/xinchen/Dev/Meta-ROS/install/can_interfaces/include/can_interfaces/msg/vel_data.h
-- Up-to-date: /home/xinchen/Dev/Meta-ROS/install/can_interfaces/include/can_interfaces/msg/detail
-- Installing: /home/xinchen/Dev/Meta-ROS/install/can_interfaces/include/can_interfaces/msg/detail/pos_vel_data__functions.c
-- Installing: /home/xinchen/Dev/Meta-ROS/install/can_interfaces/include/can_interfaces/msg/detail/vel_data__functions.h
-- Installing: /home/xinchen/Dev/Meta-ROS/install/can_interfaces/include/can_interfaces/msg/detail/mit_data__struct.h
-- Installing: /home/xinchen/Dev/Meta-ROS/install/can_interfaces/include/can_interfaces/msg/detail/pos_vel_data__functions.h
-- Installing: /home/xinchen/Dev/Meta-ROS/install/can_interfaces/include/can_interfaces/msg/detail/feedback__functions.h
-- Installing: /home/xinchen/Dev/Meta-ROS/install/can_interfaces/include/can_interfaces/msg/detail/vel_data__struct.h
-- Installing: /home/xinchen/Dev/Meta-ROS/install/can_interfaces/include/can_interfaces/msg/detail/vel_data__type_support.h
-- Installing: /home/xinchen/Dev/Meta-ROS/install/can_interfaces/include/can_interfaces/msg/detail/mit_data__functions.h
-- Installing: /home/xinchen/Dev/Meta-ROS/install/can_interfaces/include/can_interfaces/msg/detail/feedback__struct.h
-- Installing: /home/xinchen/Dev/Meta-ROS/install/can_interfaces/include/can_interfaces/msg/detail/pos_vel_data__struct.h
-- Installing: /home/xinchen/Dev/Meta-ROS/install/can_interfaces/include/can_interfaces/msg/detail/mit_data__functions.c
-- Installing: /home/xinchen/Dev/Meta-ROS/install/can_interfaces/include/can_interfaces/msg/detail/mit_data__type_support.h
-- Installing: /home/xinchen/Dev/Meta-ROS/install/can_interfaces/include/can_interfaces/msg/detail/feedback__functions.c
-- Installing: /home/xinchen/Dev/Meta-ROS/install/can_interfaces/include/can_interfaces/msg/detail/pos_vel_data__type_support.h
-- Installing: /home/xinchen/Dev/Meta-ROS/install/can_interfaces/include/can_interfaces/msg/detail/feedback__type_support.h
-- Installing: /home/xinchen/Dev/Meta-ROS/install/can_interfaces/include/can_interfaces/msg/detail/vel_data__functions.c
-- Installing: /home/xinchen/Dev/Meta-ROS/install/can_interfaces/include/can_interfaces/msg/mit_data.h
-- Up-to-date: /home/xinchen/Dev/Meta-ROS/install/can_interfaces/include/can_interfaces/msg/rosidl_generator_c__visibility_control.h
-- Installing: /home/xinchen/Dev/Meta-ROS/install/can_interfaces/include/can_interfaces/msg/feedback.h
-- Installing: /home/xinchen/Dev/Meta-ROS/install/can_interfaces/include/can_interfaces/msg/pos_vel_data.h
-- Up-to-date: /home/xinchen/Dev/Meta-ROS/install/can_interfaces/share/can_interfaces/environment/library_path.sh
-- Installing: /home/xinchen/Dev/Meta-ROS/install/can_interfaces/share/can_interfaces/environment/library_path.dsv
-- Installing: /home/xinchen/Dev/Meta-ROS/install/can_interfaces/lib/libcan_interfaces__rosidl_generator_c.so
-- Set runtime path of "/home/xinchen/Dev/Meta-ROS/install/can_interfaces/lib/libcan_interfaces__rosidl_generator_c.so" to ""
-- Up-to-date: /home/xinchen/Dev/Meta-ROS/install/can_interfaces/include/can_interfaces
-- Up-to-date: /home/xinchen/Dev/Meta-ROS/install/can_interfaces/include/can_interfaces/msg
-- Up-to-date: /home/xinchen/Dev/Meta-ROS/install/can_interfaces/include/can_interfaces/msg/detail
-- Installing: /home/xinchen/Dev/Meta-ROS/install/can_interfaces/include/can_interfaces/msg/detail/mit_data__rosidl_typesupport_fastrtps_c.h
-- Installing: /home/xinchen/Dev/Meta-ROS/install/can_interfaces/include/can_interfaces/msg/detail/feedback__rosidl_typesupport_fastrtps_c.h
-- Installing: /home/xinchen/Dev/Meta-ROS/install/can_interfaces/include/can_interfaces/msg/detail/pos_vel_data__rosidl_typesupport_fastrtps_c.h
-- Installing: /home/xinchen/Dev/Meta-ROS/install/can_interfaces/include/can_interfaces/msg/detail/vel_data__rosidl_typesupport_fastrtps_c.h
-- Up-to-date: /home/xinchen/Dev/Meta-ROS/install/can_interfaces/include/can_interfaces/msg/rosidl_typesupport_fastrtps_c__visibility_control.h
-- Installing: /home/xinchen/Dev/Meta-ROS/install/can_interfaces/lib/libcan_interfaces__rosidl_typesupport_fastrtps_c.so
-- Set runtime path of "/home/xinchen/Dev/Meta-ROS/install/can_interfaces/lib/libcan_interfaces__rosidl_typesupport_fastrtps_c.so" to ""
-- Up-to-date: /home/xinchen/Dev/Meta-ROS/install/can_interfaces/include/can_interfaces
-- Up-to-date: /home/xinchen/Dev/Meta-ROS/install/can_interfaces/include/can_interfaces/msg
-- Up-to-date: /home/xinchen/Dev/Meta-ROS/install/can_interfaces/include/can_interfaces/msg/detail
-- Installing: /home/xinchen/Dev/Meta-ROS/install/can_interfaces/include/can_interfaces/msg/detail/feedback__rosidl_typesupport_fastrtps_cpp.hpp
-- Installing: /home/xinchen/Dev/Meta-ROS/install/can_interfaces/include/can_interfaces/msg/detail/vel_data__rosidl_typesupport_fastrtps_cpp.hpp
-- Installing: /home/xinchen/Dev/Meta-ROS/install/can_interfaces/include/can_interfaces/msg/detail/pos_vel_data__rosidl_typesupport_fastrtps_cpp.hpp
-- Up-to-date: /home/xinchen/Dev/Meta-ROS/install/can_interfaces/include/can_interfaces/msg/detail/dds_fastrtps
-- Installing: /home/xinchen/Dev/Meta-ROS/install/can_interfaces/include/can_interfaces/msg/detail/mit_data__rosidl_typesupport_fastrtps_cpp.hpp
-- Up-to-date: /home/xinchen/Dev/Meta-ROS/install/can_interfaces/include/can_interfaces/msg/rosidl_typesupport_fastrtps_cpp__visibility_control.h
-- Installing: /home/xinchen/Dev/Meta-ROS/install/can_interfaces/lib/libcan_interfaces__rosidl_typesupport_fastrtps_cpp.so
-- Set runtime path of "/home/xinchen/Dev/Meta-ROS/install/can_interfaces/lib/libcan_interfaces__rosidl_typesupport_fastrtps_cpp.so" to ""
-- Up-to-date: /home/xinchen/Dev/Meta-ROS/install/can_interfaces/include/can_interfaces
-- Up-to-date: /home/xinchen/Dev/Meta-ROS/install/can_interfaces/include/can_interfaces/msg
-- Up-to-date: /home/xinchen/Dev/Meta-ROS/install/can_interfaces/include/can_interfaces/msg/detail
-- Installing: /home/xinchen/Dev/Meta-ROS/install/can_interfaces/include/can_interfaces/msg/detail/pos_vel_data__type_support.c
-- Installing: /home/xinchen/Dev/Meta-ROS/install/can_interfaces/include/can_interfaces/msg/detail/mit_data__rosidl_typesupport_introspection_c.h
-- Installing: /home/xinchen/Dev/Meta-ROS/install/can_interfaces/include/can_interfaces/msg/detail/feedback__rosidl_typesupport_introspection_c.h
-- Installing: /home/xinchen/Dev/Meta-ROS/install/can_interfaces/include/can_interfaces/msg/detail/vel_data__type_support.c
-- Installing: /home/xinchen/Dev/Meta-ROS/install/can_interfaces/include/can_interfaces/msg/detail/pos_vel_data__rosidl_typesupport_introspection_c.h
-- Installing: /home/xinchen/Dev/Meta-ROS/install/can_interfaces/include/can_interfaces/msg/detail/feedback__type_support.c
-- Installing: /home/xinchen/Dev/Meta-ROS/install/can_interfaces/include/can_interfaces/msg/detail/mit_data__type_support.c
-- Installing: /home/xinchen/Dev/Meta-ROS/install/can_interfaces/include/can_interfaces/msg/detail/vel_data__rosidl_typesupport_introspection_c.h
-- Up-to-date: /home/xinchen/Dev/Meta-ROS/install/can_interfaces/include/can_interfaces/msg/rosidl_typesupport_introspection_c__visibility_control.h
-- Installing: /home/xinchen/Dev/Meta-ROS/install/can_interfaces/lib/libcan_interfaces__rosidl_typesupport_introspection_c.so
-- Set runtime path of "/home/xinchen/Dev/Meta-ROS/install/can_interfaces/lib/libcan_interfaces__rosidl_typesupport_introspection_c.so" to ""
-- Installing: /home/xinchen/Dev/Meta-ROS/install/can_interfaces/lib/libcan_interfaces__rosidl_typesupport_c.so
-- Set runtime path of "/home/xinchen/Dev/Meta-ROS/install/can_interfaces/lib/libcan_interfaces__rosidl_typesupport_c.so" to ""
-- Up-to-date: /home/xinchen/Dev/Meta-ROS/install/can_interfaces/include/can_interfaces
-- Up-to-date: /home/xinchen/Dev/Meta-ROS/install/can_interfaces/include/can_interfaces/msg
-- Up-to-date: /home/xinchen/Dev/Meta-ROS/install/can_interfaces/include/can_interfaces/msg/detail
-- Installing: /home/xinchen/Dev/Meta-ROS/install/can_interfaces/include/can_interfaces/msg/detail/pos_vel_data__builder.hpp
-- Installing: /home/xinchen/Dev/Meta-ROS/install/can_interfaces/include/can_interfaces/msg/detail/feedback__type_support.hpp
-- Installing: /home/xinchen/Dev/Meta-ROS/install/can_interfaces/include/can_interfaces/msg/detail/pos_vel_data__type_support.hpp
-- Installing: /home/xinchen/Dev/Meta-ROS/install/can_interfaces/include/can_interfaces/msg/detail/vel_data__struct.hpp
-- Installing: /home/xinchen/Dev/Meta-ROS/install/can_interfaces/include/can_interfaces/msg/detail/vel_data__builder.hpp
-- Installing: /home/xinchen/Dev/Meta-ROS/install/can_interfaces/include/can_interfaces/msg/detail/vel_data__traits.hpp
-- Installing: /home/xinchen/Dev/Meta-ROS/install/can_interfaces/include/can_interfaces/msg/detail/mit_data__builder.hpp
-- Installing: /home/xinchen/Dev/Meta-ROS/install/can_interfaces/include/can_interfaces/msg/detail/feedback__builder.hpp
-- Installing: /home/xinchen/Dev/Meta-ROS/install/can_interfaces/include/can_interfaces/msg/detail/feedback__struct.hpp
-- Installing: /home/xinchen/Dev/Meta-ROS/install/can_interfaces/include/can_interfaces/msg/detail/mit_data__traits.hpp
-- Installing: /home/xinchen/Dev/Meta-ROS/install/can_interfaces/include/can_interfaces/msg/detail/feedback__traits.hpp
-- Installing: /home/xinchen/Dev/Meta-ROS/install/can_interfaces/include/can_interfaces/msg/detail/vel_data__type_support.hpp
-- Installing: /home/xinchen/Dev/Meta-ROS/install/can_interfaces/include/can_interfaces/msg/detail/pos_vel_data__struct.hpp
-- Installing: /home/xinchen/Dev/Meta-ROS/install/can_interfaces/include/can_interfaces/msg/detail/pos_vel_data__traits.hpp
-- Installing: /home/xinchen/Dev/Meta-ROS/install/can_interfaces/include/can_interfaces/msg/detail/mit_data__struct.hpp
-- Installing: /home/xinchen/Dev/Meta-ROS/install/can_interfaces/include/can_interfaces/msg/detail/mit_data__type_support.hpp
-- Up-to-date: /home/xinchen/Dev/Meta-ROS/install/can_interfaces/include/can_interfaces/msg/rosidl_generator_cpp__visibility_control.hpp
-- Installing: /home/xinchen/Dev/Meta-ROS/install/can_interfaces/include/can_interfaces/msg/pos_vel_data.hpp
-- Installing: /home/xinchen/Dev/Meta-ROS/install/can_interfaces/include/can_interfaces/msg/feedback.hpp
-- Installing: /home/xinchen/Dev/Meta-ROS/install/can_interfaces/include/can_interfaces/msg/mit_data.hpp
-- Installing: /home/xinchen/Dev/Meta-ROS/install/can_interfaces/include/can_interfaces/msg/vel_data.hpp
-- Up-to-date: /home/xinchen/Dev/Meta-ROS/install/can_interfaces/include/can_interfaces
-- Up-to-date: /home/xinchen/Dev/Meta-ROS/install/can_interfaces/include/can_interfaces/msg
-- Up-to-date: /home/xinchen/Dev/Meta-ROS/install/can_interfaces/include/can_interfaces/msg/detail
-- Installing: /home/xinchen/Dev/Meta-ROS/install/can_interfaces/include/can_interfaces/msg/detail/vel_data__rosidl_typesupport_introspection_cpp.hpp
-- Installing: /home/xinchen/Dev/Meta-ROS/install/can_interfaces/include/can_interfaces/msg/detail/pos_vel_data__rosidl_typesupport_introspection_cpp.hpp
-- Installing: /home/xinchen/Dev/Meta-ROS/install/can_interfaces/include/can_interfaces/msg/detail/mit_data__type_support.cpp
-- Installing: /home/xinchen/Dev/Meta-ROS/install/can_interfaces/include/can_interfaces/msg/detail/pos_vel_data__type_support.cpp
-- Installing: /home/xinchen/Dev/Meta-ROS/install/can_interfaces/include/can_interfaces/msg/detail/vel_data__type_support.cpp
-- Installing: /home/xinchen/Dev/Meta-ROS/install/can_interfaces/include/can_interfaces/msg/detail/feedback__type_support.cpp
-- Installing: /home/xinchen/Dev/Meta-ROS/install/can_interfaces/include/can_interfaces/msg/detail/feedback__rosidl_typesupport_introspection_cpp.hpp
-- Installing: /home/xinchen/Dev/Meta-ROS/install/can_interfaces/include/can_interfaces/msg/detail/mit_data__rosidl_typesupport_introspection_cpp.hpp
-- Installing: /home/xinchen/Dev/Meta-ROS/install/can_interfaces/lib/libcan_interfaces__rosidl_typesupport_introspection_cpp.so
-- Set runtime path of "/home/xinchen/Dev/Meta-ROS/install/can_interfaces/lib/libcan_interfaces__rosidl_typesupport_introspection_cpp.so" to ""
-- Installing: /home/xinchen/Dev/Meta-ROS/install/can_interfaces/lib/libcan_interfaces__rosidl_typesupport_cpp.so
-- Set runtime path of "/home/xinchen/Dev/Meta-ROS/install/can_interfaces/lib/libcan_interfaces__rosidl_typesupport_cpp.so" to ""
-- Up-to-date: /home/xinchen/Dev/Meta-ROS/install/can_interfaces/share/can_interfaces/environment/pythonpath.sh
-- Installing: /home/xinchen/Dev/Meta-ROS/install/can_interfaces/share/can_interfaces/environment/pythonpath.dsv
-- Installing: /home/xinchen/Dev/Meta-ROS/install/can_interfaces/lib/python3.8/site-packages/can_interfaces/__init__.py
Compiling '/home/xinchen/Dev/Meta-ROS/install/can_interfaces/lib/python3.8/site-packages/can_interfaces/__init__.py'...
-- Up-to-date: /home/xinchen/Dev/Meta-ROS/install/can_interfaces/lib/python3.8/site-packages/can_interfaces/msg
-- Installing: /home/xinchen/Dev/Meta-ROS/install/can_interfaces/lib/python3.8/site-packages/can_interfaces/msg/_mit_data.py
-- Installing: /home/xinchen/Dev/Meta-ROS/install/can_interfaces/lib/python3.8/site-packages/can_interfaces/msg/_pos_vel_data.py
-- Installing: /home/xinchen/Dev/Meta-ROS/install/can_interfaces/lib/python3.8/site-packages/can_interfaces/msg/_feedback_s.c
-- Installing: /home/xinchen/Dev/Meta-ROS/install/can_interfaces/lib/python3.8/site-packages/can_interfaces/msg/_vel_data.py
-- Installing: /home/xinchen/Dev/Meta-ROS/install/can_interfaces/lib/python3.8/site-packages/can_interfaces/msg/_feedback.py
-- Installing: /home/xinchen/Dev/Meta-ROS/install/can_interfaces/lib/python3.8/site-packages/can_interfaces/msg/_pos_vel_data_s.c
-- Installing: /home/xinchen/Dev/Meta-ROS/install/can_interfaces/lib/python3.8/site-packages/can_interfaces/msg/_vel_data_s.c
-- Installing: /home/xinchen/Dev/Meta-ROS/install/can_interfaces/lib/python3.8/site-packages/can_interfaces/msg/__init__.py
-- Installing: /home/xinchen/Dev/Meta-ROS/install/can_interfaces/lib/python3.8/site-packages/can_interfaces/msg/_mit_data_s.c
-- Installing: /home/xinchen/Dev/Meta-ROS/install/can_interfaces/lib/python3.8/site-packages/can_interfaces/can_interfaces_s__rosidl_typesupport_fastrtps_c.cpython-38-aarch64-linux-gnu.so
-- Set runtime path of "/home/xinchen/Dev/Meta-ROS/install/can_interfaces/lib/python3.8/site-packages/can_interfaces/can_interfaces_s__rosidl_typesupport_fastrtps_c.cpython-38-aarch64-linux-gnu.so" to ""
-- Installing: /home/xinchen/Dev/Meta-ROS/install/can_interfaces/lib/python3.8/site-packages/can_interfaces/can_interfaces_s__rosidl_typesupport_introspection_c.cpython-38-aarch64-linux-gnu.so
-- Set runtime path of "/home/xinchen/Dev/Meta-ROS/install/can_interfaces/lib/python3.8/site-packages/can_interfaces/can_interfaces_s__rosidl_typesupport_introspection_c.cpython-38-aarch64-linux-gnu.so" to ""
-- Installing: /home/xinchen/Dev/Meta-ROS/install/can_interfaces/lib/python3.8/site-packages/can_interfaces/can_interfaces_s__rosidl_typesupport_c.cpython-38-aarch64-linux-gnu.so
-- Set runtime path of "/home/xinchen/Dev/Meta-ROS/install/can_interfaces/lib/python3.8/site-packages/can_interfaces/can_interfaces_s__rosidl_typesupport_c.cpython-38-aarch64-linux-gnu.so" to ""
-- Installing: /home/xinchen/Dev/Meta-ROS/install/can_interfaces/lib/libcan_interfaces__python.so
-- Set runtime path of "/home/xinchen/Dev/Meta-ROS/install/can_interfaces/lib/libcan_interfaces__python.so" to ""
-- Up-to-date: /home/xinchen/Dev/Meta-ROS/install/can_interfaces/share/can_interfaces/msg/MITData.idl
-- Up-to-date: /home/xinchen/Dev/Meta-ROS/install/can_interfaces/share/can_interfaces/msg/PosVelData.idl
-- Up-to-date: /home/xinchen/Dev/Meta-ROS/install/can_interfaces/share/can_interfaces/msg/VelData.idl
-- Installing: /home/xinchen/Dev/Meta-ROS/install/can_interfaces/share/can_interfaces/msg/Feedback.idl
-- Up-to-date: /home/xinchen/Dev/Meta-ROS/install/can_interfaces/share/can_interfaces/msg/MITData.msg
-- Up-to-date: /home/xinchen/Dev/Meta-ROS/install/can_interfaces/share/can_interfaces/msg/PosVelData.msg
-- Up-to-date: /home/xinchen/Dev/Meta-ROS/install/can_interfaces/share/can_interfaces/msg/VelData.msg
-- Installing: /home/xinchen/Dev/Meta-ROS/install/can_interfaces/share/can_interfaces/msg/Feedback.msg
-- Up-to-date: /home/xinchen/Dev/Meta-ROS/install/can_interfaces/share/ament_index/resource_index/package_run_dependencies/can_interfaces
-- Up-to-date: /home/xinchen/Dev/Meta-ROS/install/can_interfaces/share/ament_index/resource_index/parent_prefix_path/can_interfaces
-- Up-to-date: /home/xinchen/Dev/Meta-ROS/install/can_interfaces/share/can_interfaces/environment/ament_prefix_path.sh
-- Installing: /home/xinchen/Dev/Meta-ROS/install/can_interfaces/share/can_interfaces/environment/ament_prefix_path.dsv
-- Up-to-date: /home/xinchen/Dev/Meta-ROS/install/can_interfaces/share/can_interfaces/environment/path.sh
-- Installing: /home/xinchen/Dev/Meta-ROS/install/can_interfaces/share/can_interfaces/environment/path.dsv
-- Up-to-date: /home/xinchen/Dev/Meta-ROS/install/can_interfaces/share/can_interfaces/local_setup.bash
-- Up-to-date: /home/xinchen/Dev/Meta-ROS/install/can_interfaces/share/can_interfaces/local_setup.sh
-- Up-to-date: /home/xinchen/Dev/Meta-ROS/install/can_interfaces/share/can_interfaces/local_setup.zsh
-- Installing: /home/xinchen/Dev/Meta-ROS/install/can_interfaces/share/can_interfaces/local_setup.dsv
-- Installing: /home/xinchen/Dev/Meta-ROS/install/can_interfaces/share/can_interfaces/package.dsv
-- Up-to-date: /home/xinchen/Dev/Meta-ROS/install/can_interfaces/share/ament_index/resource_index/packages/can_interfaces
-- Up-to-date: /home/xinchen/Dev/Meta-ROS/install/can_interfaces/share/can_interfaces/cmake/can_interfaces__rosidl_generator_cExport.cmake
-- Installing: /home/xinchen/Dev/Meta-ROS/install/can_interfaces/share/can_interfaces/cmake/can_interfaces__rosidl_generator_cExport-noconfig.cmake
-- Up-to-date: /home/xinchen/Dev/Meta-ROS/install/can_interfaces/share/can_interfaces/cmake/can_interfaces__rosidl_typesupport_introspection_cExport.cmake
-- Installing: /home/xinchen/Dev/Meta-ROS/install/can_interfaces/share/can_interfaces/cmake/can_interfaces__rosidl_typesupport_introspection_cExport-noconfig.cmake
-- Up-to-date: /home/xinchen/Dev/Meta-ROS/install/can_interfaces/share/can_interfaces/cmake/can_interfaces__rosidl_typesupport_cExport.cmake
-- Installing: /home/xinchen/Dev/Meta-ROS/install/can_interfaces/share/can_interfaces/cmake/can_interfaces__rosidl_typesupport_cExport-noconfig.cmake
-- Up-to-date: /home/xinchen/Dev/Meta-ROS/install/can_interfaces/share/can_interfaces/cmake/can_interfaces__rosidl_generator_cppExport.cmake
-- Up-to-date: /home/xinchen/Dev/Meta-ROS/install/can_interfaces/share/can_interfaces/cmake/can_interfaces__rosidl_typesupport_introspection_cppExport.cmake
-- Installing: /home/xinchen/Dev/Meta-ROS/install/can_interfaces/share/can_interfaces/cmake/can_interfaces__rosidl_typesupport_introspection_cppExport-noconfig.cmake
-- Up-to-date: /home/xinchen/Dev/Meta-ROS/install/can_interfaces/share/can_interfaces/cmake/can_interfaces__rosidl_typesupport_cppExport.cmake
-- Installing: /home/xinchen/Dev/Meta-ROS/install/can_interfaces/share/can_interfaces/cmake/can_interfaces__rosidl_typesupport_cppExport-noconfig.cmake
-- Installing: /home/xinchen/Dev/Meta-ROS/install/can_interfaces/share/can_interfaces/cmake/rosidl_cmake-extras.cmake
-- Up-to-date: /home/xinchen/Dev/Meta-ROS/install/can_interfaces/share/can_interfaces/cmake/ament_cmake_export_dependencies-extras.cmake
-- Up-to-date: /home/xinchen/Dev/Meta-ROS/install/can_interfaces/share/can_interfaces/cmake/ament_cmake_export_libraries-extras.cmake
-- Up-to-date: /home/xinchen/Dev/Meta-ROS/install/can_interfaces/share/can_interfaces/cmake/ament_cmake_export_targets-extras.cmake
-- Up-to-date: /home/xinchen/Dev/Meta-ROS/install/can_interfaces/share/can_interfaces/cmake/ament_cmake_export_include_directories-extras.cmake
-- Up-to-date: /home/xinchen/Dev/Meta-ROS/install/can_interfaces/share/can_interfaces/cmake/rosidl_cmake_export_typesupport_libraries-extras.cmake
-- Up-to-date: /home/xinchen/Dev/Meta-ROS/install/can_interfaces/share/can_interfaces/cmake/rosidl_cmake_export_typesupport_targets-extras.cmake
-- Up-to-date: /home/xinchen/Dev/Meta-ROS/install/can_interfaces/share/can_interfaces/cmake/can_interfacesConfig.cmake
-- Up-to-date: /home/xinchen/Dev/Meta-ROS/install/can_interfaces/share/can_interfaces/cmake/can_interfacesConfig-version.cmake
-- Up-to-date: /home/xinchen/Dev/Meta-ROS/install/can_interfaces/share/can_interfaces/package.xml
