[0.708s] DEBUG:colcon:Command line arguments: ['/usr/bin/colcon', 'build', '--cmake-args', '-DCMAKE_EXPORT_COMPILE_COMMANDS=On']
[0.709s] DEBUG:colcon:Parsed command line arguments: Namespace(allow_overriding=[], ament_cmake_args=None, base_paths=['.'], build_base='build', catkin_cmake_args=None, catkin_skip_building_tests=False, cmake_args=['-DCMAKE_EXPORT_COMPILE_COMMANDS=On'], cmake_clean_cache=False, cmake_clean_first=False, cmake_force_configure=False, cmake_target=None, cmake_target_skip_unavailable=False, continue_on_error=False, event_handlers=None, executor='parallel', ignore_user_meta=False, install_base='install', log_base=None, log_level=None, main=<bound method BuildVerb.main of <colcon_core.verb.build.BuildVerb object at 0xffff906a6880>>, merge_install=False, metas=['./colcon.meta'], packages_above=None, packages_above_and_dependencies=None, packages_above_depth=None, packages_end=None, packages_ignore=None, packages_ignore_regex=None, packages_select=None, packages_select_build_failed=False, packages_select_by_dep=None, packages_select_regex=None, packages_select_test_failures=False, packages_skip=None, packages_skip_build_finished=False, packages_skip_by_dep=None, packages_skip_regex=None, packages_skip_test_passed=False, packages_skip_up_to=None, packages_start=None, packages_up_to=None, packages_up_to_regex=None, parallel_workers=6, paths=None, symlink_install=False, test_result_base=None, verb_extension=<colcon_core.verb.build.BuildVerb object at 0xffff906a6880>, verb_name='build', verb_parser=<colcon_defaults.argument_parser.defaults.DefaultArgumentsDecorator object at 0xffff906a6df0>)
[0.793s] Level 1:colcon.colcon_core.package_discovery:discover_packages(colcon_meta) check parameters
[0.793s] Level 1:colcon.colcon_core.package_discovery:discover_packages(recursive) check parameters
[0.793s] Level 1:colcon.colcon_core.package_discovery:discover_packages(ignore) check parameters
[0.793s] Level 1:colcon.colcon_core.package_discovery:discover_packages(path) check parameters
[0.794s] Level 1:colcon.colcon_core.package_discovery:discover_packages(colcon_meta) discover
[0.794s] Level 1:colcon.colcon_core.package_discovery:discover_packages(recursive) discover
[0.794s] INFO:colcon.colcon_core.package_discovery:Crawling recursively for packages in '/home/xinchen/Dev/Meta-ROS'
[0.794s] Level 1:colcon.colcon_core.package_identification:_identify(.) by extensions ['ignore', 'ignore_ament_install']
[0.794s] Level 1:colcon.colcon_core.package_identification:_identify(.) by extension 'ignore'
[0.794s] Level 1:colcon.colcon_core.package_identification:_identify(.) by extension 'ignore_ament_install'
[0.795s] Level 1:colcon.colcon_core.package_identification:_identify(.) by extensions ['colcon_pkg']
[0.795s] Level 1:colcon.colcon_core.package_identification:_identify(.) by extension 'colcon_pkg'
[0.795s] Level 1:colcon.colcon_core.package_identification:_identify(.) by extensions ['colcon_meta']
[0.795s] Level 1:colcon.colcon_core.package_identification:_identify(.) by extension 'colcon_meta'
[0.795s] Level 1:colcon.colcon_core.package_identification:_identify(.) by extensions ['ros']
[0.795s] Level 1:colcon.colcon_core.package_identification:_identify(.) by extension 'ros'
[0.817s] Level 1:colcon.colcon_core.package_identification:_identify(.) by extensions ['cmake', 'python']
[0.817s] Level 1:colcon.colcon_core.package_identification:_identify(.) by extension 'cmake'
[0.817s] Level 1:colcon.colcon_core.package_identification:_identify(.) by extension 'python'
[0.817s] Level 1:colcon.colcon_core.package_identification:_identify(.) by extensions ['python_setup_py']
[0.817s] Level 1:colcon.colcon_core.package_identification:_identify(.) by extension 'python_setup_py'
[0.818s] Level 1:colcon.colcon_core.package_identification:_identify(build) by extensions ['ignore', 'ignore_ament_install']
[0.818s] Level 1:colcon.colcon_core.package_identification:_identify(build) by extension 'ignore'
[0.818s] Level 1:colcon.colcon_core.package_identification:_identify(build) ignored
[0.818s] Level 1:colcon.colcon_core.package_identification:_identify(install) by extensions ['ignore', 'ignore_ament_install']
[0.819s] Level 1:colcon.colcon_core.package_identification:_identify(install) by extension 'ignore'
[0.819s] Level 1:colcon.colcon_core.package_identification:_identify(install) ignored
[0.819s] Level 1:colcon.colcon_core.package_identification:_identify(log) by extensions ['ignore', 'ignore_ament_install']
[0.819s] Level 1:colcon.colcon_core.package_identification:_identify(log) by extension 'ignore'
[0.819s] Level 1:colcon.colcon_core.package_identification:_identify(log) ignored
[0.819s] Level 1:colcon.colcon_core.package_identification:_identify(src) by extensions ['ignore', 'ignore_ament_install']
[0.820s] Level 1:colcon.colcon_core.package_identification:_identify(src) by extension 'ignore'
[0.820s] Level 1:colcon.colcon_core.package_identification:_identify(src) by extension 'ignore_ament_install'
[0.820s] Level 1:colcon.colcon_core.package_identification:_identify(src) by extensions ['colcon_pkg']
[0.820s] Level 1:colcon.colcon_core.package_identification:_identify(src) by extension 'colcon_pkg'
[0.820s] Level 1:colcon.colcon_core.package_identification:_identify(src) by extensions ['colcon_meta']
[0.820s] Level 1:colcon.colcon_core.package_identification:_identify(src) by extension 'colcon_meta'
[0.820s] Level 1:colcon.colcon_core.package_identification:_identify(src) by extensions ['ros']
[0.820s] Level 1:colcon.colcon_core.package_identification:_identify(src) by extension 'ros'
[0.820s] Level 1:colcon.colcon_core.package_identification:_identify(src) by extensions ['cmake', 'python']
[0.821s] Level 1:colcon.colcon_core.package_identification:_identify(src) by extension 'cmake'
[0.821s] Level 1:colcon.colcon_core.package_identification:_identify(src) by extension 'python'
[0.821s] Level 1:colcon.colcon_core.package_identification:_identify(src) by extensions ['python_setup_py']
[0.821s] Level 1:colcon.colcon_core.package_identification:_identify(src) by extension 'python_setup_py'
[0.821s] Level 1:colcon.colcon_core.package_identification:_identify(src/can_driver) by extensions ['ignore', 'ignore_ament_install']
[0.821s] Level 1:colcon.colcon_core.package_identification:_identify(src/can_driver) by extension 'ignore'
[0.821s] Level 1:colcon.colcon_core.package_identification:_identify(src/can_driver) by extension 'ignore_ament_install'
[0.821s] Level 1:colcon.colcon_core.package_identification:_identify(src/can_driver) by extensions ['colcon_pkg']
[0.822s] Level 1:colcon.colcon_core.package_identification:_identify(src/can_driver) by extension 'colcon_pkg'
[0.822s] Level 1:colcon.colcon_core.package_identification:_identify(src/can_driver) by extensions ['colcon_meta']
[0.822s] Level 1:colcon.colcon_core.package_identification:_identify(src/can_driver) by extension 'colcon_meta'
[0.822s] Level 1:colcon.colcon_core.package_identification:_identify(src/can_driver) by extensions ['ros']
[0.822s] Level 1:colcon.colcon_core.package_identification:_identify(src/can_driver) by extension 'ros'
[0.827s] DEBUG:colcon.colcon_core.package_identification:Package 'src/can_driver' with type 'ros.ament_cmake' and name 'can_driver'
[0.827s] Level 1:colcon.colcon_core.package_identification:_identify(src/can_interfaces) by extensions ['ignore', 'ignore_ament_install']
[0.828s] Level 1:colcon.colcon_core.package_identification:_identify(src/can_interfaces) by extension 'ignore'
[0.828s] Level 1:colcon.colcon_core.package_identification:_identify(src/can_interfaces) by extension 'ignore_ament_install'
[0.828s] Level 1:colcon.colcon_core.package_identification:_identify(src/can_interfaces) by extensions ['colcon_pkg']
[0.828s] Level 1:colcon.colcon_core.package_identification:_identify(src/can_interfaces) by extension 'colcon_pkg'
[0.828s] Level 1:colcon.colcon_core.package_identification:_identify(src/can_interfaces) by extensions ['colcon_meta']
[0.828s] Level 1:colcon.colcon_core.package_identification:_identify(src/can_interfaces) by extension 'colcon_meta'
[0.828s] Level 1:colcon.colcon_core.package_identification:_identify(src/can_interfaces) by extensions ['ros']
[0.828s] Level 1:colcon.colcon_core.package_identification:_identify(src/can_interfaces) by extension 'ros'
[0.829s] DEBUG:colcon.colcon_core.package_identification:Package 'src/can_interfaces' with type 'ros.ament_cmake' and name 'can_interfaces'
[0.830s] Level 1:colcon.colcon_core.package_identification:_identify(src/lidar_driver) by extensions ['ignore', 'ignore_ament_install']
[0.830s] Level 1:colcon.colcon_core.package_identification:_identify(src/lidar_driver) by extension 'ignore'
[0.830s] Level 1:colcon.colcon_core.package_identification:_identify(src/lidar_driver) by extension 'ignore_ament_install'
[0.830s] Level 1:colcon.colcon_core.package_identification:_identify(src/lidar_driver) by extensions ['colcon_pkg']
[0.830s] Level 1:colcon.colcon_core.package_identification:_identify(src/lidar_driver) by extension 'colcon_pkg'
[0.830s] Level 1:colcon.colcon_core.package_identification:_identify(src/lidar_driver) by extensions ['colcon_meta']
[0.830s] Level 1:colcon.colcon_core.package_identification:_identify(src/lidar_driver) by extension 'colcon_meta'
[0.830s] Level 1:colcon.colcon_core.package_identification:_identify(src/lidar_driver) by extensions ['ros']
[0.831s] Level 1:colcon.colcon_core.package_identification:_identify(src/lidar_driver) by extension 'ros'
[0.832s] DEBUG:colcon.colcon_core.package_identification:Package 'src/lidar_driver' with type 'ros.ament_cmake' and name 'lidar_driver'
[0.832s] Level 1:colcon.colcon_core.package_discovery:discover_packages(recursive) using defaults
[0.832s] Level 1:colcon.colcon_core.package_discovery:discover_packages(ignore) discover
[0.832s] Level 1:colcon.colcon_core.package_discovery:discover_packages(ignore) using defaults
[0.832s] Level 1:colcon.colcon_core.package_discovery:discover_packages(path) discover
[0.832s] Level 1:colcon.colcon_core.package_discovery:discover_packages(path) using defaults
[0.881s] Level 1:colcon.colcon_core.package_discovery:discover_packages(prefix_path) check parameters
[0.881s] Level 1:colcon.colcon_core.package_discovery:discover_packages(prefix_path) discover
[0.890s] DEBUG:colcon.colcon_installed_package_information.package_discovery:Found 308 installed packages in /opt/ros/foxy
[0.893s] Level 1:colcon.colcon_core.package_discovery:discover_packages(prefix_path) using defaults
[1.052s] Level 5:colcon.colcon_core.verb:set package 'can_interfaces' build argument 'cmake_args' from command line to '['-DCMAKE_EXPORT_COMPILE_COMMANDS=On']'
[1.052s] Level 5:colcon.colcon_core.verb:set package 'can_interfaces' build argument 'cmake_target' from command line to 'None'
[1.052s] Level 5:colcon.colcon_core.verb:set package 'can_interfaces' build argument 'cmake_target_skip_unavailable' from command line to 'False'
[1.052s] Level 5:colcon.colcon_core.verb:set package 'can_interfaces' build argument 'cmake_clean_cache' from command line to 'False'
[1.052s] Level 5:colcon.colcon_core.verb:set package 'can_interfaces' build argument 'cmake_clean_first' from command line to 'False'
[1.052s] Level 5:colcon.colcon_core.verb:set package 'can_interfaces' build argument 'cmake_force_configure' from command line to 'False'
[1.052s] Level 5:colcon.colcon_core.verb:set package 'can_interfaces' build argument 'ament_cmake_args' from command line to 'None'
[1.052s] Level 5:colcon.colcon_core.verb:set package 'can_interfaces' build argument 'catkin_cmake_args' from command line to 'None'
[1.052s] Level 5:colcon.colcon_core.verb:set package 'can_interfaces' build argument 'catkin_skip_building_tests' from command line to 'False'
[1.052s] DEBUG:colcon.colcon_core.verb:Building package 'can_interfaces' with the following arguments: {'ament_cmake_args': None, 'build_base': '/home/xinchen/Dev/Meta-ROS/build/can_interfaces', 'catkin_cmake_args': None, 'catkin_skip_building_tests': False, 'cmake_args': ['-DCMAKE_EXPORT_COMPILE_COMMANDS=On'], 'cmake_clean_cache': False, 'cmake_clean_first': False, 'cmake_force_configure': False, 'cmake_target': None, 'cmake_target_skip_unavailable': False, 'install_base': '/home/xinchen/Dev/Meta-ROS/install/can_interfaces', 'merge_install': False, 'path': '/home/xinchen/Dev/Meta-ROS/src/can_interfaces', 'symlink_install': False, 'test_result_base': None}
[1.056s] Level 5:colcon.colcon_core.verb:set package 'lidar_driver' build argument 'cmake_args' from command line to '['-DCMAKE_EXPORT_COMPILE_COMMANDS=On']'
[1.056s] Level 5:colcon.colcon_core.verb:set package 'lidar_driver' build argument 'cmake_target' from command line to 'None'
[1.056s] Level 5:colcon.colcon_core.verb:set package 'lidar_driver' build argument 'cmake_target_skip_unavailable' from command line to 'False'
[1.056s] Level 5:colcon.colcon_core.verb:set package 'lidar_driver' build argument 'cmake_clean_cache' from command line to 'False'
[1.056s] Level 5:colcon.colcon_core.verb:set package 'lidar_driver' build argument 'cmake_clean_first' from command line to 'False'
[1.056s] Level 5:colcon.colcon_core.verb:set package 'lidar_driver' build argument 'cmake_force_configure' from command line to 'False'
[1.056s] Level 5:colcon.colcon_core.verb:set package 'lidar_driver' build argument 'ament_cmake_args' from command line to 'None'
[1.056s] Level 5:colcon.colcon_core.verb:set package 'lidar_driver' build argument 'catkin_cmake_args' from command line to 'None'
[1.056s] Level 5:colcon.colcon_core.verb:set package 'lidar_driver' build argument 'catkin_skip_building_tests' from command line to 'False'
[1.056s] DEBUG:colcon.colcon_core.verb:Building package 'lidar_driver' with the following arguments: {'ament_cmake_args': None, 'build_base': '/home/xinchen/Dev/Meta-ROS/build/lidar_driver', 'catkin_cmake_args': None, 'catkin_skip_building_tests': False, 'cmake_args': ['-DCMAKE_EXPORT_COMPILE_COMMANDS=On'], 'cmake_clean_cache': False, 'cmake_clean_first': False, 'cmake_force_configure': False, 'cmake_target': None, 'cmake_target_skip_unavailable': False, 'install_base': '/home/xinchen/Dev/Meta-ROS/install/lidar_driver', 'merge_install': False, 'path': '/home/xinchen/Dev/Meta-ROS/src/lidar_driver', 'symlink_install': False, 'test_result_base': None}
[1.059s] Level 5:colcon.colcon_core.verb:set package 'can_driver' build argument 'cmake_args' from command line to '['-DCMAKE_EXPORT_COMPILE_COMMANDS=On']'
[1.059s] Level 5:colcon.colcon_core.verb:set package 'can_driver' build argument 'cmake_target' from command line to 'None'
[1.059s] Level 5:colcon.colcon_core.verb:set package 'can_driver' build argument 'cmake_target_skip_unavailable' from command line to 'False'
[1.059s] Level 5:colcon.colcon_core.verb:set package 'can_driver' build argument 'cmake_clean_cache' from command line to 'False'
[1.059s] Level 5:colcon.colcon_core.verb:set package 'can_driver' build argument 'cmake_clean_first' from command line to 'False'
[1.059s] Level 5:colcon.colcon_core.verb:set package 'can_driver' build argument 'cmake_force_configure' from command line to 'False'
[1.059s] Level 5:colcon.colcon_core.verb:set package 'can_driver' build argument 'ament_cmake_args' from command line to 'None'
[1.059s] Level 5:colcon.colcon_core.verb:set package 'can_driver' build argument 'catkin_cmake_args' from command line to 'None'
[1.060s] Level 5:colcon.colcon_core.verb:set package 'can_driver' build argument 'catkin_skip_building_tests' from command line to 'False'
[1.060s] DEBUG:colcon.colcon_core.verb:Building package 'can_driver' with the following arguments: {'ament_cmake_args': None, 'build_base': '/home/xinchen/Dev/Meta-ROS/build/can_driver', 'catkin_cmake_args': None, 'catkin_skip_building_tests': False, 'cmake_args': ['-DCMAKE_EXPORT_COMPILE_COMMANDS=On'], 'cmake_clean_cache': False, 'cmake_clean_first': False, 'cmake_force_configure': False, 'cmake_target': None, 'cmake_target_skip_unavailable': False, 'install_base': '/home/xinchen/Dev/Meta-ROS/install/can_driver', 'merge_install': False, 'path': '/home/xinchen/Dev/Meta-ROS/src/can_driver', 'symlink_install': False, 'test_result_base': None}
[1.062s] INFO:colcon.colcon_core.executor:Executing jobs using 'parallel' executor
[1.074s] DEBUG:colcon.colcon_parallel_executor.executor.parallel:run_until_complete
[1.074s] INFO:colcon.colcon_ros.task.ament_cmake.build:Building ROS package in '/home/xinchen/Dev/Meta-ROS/src/can_interfaces' with build type 'ament_cmake'
[1.075s] INFO:colcon.colcon_cmake.task.cmake.build:Building CMake package in '/home/xinchen/Dev/Meta-ROS/src/can_interfaces'
[1.088s] INFO:colcon.colcon_core.plugin_system:Skipping extension 'colcon_core.shell.bat': Not used on non-Windows systems
[1.089s] INFO:colcon.colcon_core.shell:Skip shell extension 'powershell' for command environment: Not usable outside of PowerShell
[1.089s] DEBUG:colcon.colcon_core.shell:Skip shell extension 'dsv' for command environment
[1.106s] INFO:colcon.colcon_ros.task.ament_cmake.build:Building ROS package in '/home/xinchen/Dev/Meta-ROS/src/lidar_driver' with build type 'ament_cmake'
[1.108s] INFO:colcon.colcon_cmake.task.cmake.build:Building CMake package in '/home/xinchen/Dev/Meta-ROS/src/lidar_driver'
[1.117s] INFO:colcon.colcon_core.shell:Skip shell extension 'powershell' for command environment: Not usable outside of PowerShell
[1.117s] DEBUG:colcon.colcon_core.shell:Skip shell extension 'dsv' for command environment
[1.148s] DEBUG:colcon.colcon_core.event_handler.log_command:Invoking command in '/home/xinchen/Dev/Meta-ROS/build/can_interfaces': CMAKE_PREFIX_PATH=/opt/ros/foxy /usr/bin/cmake --build /home/xinchen/Dev/Meta-ROS/build/can_interfaces -- -j6 -l6
[1.168s] DEBUG:colcon.colcon_core.event_handler.log_command:Invoking command in '/home/xinchen/Dev/Meta-ROS/build/lidar_driver': CMAKE_PREFIX_PATH=/opt/ros/foxy /usr/bin/cmake /home/xinchen/Dev/Meta-ROS/src/lidar_driver -DCMAKE_EXPORT_COMPILE_COMMANDS=On -DCMAKE_INSTALL_PREFIX=/home/xinchen/Dev/Meta-ROS/install/lidar_driver
[1.711s] DEBUG:colcon.colcon_core.event_handler.log_command:Invoked command in '/home/xinchen/Dev/Meta-ROS/build/can_interfaces' returned '0': CMAKE_PREFIX_PATH=/opt/ros/foxy /usr/bin/cmake --build /home/xinchen/Dev/Meta-ROS/build/can_interfaces -- -j6 -l6
[1.914s] DEBUG:colcon.colcon_core.event_handler.log_command:Invoking command in '/home/xinchen/Dev/Meta-ROS/build/can_interfaces': CMAKE_PREFIX_PATH=/opt/ros/foxy /usr/bin/cmake --install /home/xinchen/Dev/Meta-ROS/build/can_interfaces
[2.039s] Level 1:colcon.colcon_core.environment:create_environment_scripts_only(can_interfaces)
[2.045s] DEBUG:colcon.colcon_core.event_handler.log_command:Invoked command in '/home/xinchen/Dev/Meta-ROS/build/can_interfaces' returned '0': CMAKE_PREFIX_PATH=/opt/ros/foxy /usr/bin/cmake --install /home/xinchen/Dev/Meta-ROS/build/can_interfaces
[2.058s] Level 1:colcon.colcon_core.environment:checking '/home/xinchen/Dev/Meta-ROS/install/can_interfaces' for CMake module files
[2.063s] Level 1:colcon.colcon_core.environment:checking '/home/xinchen/Dev/Meta-ROS/install/can_interfaces' for CMake config files
[2.064s] Level 1:colcon.colcon_core.shell:create_environment_hook('can_interfaces', 'cmake_prefix_path')
[2.069s] INFO:colcon.colcon_core.shell:Creating environment hook '/home/xinchen/Dev/Meta-ROS/install/can_interfaces/share/can_interfaces/hook/cmake_prefix_path.ps1'
[2.071s] INFO:colcon.colcon_core.shell:Creating environment descriptor '/home/xinchen/Dev/Meta-ROS/install/can_interfaces/share/can_interfaces/hook/cmake_prefix_path.dsv'
[2.072s] INFO:colcon.colcon_core.shell:Creating environment hook '/home/xinchen/Dev/Meta-ROS/install/can_interfaces/share/can_interfaces/hook/cmake_prefix_path.sh'
[2.074s] Level 1:colcon.colcon_core.environment:checking '/home/xinchen/Dev/Meta-ROS/install/can_interfaces/lib'
[2.074s] Level 1:colcon.colcon_core.shell:create_environment_hook('can_interfaces', 'ld_library_path_lib')
[2.079s] INFO:colcon.colcon_core.shell:Creating environment hook '/home/xinchen/Dev/Meta-ROS/install/can_interfaces/share/can_interfaces/hook/ld_library_path_lib.ps1'
[2.081s] INFO:colcon.colcon_core.shell:Creating environment descriptor '/home/xinchen/Dev/Meta-ROS/install/can_interfaces/share/can_interfaces/hook/ld_library_path_lib.dsv'
[2.082s] INFO:colcon.colcon_core.shell:Creating environment hook '/home/xinchen/Dev/Meta-ROS/install/can_interfaces/share/can_interfaces/hook/ld_library_path_lib.sh'
[2.082s] Level 1:colcon.colcon_core.environment:checking '/home/xinchen/Dev/Meta-ROS/install/can_interfaces/bin'
[2.083s] Level 1:colcon.colcon_core.environment:checking '/home/xinchen/Dev/Meta-ROS/install/can_interfaces/lib/pkgconfig/can_interfaces.pc'
[2.083s] Level 1:colcon.colcon_core.environment:checking '/home/xinchen/Dev/Meta-ROS/install/can_interfaces/lib/python3.8/site-packages'
[2.083s] Level 1:colcon.colcon_core.shell:create_environment_hook('can_interfaces', 'pythonpath')
[2.088s] INFO:colcon.colcon_core.shell:Creating environment hook '/home/xinchen/Dev/Meta-ROS/install/can_interfaces/share/can_interfaces/hook/pythonpath.ps1'
[2.090s] INFO:colcon.colcon_core.shell:Creating environment descriptor '/home/xinchen/Dev/Meta-ROS/install/can_interfaces/share/can_interfaces/hook/pythonpath.dsv'
[2.091s] INFO:colcon.colcon_core.shell:Creating environment hook '/home/xinchen/Dev/Meta-ROS/install/can_interfaces/share/can_interfaces/hook/pythonpath.sh'
[2.092s] Level 1:colcon.colcon_core.environment:checking '/home/xinchen/Dev/Meta-ROS/install/can_interfaces/bin'
[2.097s] INFO:colcon.colcon_core.shell:Creating package script '/home/xinchen/Dev/Meta-ROS/install/can_interfaces/share/can_interfaces/package.ps1'
[2.100s] INFO:colcon.colcon_core.shell:Creating package descriptor '/home/xinchen/Dev/Meta-ROS/install/can_interfaces/share/can_interfaces/package.dsv'
[2.101s] INFO:colcon.colcon_core.shell:Creating package script '/home/xinchen/Dev/Meta-ROS/install/can_interfaces/share/can_interfaces/package.sh'
[2.102s] INFO:colcon.colcon_core.shell:Creating package script '/home/xinchen/Dev/Meta-ROS/install/can_interfaces/share/can_interfaces/package.bash'
[2.104s] INFO:colcon.colcon_core.shell:Creating package script '/home/xinchen/Dev/Meta-ROS/install/can_interfaces/share/can_interfaces/package.zsh'
[2.105s] Level 1:colcon.colcon_core.environment:create_file_with_runtime_dependencies(/home/xinchen/Dev/Meta-ROS/install/can_interfaces/share/colcon-core/packages/can_interfaces)
[2.223s] DEBUG:colcon.colcon_core.event_handler.log_command:Invoked command in '/home/xinchen/Dev/Meta-ROS/build/lidar_driver' returned '0': CMAKE_PREFIX_PATH=/opt/ros/foxy /usr/bin/cmake /home/xinchen/Dev/Meta-ROS/src/lidar_driver -DCMAKE_EXPORT_COMPILE_COMMANDS=On -DCMAKE_INSTALL_PREFIX=/home/xinchen/Dev/Meta-ROS/install/lidar_driver
[2.230s] DEBUG:colcon.colcon_core.event_handler.log_command:Invoking command in '/home/xinchen/Dev/Meta-ROS/build/lidar_driver': CMAKE_PREFIX_PATH=/opt/ros/foxy /usr/bin/cmake --build /home/xinchen/Dev/Meta-ROS/build/lidar_driver -- -j6 -l6
[2.282s] Level 1:colcon.colcon_core.environment:create_environment_scripts_only(can_interfaces)
[2.290s] Level 1:colcon.colcon_core.environment:checking '/home/xinchen/Dev/Meta-ROS/install/can_interfaces' for CMake module files
[2.292s] Level 1:colcon.colcon_core.environment:checking '/home/xinchen/Dev/Meta-ROS/install/can_interfaces' for CMake config files
[2.293s] Level 1:colcon.colcon_core.shell:create_environment_hook('can_interfaces', 'cmake_prefix_path')
[2.298s] INFO:colcon.colcon_core.shell:Creating environment hook '/home/xinchen/Dev/Meta-ROS/install/can_interfaces/share/can_interfaces/hook/cmake_prefix_path.ps1'
[2.299s] INFO:colcon.colcon_core.shell:Creating environment descriptor '/home/xinchen/Dev/Meta-ROS/install/can_interfaces/share/can_interfaces/hook/cmake_prefix_path.dsv'
[2.300s] INFO:colcon.colcon_core.shell:Creating environment hook '/home/xinchen/Dev/Meta-ROS/install/can_interfaces/share/can_interfaces/hook/cmake_prefix_path.sh'
[2.301s] Level 1:colcon.colcon_core.environment:checking '/home/xinchen/Dev/Meta-ROS/install/can_interfaces/lib'
[2.301s] Level 1:colcon.colcon_core.shell:create_environment_hook('can_interfaces', 'ld_library_path_lib')
[2.306s] INFO:colcon.colcon_core.shell:Creating environment hook '/home/xinchen/Dev/Meta-ROS/install/can_interfaces/share/can_interfaces/hook/ld_library_path_lib.ps1'
[2.307s] INFO:colcon.colcon_core.shell:Creating environment descriptor '/home/xinchen/Dev/Meta-ROS/install/can_interfaces/share/can_interfaces/hook/ld_library_path_lib.dsv'
[2.308s] INFO:colcon.colcon_core.shell:Creating environment hook '/home/xinchen/Dev/Meta-ROS/install/can_interfaces/share/can_interfaces/hook/ld_library_path_lib.sh'
[2.309s] Level 1:colcon.colcon_core.environment:checking '/home/xinchen/Dev/Meta-ROS/install/can_interfaces/bin'
[2.309s] Level 1:colcon.colcon_core.environment:checking '/home/xinchen/Dev/Meta-ROS/install/can_interfaces/lib/pkgconfig/can_interfaces.pc'
[2.310s] Level 1:colcon.colcon_core.environment:checking '/home/xinchen/Dev/Meta-ROS/install/can_interfaces/lib/python3.8/site-packages'
[2.310s] Level 1:colcon.colcon_core.shell:create_environment_hook('can_interfaces', 'pythonpath')
[2.315s] INFO:colcon.colcon_core.shell:Creating environment hook '/home/xinchen/Dev/Meta-ROS/install/can_interfaces/share/can_interfaces/hook/pythonpath.ps1'
[2.316s] INFO:colcon.colcon_core.shell:Creating environment descriptor '/home/xinchen/Dev/Meta-ROS/install/can_interfaces/share/can_interfaces/hook/pythonpath.dsv'
[2.317s] INFO:colcon.colcon_core.shell:Creating environment hook '/home/xinchen/Dev/Meta-ROS/install/can_interfaces/share/can_interfaces/hook/pythonpath.sh'
[2.318s] Level 1:colcon.colcon_core.environment:checking '/home/xinchen/Dev/Meta-ROS/install/can_interfaces/bin'
[2.323s] INFO:colcon.colcon_core.shell:Creating package script '/home/xinchen/Dev/Meta-ROS/install/can_interfaces/share/can_interfaces/package.ps1'
[2.325s] INFO:colcon.colcon_core.shell:Creating package descriptor '/home/xinchen/Dev/Meta-ROS/install/can_interfaces/share/can_interfaces/package.dsv'
[2.326s] INFO:colcon.colcon_core.shell:Creating package script '/home/xinchen/Dev/Meta-ROS/install/can_interfaces/share/can_interfaces/package.sh'
[2.327s] INFO:colcon.colcon_core.shell:Creating package script '/home/xinchen/Dev/Meta-ROS/install/can_interfaces/share/can_interfaces/package.bash'
[2.327s] INFO:colcon.colcon_core.shell:Creating package script '/home/xinchen/Dev/Meta-ROS/install/can_interfaces/share/can_interfaces/package.zsh'
[2.328s] Level 1:colcon.colcon_core.environment:create_file_with_runtime_dependencies(/home/xinchen/Dev/Meta-ROS/install/can_interfaces/share/colcon-core/packages/can_interfaces)
[2.330s] INFO:colcon.colcon_ros.task.ament_cmake.build:Building ROS package in '/home/xinchen/Dev/Meta-ROS/src/can_driver' with build type 'ament_cmake'
[2.331s] INFO:colcon.colcon_cmake.task.cmake.build:Building CMake package in '/home/xinchen/Dev/Meta-ROS/src/can_driver'
[2.336s] INFO:colcon.colcon_core.shell:Skip shell extension 'powershell' for command environment: Not usable outside of PowerShell
[2.336s] DEBUG:colcon.colcon_core.shell:Skip shell extension 'dsv' for command environment
[2.354s] DEBUG:colcon.colcon_core.event_handler.log_command:Invoked command in '/home/xinchen/Dev/Meta-ROS/build/lidar_driver' returned '0': CMAKE_PREFIX_PATH=/opt/ros/foxy /usr/bin/cmake --build /home/xinchen/Dev/Meta-ROS/build/lidar_driver -- -j6 -l6
[2.374s] DEBUG:colcon.colcon_core.event_handler.log_command:Invoking command in '/home/xinchen/Dev/Meta-ROS/build/can_driver': AMENT_PREFIX_PATH=/home/xinchen/Dev/Meta-ROS/install/can_interfaces:${AMENT_PREFIX_PATH} CMAKE_PREFIX_PATH=/home/xinchen/Dev/Meta-ROS/install/can_interfaces:/opt/ros/foxy LD_LIBRARY_PATH=/home/xinchen/Dev/Meta-ROS/install/can_interfaces/lib:${LD_LIBRARY_PATH} PYTHONPATH=/home/xinchen/Dev/Meta-ROS/install/can_interfaces/lib/python3.8/site-packages:${PYTHONPATH} /usr/bin/cmake --build /home/xinchen/Dev/Meta-ROS/build/can_driver -- -j6 -l6
[2.418s] DEBUG:colcon.colcon_core.event_handler.log_command:Invoking command in '/home/xinchen/Dev/Meta-ROS/build/lidar_driver': CMAKE_PREFIX_PATH=/opt/ros/foxy /usr/bin/cmake --install /home/xinchen/Dev/Meta-ROS/build/lidar_driver
[2.447s] Level 1:colcon.colcon_core.environment:create_environment_scripts_only(lidar_driver)
[2.455s] Level 1:colcon.colcon_core.environment:checking '/home/xinchen/Dev/Meta-ROS/install/lidar_driver' for CMake module files
[2.456s] DEBUG:colcon.colcon_core.event_handler.log_command:Invoked command in '/home/xinchen/Dev/Meta-ROS/build/lidar_driver' returned '0': CMAKE_PREFIX_PATH=/opt/ros/foxy /usr/bin/cmake --install /home/xinchen/Dev/Meta-ROS/build/lidar_driver
[2.457s] Level 1:colcon.colcon_core.environment:checking '/home/xinchen/Dev/Meta-ROS/install/lidar_driver' for CMake config files
[2.457s] Level 1:colcon.colcon_core.shell:create_environment_hook('lidar_driver', 'cmake_prefix_path')
[2.463s] INFO:colcon.colcon_core.shell:Creating environment hook '/home/xinchen/Dev/Meta-ROS/install/lidar_driver/share/lidar_driver/hook/cmake_prefix_path.ps1'
[2.464s] INFO:colcon.colcon_core.shell:Creating environment descriptor '/home/xinchen/Dev/Meta-ROS/install/lidar_driver/share/lidar_driver/hook/cmake_prefix_path.dsv'
[2.465s] INFO:colcon.colcon_core.shell:Creating environment hook '/home/xinchen/Dev/Meta-ROS/install/lidar_driver/share/lidar_driver/hook/cmake_prefix_path.sh'
[2.466s] Level 1:colcon.colcon_core.environment:checking '/home/xinchen/Dev/Meta-ROS/install/lidar_driver/bin'
[2.466s] Level 1:colcon.colcon_core.environment:checking '/home/xinchen/Dev/Meta-ROS/install/lidar_driver/lib/pkgconfig/lidar_driver.pc'
[2.467s] Level 1:colcon.colcon_core.environment:checking '/home/xinchen/Dev/Meta-ROS/install/lidar_driver/lib/python3.8/site-packages'
[2.467s] Level 1:colcon.colcon_core.environment:checking '/home/xinchen/Dev/Meta-ROS/install/lidar_driver/bin'
[2.472s] INFO:colcon.colcon_core.shell:Creating package script '/home/xinchen/Dev/Meta-ROS/install/lidar_driver/share/lidar_driver/package.ps1'
[2.473s] INFO:colcon.colcon_core.shell:Creating package descriptor '/home/xinchen/Dev/Meta-ROS/install/lidar_driver/share/lidar_driver/package.dsv'
[2.474s] INFO:colcon.colcon_core.shell:Creating package script '/home/xinchen/Dev/Meta-ROS/install/lidar_driver/share/lidar_driver/package.sh'
[2.475s] INFO:colcon.colcon_core.shell:Creating package script '/home/xinchen/Dev/Meta-ROS/install/lidar_driver/share/lidar_driver/package.bash'
[2.475s] INFO:colcon.colcon_core.shell:Creating package script '/home/xinchen/Dev/Meta-ROS/install/lidar_driver/share/lidar_driver/package.zsh'
[2.476s] Level 1:colcon.colcon_core.environment:create_file_with_runtime_dependencies(/home/xinchen/Dev/Meta-ROS/install/lidar_driver/share/colcon-core/packages/lidar_driver)
[2.532s] Level 1:colcon.colcon_core.environment:create_environment_scripts_only(lidar_driver)
[2.540s] Level 1:colcon.colcon_core.environment:checking '/home/xinchen/Dev/Meta-ROS/install/lidar_driver' for CMake module files
[2.541s] Level 1:colcon.colcon_core.environment:checking '/home/xinchen/Dev/Meta-ROS/install/lidar_driver' for CMake config files
[2.542s] Level 1:colcon.colcon_core.shell:create_environment_hook('lidar_driver', 'cmake_prefix_path')
[2.547s] INFO:colcon.colcon_core.shell:Creating environment hook '/home/xinchen/Dev/Meta-ROS/install/lidar_driver/share/lidar_driver/hook/cmake_prefix_path.ps1'
[2.548s] INFO:colcon.colcon_core.shell:Creating environment descriptor '/home/xinchen/Dev/Meta-ROS/install/lidar_driver/share/lidar_driver/hook/cmake_prefix_path.dsv'
[2.549s] INFO:colcon.colcon_core.shell:Creating environment hook '/home/xinchen/Dev/Meta-ROS/install/lidar_driver/share/lidar_driver/hook/cmake_prefix_path.sh'
[2.550s] Level 1:colcon.colcon_core.environment:checking '/home/xinchen/Dev/Meta-ROS/install/lidar_driver/bin'
[2.550s] Level 1:colcon.colcon_core.environment:checking '/home/xinchen/Dev/Meta-ROS/install/lidar_driver/lib/pkgconfig/lidar_driver.pc'
[2.550s] Level 1:colcon.colcon_core.environment:checking '/home/xinchen/Dev/Meta-ROS/install/lidar_driver/lib/python3.8/site-packages'
[2.551s] Level 1:colcon.colcon_core.environment:checking '/home/xinchen/Dev/Meta-ROS/install/lidar_driver/bin'
[2.556s] INFO:colcon.colcon_core.shell:Creating package script '/home/xinchen/Dev/Meta-ROS/install/lidar_driver/share/lidar_driver/package.ps1'
[2.557s] INFO:colcon.colcon_core.shell:Creating package descriptor '/home/xinchen/Dev/Meta-ROS/install/lidar_driver/share/lidar_driver/package.dsv'
[2.558s] INFO:colcon.colcon_core.shell:Creating package script '/home/xinchen/Dev/Meta-ROS/install/lidar_driver/share/lidar_driver/package.sh'
[2.559s] INFO:colcon.colcon_core.shell:Creating package script '/home/xinchen/Dev/Meta-ROS/install/lidar_driver/share/lidar_driver/package.bash'
[2.559s] INFO:colcon.colcon_core.shell:Creating package script '/home/xinchen/Dev/Meta-ROS/install/lidar_driver/share/lidar_driver/package.zsh'
[2.560s] Level 1:colcon.colcon_core.environment:create_file_with_runtime_dependencies(/home/xinchen/Dev/Meta-ROS/install/lidar_driver/share/colcon-core/packages/lidar_driver)
[2.570s] DEBUG:colcon.colcon_core.event_handler.log_command:Invoked command in '/home/xinchen/Dev/Meta-ROS/build/can_driver' returned '0': AMENT_PREFIX_PATH=/home/xinchen/Dev/Meta-ROS/install/can_interfaces:${AMENT_PREFIX_PATH} CMAKE_PREFIX_PATH=/home/xinchen/Dev/Meta-ROS/install/can_interfaces:/opt/ros/foxy LD_LIBRARY_PATH=/home/xinchen/Dev/Meta-ROS/install/can_interfaces/lib:${LD_LIBRARY_PATH} PYTHONPATH=/home/xinchen/Dev/Meta-ROS/install/can_interfaces/lib/python3.8/site-packages:${PYTHONPATH} /usr/bin/cmake --build /home/xinchen/Dev/Meta-ROS/build/can_driver -- -j6 -l6
[2.625s] DEBUG:colcon.colcon_core.event_handler.log_command:Invoking command in '/home/xinchen/Dev/Meta-ROS/build/can_driver': AMENT_PREFIX_PATH=/home/xinchen/Dev/Meta-ROS/install/can_interfaces:${AMENT_PREFIX_PATH} CMAKE_PREFIX_PATH=/home/xinchen/Dev/Meta-ROS/install/can_interfaces:/opt/ros/foxy LD_LIBRARY_PATH=/home/xinchen/Dev/Meta-ROS/install/can_interfaces/lib:${LD_LIBRARY_PATH} PYTHONPATH=/home/xinchen/Dev/Meta-ROS/install/can_interfaces/lib/python3.8/site-packages:${PYTHONPATH} /usr/bin/cmake --install /home/xinchen/Dev/Meta-ROS/build/can_driver
[2.652s] Level 1:colcon.colcon_core.environment:create_environment_scripts_only(can_driver)
[2.654s] DEBUG:colcon.colcon_core.event_handler.log_command:Invoked command in '/home/xinchen/Dev/Meta-ROS/build/can_driver' returned '0': AMENT_PREFIX_PATH=/home/xinchen/Dev/Meta-ROS/install/can_interfaces:${AMENT_PREFIX_PATH} CMAKE_PREFIX_PATH=/home/xinchen/Dev/Meta-ROS/install/can_interfaces:/opt/ros/foxy LD_LIBRARY_PATH=/home/xinchen/Dev/Meta-ROS/install/can_interfaces/lib:${LD_LIBRARY_PATH} PYTHONPATH=/home/xinchen/Dev/Meta-ROS/install/can_interfaces/lib/python3.8/site-packages:${PYTHONPATH} /usr/bin/cmake --install /home/xinchen/Dev/Meta-ROS/build/can_driver
[2.662s] Level 1:colcon.colcon_core.environment:checking '/home/xinchen/Dev/Meta-ROS/install/can_driver' for CMake module files
[2.663s] Level 1:colcon.colcon_core.environment:checking '/home/xinchen/Dev/Meta-ROS/install/can_driver' for CMake config files
[2.664s] Level 1:colcon.colcon_core.shell:create_environment_hook('can_driver', 'cmake_prefix_path')
[2.669s] INFO:colcon.colcon_core.shell:Creating environment hook '/home/xinchen/Dev/Meta-ROS/install/can_driver/share/can_driver/hook/cmake_prefix_path.ps1'
[2.670s] INFO:colcon.colcon_core.shell:Creating environment descriptor '/home/xinchen/Dev/Meta-ROS/install/can_driver/share/can_driver/hook/cmake_prefix_path.dsv'
[2.671s] INFO:colcon.colcon_core.shell:Creating environment hook '/home/xinchen/Dev/Meta-ROS/install/can_driver/share/can_driver/hook/cmake_prefix_path.sh'
[2.672s] Level 1:colcon.colcon_core.environment:checking '/home/xinchen/Dev/Meta-ROS/install/can_driver/bin'
[2.672s] Level 1:colcon.colcon_core.environment:checking '/home/xinchen/Dev/Meta-ROS/install/can_driver/lib/pkgconfig/can_driver.pc'
[2.673s] Level 1:colcon.colcon_core.environment:checking '/home/xinchen/Dev/Meta-ROS/install/can_driver/lib/python3.8/site-packages'
[2.673s] Level 1:colcon.colcon_core.environment:checking '/home/xinchen/Dev/Meta-ROS/install/can_driver/bin'
[2.678s] INFO:colcon.colcon_core.shell:Creating package script '/home/xinchen/Dev/Meta-ROS/install/can_driver/share/can_driver/package.ps1'
[2.679s] INFO:colcon.colcon_core.shell:Creating package descriptor '/home/xinchen/Dev/Meta-ROS/install/can_driver/share/can_driver/package.dsv'
[2.680s] INFO:colcon.colcon_core.shell:Creating package script '/home/xinchen/Dev/Meta-ROS/install/can_driver/share/can_driver/package.sh'
[2.681s] INFO:colcon.colcon_core.shell:Creating package script '/home/xinchen/Dev/Meta-ROS/install/can_driver/share/can_driver/package.bash'
[2.682s] INFO:colcon.colcon_core.shell:Creating package script '/home/xinchen/Dev/Meta-ROS/install/can_driver/share/can_driver/package.zsh'
[2.682s] Level 1:colcon.colcon_core.environment:create_file_with_runtime_dependencies(/home/xinchen/Dev/Meta-ROS/install/can_driver/share/colcon-core/packages/can_driver)
[2.744s] Level 1:colcon.colcon_core.environment:create_environment_scripts_only(can_driver)
[2.751s] Level 1:colcon.colcon_core.environment:checking '/home/xinchen/Dev/Meta-ROS/install/can_driver' for CMake module files
[2.752s] Level 1:colcon.colcon_core.environment:checking '/home/xinchen/Dev/Meta-ROS/install/can_driver' for CMake config files
[2.753s] Level 1:colcon.colcon_core.shell:create_environment_hook('can_driver', 'cmake_prefix_path')
[2.758s] INFO:colcon.colcon_core.shell:Creating environment hook '/home/xinchen/Dev/Meta-ROS/install/can_driver/share/can_driver/hook/cmake_prefix_path.ps1'
[2.759s] INFO:colcon.colcon_core.shell:Creating environment descriptor '/home/xinchen/Dev/Meta-ROS/install/can_driver/share/can_driver/hook/cmake_prefix_path.dsv'
[2.760s] INFO:colcon.colcon_core.shell:Creating environment hook '/home/xinchen/Dev/Meta-ROS/install/can_driver/share/can_driver/hook/cmake_prefix_path.sh'
[2.762s] Level 1:colcon.colcon_core.environment:checking '/home/xinchen/Dev/Meta-ROS/install/can_driver/bin'
[2.762s] Level 1:colcon.colcon_core.environment:checking '/home/xinchen/Dev/Meta-ROS/install/can_driver/lib/pkgconfig/can_driver.pc'
[2.762s] Level 1:colcon.colcon_core.environment:checking '/home/xinchen/Dev/Meta-ROS/install/can_driver/lib/python3.8/site-packages'
[2.763s] Level 1:colcon.colcon_core.environment:checking '/home/xinchen/Dev/Meta-ROS/install/can_driver/bin'
[2.769s] INFO:colcon.colcon_core.shell:Creating package script '/home/xinchen/Dev/Meta-ROS/install/can_driver/share/can_driver/package.ps1'
[2.770s] INFO:colcon.colcon_core.shell:Creating package descriptor '/home/xinchen/Dev/Meta-ROS/install/can_driver/share/can_driver/package.dsv'
[2.771s] INFO:colcon.colcon_core.shell:Creating package script '/home/xinchen/Dev/Meta-ROS/install/can_driver/share/can_driver/package.sh'
[2.772s] INFO:colcon.colcon_core.shell:Creating package script '/home/xinchen/Dev/Meta-ROS/install/can_driver/share/can_driver/package.bash'
[2.773s] INFO:colcon.colcon_core.shell:Creating package script '/home/xinchen/Dev/Meta-ROS/install/can_driver/share/can_driver/package.zsh'
[2.774s] Level 1:colcon.colcon_core.environment:create_file_with_runtime_dependencies(/home/xinchen/Dev/Meta-ROS/install/can_driver/share/colcon-core/packages/can_driver)
[2.775s] DEBUG:colcon.colcon_parallel_executor.executor.parallel:closing loop
[2.775s] DEBUG:colcon.colcon_parallel_executor.executor.parallel:loop closed
[2.776s] DEBUG:colcon.colcon_parallel_executor.executor.parallel:run_until_complete finished with '0'
[2.776s] DEBUG:colcon.colcon_core.event_reactor:joining thread
[2.790s] INFO:colcon.colcon_core.plugin_system:Skipping extension 'colcon_notification.desktop_notification.terminal_notifier': Not used on non-Darwin systems
[2.791s] INFO:colcon.colcon_core.plugin_system:Skipping extension 'colcon_notification.desktop_notification.win32': Not used on non-Windows systems
[2.791s] INFO:colcon.colcon_notification.desktop_notification:Sending desktop notification using 'notify2'
[2.817s] DEBUG:colcon.colcon_core.event_reactor:joined thread
[2.825s] INFO:colcon.colcon_core.shell:Creating prefix script '/home/xinchen/Dev/Meta-ROS/install/local_setup.ps1'
[2.828s] INFO:colcon.colcon_core.shell:Creating prefix util module '/home/xinchen/Dev/Meta-ROS/install/_local_setup_util_ps1.py'
[2.832s] INFO:colcon.colcon_core.shell:Creating prefix chain script '/home/xinchen/Dev/Meta-ROS/install/setup.ps1'
[2.837s] INFO:colcon.colcon_core.shell:Creating prefix script '/home/xinchen/Dev/Meta-ROS/install/local_setup.sh'
[2.838s] INFO:colcon.colcon_core.shell:Creating prefix util module '/home/xinchen/Dev/Meta-ROS/install/_local_setup_util_sh.py'
[2.840s] INFO:colcon.colcon_core.shell:Creating prefix chain script '/home/xinchen/Dev/Meta-ROS/install/setup.sh'
[2.844s] INFO:colcon.colcon_core.shell:Creating prefix script '/home/xinchen/Dev/Meta-ROS/install/local_setup.bash'
[2.845s] INFO:colcon.colcon_core.shell:Creating prefix chain script '/home/xinchen/Dev/Meta-ROS/install/setup.bash'
[2.848s] INFO:colcon.colcon_core.shell:Creating prefix script '/home/xinchen/Dev/Meta-ROS/install/local_setup.zsh'
[2.849s] INFO:colcon.colcon_core.shell:Creating prefix chain script '/home/xinchen/Dev/Meta-ROS/install/setup.zsh'
