[35m[1mScanning dependencies of target can_driver[0m
[ 33%] [32mBuilding CXX object CMakeFiles/can_driver.dir/src/can_data.cpp.o[0m
[01m[K/home/xinchen/Dev/Meta-ROS/src/can_driver/src/can_data.cpp:[m[K In function ‘[01m[Kvoid mit_interpreter(can_frame&)[m[K’:
[01m[K/home/xinchen/Dev/Meta-ROS/src/can_driver/src/can_data.cpp:3:33:[m[K [01;35m[Kwarning: [m[Kunused parameter ‘[01m[Kframe[m[K’ [[01;35m[K-Wunused-parameter[m[K]
    3 | void mit_interpreter([01;35m[Kcan_frame &frame[m[K)
      |                      [01;35m[K~~~~~~~~~~~^~~~~[m[K
[ 66%] [32m[1mLinking CXX executable can_driver[0m
[100%] Built target can_driver
-- Install configuration: ""
-- Up-to-date: /home/xinchen/Dev/Meta-ROS/install/can_driver/share/ament_index/resource_index/package_run_dependencies/can_driver
-- Up-to-date: /home/xinchen/Dev/Meta-ROS/install/can_driver/share/ament_index/resource_index/parent_prefix_path/can_driver
-- Up-to-date: /home/xinchen/Dev/Meta-ROS/install/can_driver/share/can_driver/environment/ament_prefix_path.sh
-- Installing: /home/xinchen/Dev/Meta-ROS/install/can_driver/share/can_driver/environment/ament_prefix_path.dsv
-- Up-to-date: /home/xinchen/Dev/Meta-ROS/install/can_driver/share/can_driver/environment/path.sh
-- Installing: /home/xinchen/Dev/Meta-ROS/install/can_driver/share/can_driver/environment/path.dsv
-- Up-to-date: /home/xinchen/Dev/Meta-ROS/install/can_driver/share/can_driver/local_setup.bash
-- Up-to-date: /home/xinchen/Dev/Meta-ROS/install/can_driver/share/can_driver/local_setup.sh
-- Up-to-date: /home/xinchen/Dev/Meta-ROS/install/can_driver/share/can_driver/local_setup.zsh
-- Installing: /home/xinchen/Dev/Meta-ROS/install/can_driver/share/can_driver/local_setup.dsv
-- Up-to-date: /home/xinchen/Dev/Meta-ROS/install/can_driver/share/can_driver/package.dsv
-- Up-to-date: /home/xinchen/Dev/Meta-ROS/install/can_driver/share/ament_index/resource_index/packages/can_driver
-- Up-to-date: /home/xinchen/Dev/Meta-ROS/install/can_driver/share/can_driver/cmake/can_driverConfig.cmake
-- Up-to-date: /home/xinchen/Dev/Meta-ROS/install/can_driver/share/can_driver/cmake/can_driverConfig-version.cmake
-- Up-to-date: /home/xinchen/Dev/Meta-ROS/install/can_driver/share/can_driver/package.xml
